<?xml version="1.0" encoding="UTF-8"?>
<testsuite name="dev.angzarr.examples.CucumberAcceptanceTest" tests="51" skipped="0" failures="48" errors="0" timestamp="2026-04-09T01:21:49" hostname="DESKTOP-GJ1OCQP" time="1.36">
  <properties/>
  <testcase name="Poker Game Flow - Register player and deposit funds" classname="dev.angzarr.examples.CucumberAcceptanceTest" time="0.947">
    <failure message="dev.angzarr.client.Errors$GrpcError: UNAVAILABLE: io exception" type="dev.angzarr.client.Errors$GrpcError">dev.angzarr.client.Errors$GrpcError: UNAVAILABLE: io exception
	at app//dev.angzarr.client.CommandHandlerClient.handleCommand(CommandHandlerClient.java:145)
	at app//dev.angzarr.examples.client.GrpcCommandClient.sendCommand(GrpcCommandClient.java:47)
	at app//dev.angzarr.examples.client.TestContext.sendCommand(TestContext.java:106)
	at app//dev.angzarr.examples.acceptance.AcceptancePlayerSteps.registerPlayer(AcceptancePlayerSteps.java:39)
	at ✽.I register player &quot;Alice&quot; with email &quot;alice@example.com&quot;(classpath:features/acceptance/poker_game.feature:41)
</failure>
  </testcase>
  <testcase name="Poker Game Flow - Create table and seat players" classname="dev.angzarr.examples.CucumberAcceptanceTest" time="0.019">
    <failure message="dev.angzarr.client.Errors$GrpcError: UNAVAILABLE: io exception" type="dev.angzarr.client.Errors$GrpcError">dev.angzarr.client.Errors$GrpcError: UNAVAILABLE: io exception
	at app//dev.angzarr.client.CommandHandlerClient.handleCommand(CommandHandlerClient.java:145)
	at app//dev.angzarr.examples.client.GrpcCommandClient.sendCommand(GrpcCommandClient.java:47)
	at app//dev.angzarr.examples.client.TestContext.sendCommand(TestContext.java:106)
	at app//dev.angzarr.examples.acceptance.AcceptancePlayerSteps.registeredPlayersWithBankroll(AcceptancePlayerSteps.java:76)
	at ✽.registered players with bankroll:(classpath:features/acceptance/poker_game.feature:55)
</failure>
  </testcase>
  <testcase name="Poker Game Flow - Player leaves table and recovers funds" classname="dev.angzarr.examples.CucumberAcceptanceTest" time="0.015">
    <failure message="dev.angzarr.client.Errors$GrpcError: UNAVAILABLE: io exception" type="dev.angzarr.client.Errors$GrpcError">dev.angzarr.client.Errors$GrpcError: UNAVAILABLE: io exception
	at app//dev.angzarr.client.CommandHandlerClient.handleCommand(CommandHandlerClient.java:145)
	at app//dev.angzarr.examples.client.GrpcCommandClient.sendCommand(GrpcCommandClient.java:47)
	at app//dev.angzarr.examples.client.TestContext.sendCommand(TestContext.java:106)
	at app//dev.angzarr.examples.acceptance.AcceptanceTableSteps.tableWithSeatedPlayers(AcceptanceTableSteps.java:86)
	at ✽.a table &quot;Main&quot; with seated players:(classpath:features/acceptance/poker_game.feature:68)
</failure>
  </testcase>
  <testcase name="Poker Game Flow - Complete heads-up hand with fold" classname="dev.angzarr.examples.CucumberAcceptanceTest" time="0.013">
    <failure message="dev.angzarr.client.Errors$GrpcError: UNAVAILABLE: io exception" type="dev.angzarr.client.Errors$GrpcError">dev.angzarr.client.Errors$GrpcError: UNAVAILABLE: io exception
	at app//dev.angzarr.client.CommandHandlerClient.handleCommand(CommandHandlerClient.java:145)
	at app//dev.angzarr.examples.client.GrpcCommandClient.sendCommand(GrpcCommandClient.java:47)
	at app//dev.angzarr.examples.client.TestContext.sendCommand(TestContext.java:106)
	at app//dev.angzarr.examples.acceptance.AcceptanceTableSteps.tableWithSeatedPlayers(AcceptanceTableSteps.java:86)
	at ✽.a table &quot;Main&quot; with seated players:(classpath:features/acceptance/poker_game.feature:86)
</failure>
  </testcase>
  <testcase name="Poker Game Flow - Complete hand through showdown" classname="dev.angzarr.examples.CucumberAcceptanceTest" time="0.012">
    <failure message="dev.angzarr.client.Errors$GrpcError: UNAVAILABLE: io exception" type="dev.angzarr.client.Errors$GrpcError">dev.angzarr.client.Errors$GrpcError: UNAVAILABLE: io exception
	at app//dev.angzarr.client.CommandHandlerClient.handleCommand(CommandHandlerClient.java:145)
	at app//dev.angzarr.examples.client.GrpcCommandClient.sendCommand(GrpcCommandClient.java:47)
	at app//dev.angzarr.examples.client.TestContext.sendCommand(TestContext.java:106)
	at app//dev.angzarr.examples.acceptance.AcceptanceTableSteps.tableWithSeatedPlayers(AcceptanceTableSteps.java:86)
	at ✽.a table &quot;Main&quot; with seated players:(classpath:features/acceptance/poker_game.feature:108)
</failure>
  </testcase>
  <testcase name="Poker Game Flow - Raise and re-raise sequence" classname="dev.angzarr.examples.CucumberAcceptanceTest" time="0.01">
    <failure message="dev.angzarr.client.Errors$GrpcError: UNAVAILABLE: io exception" type="dev.angzarr.client.Errors$GrpcError">dev.angzarr.client.Errors$GrpcError: UNAVAILABLE: io exception
	at app//dev.angzarr.client.CommandHandlerClient.handleCommand(CommandHandlerClient.java:145)
	at app//dev.angzarr.examples.client.GrpcCommandClient.sendCommand(GrpcCommandClient.java:47)
	at app//dev.angzarr.examples.client.TestContext.sendCommand(TestContext.java:106)
	at app//dev.angzarr.examples.acceptance.AcceptanceTableSteps.tableWithSeatedPlayers(AcceptanceTableSteps.java:86)
	at ✽.a table &quot;Main&quot; with seated players:(classpath:features/acceptance/poker_game.feature:138)
</failure>
  </testcase>
  <testcase name="Poker Game Flow - All-in and call" classname="dev.angzarr.examples.CucumberAcceptanceTest" time="0.012">
    <failure message="dev.angzarr.client.Errors$GrpcError: UNAVAILABLE: io exception" type="dev.angzarr.client.Errors$GrpcError">dev.angzarr.client.Errors$GrpcError: UNAVAILABLE: io exception
	at app//dev.angzarr.client.CommandHandlerClient.handleCommand(CommandHandlerClient.java:145)
	at app//dev.angzarr.examples.client.GrpcCommandClient.sendCommand(GrpcCommandClient.java:47)
	at app//dev.angzarr.examples.client.TestContext.sendCommand(TestContext.java:106)
	at app//dev.angzarr.examples.acceptance.AcceptanceTableSteps.tableWithSeatedPlayers(AcceptanceTableSteps.java:86)
	at ✽.a table &quot;Main&quot; with seated players:(classpath:features/acceptance/poker_game.feature:151)
</failure>
  </testcase>
  <testcase name="Poker Game Flow - Three player hand with one fold" classname="dev.angzarr.examples.CucumberAcceptanceTest" time="0.008">
    <failure message="dev.angzarr.client.Errors$GrpcError: UNAVAILABLE: io exception" type="dev.angzarr.client.Errors$GrpcError">dev.angzarr.client.Errors$GrpcError: UNAVAILABLE: io exception
	at app//dev.angzarr.client.CommandHandlerClient.handleCommand(CommandHandlerClient.java:145)
	at app//dev.angzarr.examples.client.GrpcCommandClient.sendCommand(GrpcCommandClient.java:47)
	at app//dev.angzarr.examples.client.TestContext.sendCommand(TestContext.java:106)
	at app//dev.angzarr.examples.acceptance.AcceptanceTableSteps.tableWithSeatedPlayers(AcceptanceTableSteps.java:86)
	at ✽.a table &quot;Main&quot; with seated players:(classpath:features/acceptance/poker_game.feature:169)
</failure>
  </testcase>
  <testcase name="Poker Game Flow - Side pot creation with all-in" classname="dev.angzarr.examples.CucumberAcceptanceTest" time="0.009">
    <failure message="dev.angzarr.client.Errors$GrpcError: UNAVAILABLE: io exception" type="dev.angzarr.client.Errors$GrpcError">dev.angzarr.client.Errors$GrpcError: UNAVAILABLE: io exception
	at app//dev.angzarr.client.CommandHandlerClient.handleCommand(CommandHandlerClient.java:145)
	at app//dev.angzarr.examples.client.GrpcCommandClient.sendCommand(GrpcCommandClient.java:47)
	at app//dev.angzarr.examples.client.TestContext.sendCommand(TestContext.java:106)
	at app//dev.angzarr.examples.acceptance.AcceptanceTableSteps.tableWithSeatedPlayers(AcceptanceTableSteps.java:86)
	at ✽.a table &quot;Main&quot; with seated players:(classpath:features/acceptance/poker_game.feature:185)
</failure>
  </testcase>
  <testcase name="Poker Game Flow - Five Card Draw with discard" classname="dev.angzarr.examples.CucumberAcceptanceTest" time="0.024">
    <failure message="dev.angzarr.client.Errors$GrpcError: UNAVAILABLE: io exception" type="dev.angzarr.client.Errors$GrpcError">dev.angzarr.client.Errors$GrpcError: UNAVAILABLE: io exception
	at app//dev.angzarr.client.CommandHandlerClient.handleCommand(CommandHandlerClient.java:145)
	at app//dev.angzarr.examples.client.GrpcCommandClient.sendCommand(GrpcCommandClient.java:47)
	at app//dev.angzarr.examples.client.TestContext.sendCommand(TestContext.java:106)
	at app//dev.angzarr.examples.acceptance.AcceptanceTableSteps.fiveCardDrawTable(AcceptanceTableSteps.java:182)
	at ✽.a Five Card Draw table &quot;Draw&quot; with blinds 5/10(classpath:features/acceptance/poker_game.feature:206)
</failure>
  </testcase>
  <testcase name="Poker Game Flow - Omaha deals 4 hole cards" classname="dev.angzarr.examples.CucumberAcceptanceTest" time="0.012">
    <failure message="dev.angzarr.client.Errors$GrpcError: UNAVAILABLE: io exception" type="dev.angzarr.client.Errors$GrpcError">dev.angzarr.client.Errors$GrpcError: UNAVAILABLE: io exception
	at app//dev.angzarr.client.CommandHandlerClient.handleCommand(CommandHandlerClient.java:145)
	at app//dev.angzarr.examples.client.GrpcCommandClient.sendCommand(GrpcCommandClient.java:47)
	at app//dev.angzarr.examples.client.TestContext.sendCommand(TestContext.java:106)
	at app//dev.angzarr.examples.acceptance.AcceptanceTableSteps.omahaTable(AcceptanceTableSteps.java:198)
	at ✽.an Omaha table &quot;Omaha&quot; with blinds 10/20(classpath:features/acceptance/poker_game.feature:223)
</failure>
  </testcase>
  <testcase name="Poker Game Flow - Player elimination" classname="dev.angzarr.examples.CucumberAcceptanceTest" time="0.009">
    <failure message="dev.angzarr.client.Errors$GrpcError: UNAVAILABLE: io exception" type="dev.angzarr.client.Errors$GrpcError">dev.angzarr.client.Errors$GrpcError: UNAVAILABLE: io exception
	at app//dev.angzarr.client.CommandHandlerClient.handleCommand(CommandHandlerClient.java:145)
	at app//dev.angzarr.examples.client.GrpcCommandClient.sendCommand(GrpcCommandClient.java:47)
	at app//dev.angzarr.examples.client.TestContext.sendCommand(TestContext.java:106)
	at app//dev.angzarr.examples.acceptance.AcceptanceTableSteps.tableWithSeatedPlayers(AcceptanceTableSteps.java:86)
	at ✽.a table &quot;Main&quot; with seated players:(classpath:features/acceptance/poker_game.feature:240)
</failure>
  </testcase>
  <testcase name="Poker Game Flow - Multiple hands with stack changes" classname="dev.angzarr.examples.CucumberAcceptanceTest" time="0.01">
    <failure message="dev.angzarr.client.Errors$GrpcError: UNAVAILABLE: io exception" type="dev.angzarr.client.Errors$GrpcError">dev.angzarr.client.Errors$GrpcError: UNAVAILABLE: io exception
	at app//dev.angzarr.client.CommandHandlerClient.handleCommand(CommandHandlerClient.java:145)
	at app//dev.angzarr.examples.client.GrpcCommandClient.sendCommand(GrpcCommandClient.java:47)
	at app//dev.angzarr.examples.client.TestContext.sendCommand(TestContext.java:106)
	at app//dev.angzarr.examples.acceptance.AcceptanceTableSteps.tableWithSeatedPlayers(AcceptanceTableSteps.java:86)
	at ✽.a table &quot;Main&quot; with seated players:(classpath:features/acceptance/poker_game.feature:255)
</failure>
  </testcase>
  <testcase name="Poker Game Flow - HandStarted triggers DealCards via saga" classname="dev.angzarr.examples.CucumberAcceptanceTest" time="0.008">
    <failure message="dev.angzarr.client.Errors$GrpcError: UNAVAILABLE: io exception" type="dev.angzarr.client.Errors$GrpcError">dev.angzarr.client.Errors$GrpcError: UNAVAILABLE: io exception
	at app//dev.angzarr.client.CommandHandlerClient.handleCommand(CommandHandlerClient.java:145)
	at app//dev.angzarr.examples.client.GrpcCommandClient.sendCommand(GrpcCommandClient.java:47)
	at app//dev.angzarr.examples.client.TestContext.sendCommand(TestContext.java:106)
	at app//dev.angzarr.examples.acceptance.AcceptanceTableSteps.tableWithNSeatedPlayers(AcceptanceTableSteps.java:136)
	at ✽.a table &quot;Main&quot; with 2 seated players(classpath:features/acceptance/poker_game.feature:275)
</failure>
  </testcase>
  <testcase name="Poker Game Flow - HandComplete triggers EndHand via saga" classname="dev.angzarr.examples.CucumberAcceptanceTest" time="0.012">
    <failure message="dev.angzarr.client.Errors$GrpcError: UNAVAILABLE: io exception" type="dev.angzarr.client.Errors$GrpcError">dev.angzarr.client.Errors$GrpcError: UNAVAILABLE: io exception
	at app//dev.angzarr.client.CommandHandlerClient.handleCommand(CommandHandlerClient.java:145)
	at app//dev.angzarr.examples.client.GrpcCommandClient.sendCommand(GrpcCommandClient.java:47)
	at app//dev.angzarr.examples.client.TestContext.sendCommand(TestContext.java:106)
	at app//dev.angzarr.examples.acceptance.AcceptanceTableSteps.tableWithNSeatedPlayers(AcceptanceTableSteps.java:136)
	at app//dev.angzarr.examples.acceptance.AcceptanceTableSteps.tableWithActiveHand(AcceptanceTableSteps.java:166)
	at ✽.a table &quot;Main&quot; with an active hand(classpath:features/acceptance/poker_game.feature:285)
</failure>
  </testcase>
  <testcase name="Poker Game Flow - Reject action from wrong player" classname="dev.angzarr.examples.CucumberAcceptanceTest" time="0.006">
    <failure message="dev.angzarr.client.Errors$GrpcError: UNAVAILABLE: io exception" type="dev.angzarr.client.Errors$GrpcError">dev.angzarr.client.Errors$GrpcError: UNAVAILABLE: io exception
	at app//dev.angzarr.client.CommandHandlerClient.handleCommand(CommandHandlerClient.java:145)
	at app//dev.angzarr.examples.client.GrpcCommandClient.sendCommand(GrpcCommandClient.java:47)
	at app//dev.angzarr.examples.client.TestContext.sendCommand(TestContext.java:106)
	at app//dev.angzarr.examples.acceptance.AcceptanceTableSteps.tableWithSeatedPlayers(AcceptanceTableSteps.java:86)
	at ✽.a table &quot;Main&quot; with seated players:(classpath:features/acceptance/poker_game.feature:301)
</failure>
  </testcase>
  <testcase name="Poker Game Flow - Reject invalid bet amount" classname="dev.angzarr.examples.CucumberAcceptanceTest" time="0.005">
    <failure message="dev.angzarr.client.Errors$GrpcError: UNAVAILABLE: io exception" type="dev.angzarr.client.Errors$GrpcError">dev.angzarr.client.Errors$GrpcError: UNAVAILABLE: io exception
	at app//dev.angzarr.client.CommandHandlerClient.handleCommand(CommandHandlerClient.java:145)
	at app//dev.angzarr.examples.client.GrpcCommandClient.sendCommand(GrpcCommandClient.java:47)
	at app//dev.angzarr.examples.client.TestContext.sendCommand(TestContext.java:106)
	at app//dev.angzarr.examples.acceptance.AcceptanceTableSteps.tableWithNSeatedPlayers(AcceptanceTableSteps.java:136)
	at app//dev.angzarr.examples.acceptance.AcceptanceTableSteps.tableWithActiveHand(AcceptanceTableSteps.java:166)
	at ✽.a table &quot;Main&quot; with an active hand(classpath:features/acceptance/poker_game.feature:311)
</failure>
  </testcase>
  <testcase name="Poker Game Flow - Split pot when both players have identical hands" classname="dev.angzarr.examples.CucumberAcceptanceTest" time="0.006">
    <failure message="dev.angzarr.client.Errors$GrpcError: UNAVAILABLE: io exception" type="dev.angzarr.client.Errors$GrpcError">dev.angzarr.client.Errors$GrpcError: UNAVAILABLE: io exception
	at app//dev.angzarr.client.CommandHandlerClient.handleCommand(CommandHandlerClient.java:145)
	at app//dev.angzarr.examples.client.GrpcCommandClient.sendCommand(GrpcCommandClient.java:47)
	at app//dev.angzarr.examples.client.TestContext.sendCommand(TestContext.java:106)
	at app//dev.angzarr.examples.acceptance.AcceptanceTableSteps.tableWithSeatedPlayers(AcceptanceTableSteps.java:86)
	at ✽.a table &quot;Main&quot; with seated players:(classpath:features/acceptance/poker_game.feature:324)
</failure>
  </testcase>
  <testcase name="Poker Game Flow - Chopped board - community cards make the best hand" classname="dev.angzarr.examples.CucumberAcceptanceTest" time="0.006">
    <failure message="dev.angzarr.client.Errors$GrpcError: UNAVAILABLE: io exception" type="dev.angzarr.client.Errors$GrpcError">dev.angzarr.client.Errors$GrpcError: UNAVAILABLE: io exception
	at app//dev.angzarr.client.CommandHandlerClient.handleCommand(CommandHandlerClient.java:145)
	at app//dev.angzarr.examples.client.GrpcCommandClient.sendCommand(GrpcCommandClient.java:47)
	at app//dev.angzarr.examples.client.TestContext.sendCommand(TestContext.java:106)
	at app//dev.angzarr.examples.acceptance.AcceptanceTableSteps.tableWithSeatedPlayers(AcceptanceTableSteps.java:86)
	at ✽.a table &quot;Main&quot; with seated players:(classpath:features/acceptance/poker_game.feature:337)
</failure>
  </testcase>
  <testcase name="Poker Game Flow - Higher kicker wins with same pair" classname="dev.angzarr.examples.CucumberAcceptanceTest" time="0.007">
    <failure message="dev.angzarr.client.Errors$GrpcError: UNAVAILABLE: io exception" type="dev.angzarr.client.Errors$GrpcError">dev.angzarr.client.Errors$GrpcError: UNAVAILABLE: io exception
	at app//dev.angzarr.client.CommandHandlerClient.handleCommand(CommandHandlerClient.java:145)
	at app//dev.angzarr.examples.client.GrpcCommandClient.sendCommand(GrpcCommandClient.java:47)
	at app//dev.angzarr.examples.client.TestContext.sendCommand(TestContext.java:106)
	at app//dev.angzarr.examples.acceptance.AcceptanceTableSteps.tableWithSeatedPlayers(AcceptanceTableSteps.java:86)
	at ✽.a table &quot;Main&quot; with seated players:(classpath:features/acceptance/poker_game.feature:354)
</failure>
  </testcase>
  <testcase name="Poker Game Flow - Check-raise on the flop" classname="dev.angzarr.examples.CucumberAcceptanceTest" time="0.005">
    <failure message="dev.angzarr.client.Errors$GrpcError: UNAVAILABLE: io exception" type="dev.angzarr.client.Errors$GrpcError">dev.angzarr.client.Errors$GrpcError: UNAVAILABLE: io exception
	at app//dev.angzarr.client.CommandHandlerClient.handleCommand(CommandHandlerClient.java:145)
	at app//dev.angzarr.examples.client.GrpcCommandClient.sendCommand(GrpcCommandClient.java:47)
	at app//dev.angzarr.examples.client.TestContext.sendCommand(TestContext.java:106)
	at app//dev.angzarr.examples.acceptance.AcceptanceTableSteps.tableWithSeatedPlayers(AcceptanceTableSteps.java:86)
	at ✽.a table &quot;Main&quot; with seated players:(classpath:features/acceptance/poker_game.feature:374)
</failure>
  </testcase>
  <testcase name="Poker Game Flow - Heads-up blind posting - button is small blind" classname="dev.angzarr.examples.CucumberAcceptanceTest" time="0.005">
    <failure message="dev.angzarr.client.Errors$GrpcError: UNAVAILABLE: io exception" type="dev.angzarr.client.Errors$GrpcError">dev.angzarr.client.Errors$GrpcError: UNAVAILABLE: io exception
	at app//dev.angzarr.client.CommandHandlerClient.handleCommand(CommandHandlerClient.java:145)
	at app//dev.angzarr.examples.client.GrpcCommandClient.sendCommand(GrpcCommandClient.java:47)
	at app//dev.angzarr.examples.client.TestContext.sendCommand(TestContext.java:106)
	at app//dev.angzarr.examples.acceptance.AcceptanceTableSteps.tableWithSeatedPlayers(AcceptanceTableSteps.java:86)
	at ✽.a table &quot;Main&quot; with seated players:(classpath:features/acceptance/poker_game.feature:396)
</failure>
  </testcase>
  <testcase name="Poker Game Flow - Heads-up - big blind wins when button folds preflop" classname="dev.angzarr.examples.CucumberAcceptanceTest" time="0.005">
    <failure message="dev.angzarr.client.Errors$GrpcError: UNAVAILABLE: io exception" type="dev.angzarr.client.Errors$GrpcError">dev.angzarr.client.Errors$GrpcError: UNAVAILABLE: io exception
	at app//dev.angzarr.client.CommandHandlerClient.handleCommand(CommandHandlerClient.java:145)
	at app//dev.angzarr.examples.client.GrpcCommandClient.sendCommand(GrpcCommandClient.java:47)
	at app//dev.angzarr.examples.client.TestContext.sendCommand(TestContext.java:106)
	at app//dev.angzarr.examples.acceptance.AcceptanceTableSteps.tableWithSeatedPlayers(AcceptanceTableSteps.java:86)
	at ✽.a table &quot;Main&quot; with seated players:(classpath:features/acceptance/poker_game.feature:407)
</failure>
  </testcase>
  <testcase name="Poker Game Flow - Big blind walks - everyone folds preflop" classname="dev.angzarr.examples.CucumberAcceptanceTest" time="0.008">
    <failure message="dev.angzarr.client.Errors$GrpcError: UNAVAILABLE: io exception" type="dev.angzarr.client.Errors$GrpcError">dev.angzarr.client.Errors$GrpcError: UNAVAILABLE: io exception
	at app//dev.angzarr.client.CommandHandlerClient.handleCommand(CommandHandlerClient.java:145)
	at app//dev.angzarr.examples.client.GrpcCommandClient.sendCommand(GrpcCommandClient.java:47)
	at app//dev.angzarr.examples.client.TestContext.sendCommand(TestContext.java:106)
	at app//dev.angzarr.examples.acceptance.AcceptanceTableSteps.tableWithSeatedPlayers(AcceptanceTableSteps.java:86)
	at ✽.a table &quot;Main&quot; with seated players:(classpath:features/acceptance/poker_game.feature:424)
</failure>
  </testcase>
  <testcase name="Poker Game Flow - Three side pots with four players" classname="dev.angzarr.examples.CucumberAcceptanceTest" time="0.009">
    <failure message="dev.angzarr.client.Errors$GrpcError: UNAVAILABLE: io exception" type="dev.angzarr.client.Errors$GrpcError">dev.angzarr.client.Errors$GrpcError: UNAVAILABLE: io exception
	at app//dev.angzarr.client.CommandHandlerClient.handleCommand(CommandHandlerClient.java:145)
	at app//dev.angzarr.examples.client.GrpcCommandClient.sendCommand(GrpcCommandClient.java:47)
	at app//dev.angzarr.examples.client.TestContext.sendCommand(TestContext.java:106)
	at app//dev.angzarr.examples.acceptance.AcceptanceTableSteps.tableWithSeatedPlayers(AcceptanceTableSteps.java:86)
	at ✽.a table &quot;Main&quot; with seated players:(classpath:features/acceptance/poker_game.feature:444)
</failure>
  </testcase>
  <testcase name="Poker Game Flow - Side pot awarded to second-best hand when main pot winner is all-in" classname="dev.angzarr.examples.CucumberAcceptanceTest" time="0.005">
    <failure message="dev.angzarr.client.Errors$GrpcError: UNAVAILABLE: io exception" type="dev.angzarr.client.Errors$GrpcError">dev.angzarr.client.Errors$GrpcError: UNAVAILABLE: io exception
	at app//dev.angzarr.client.CommandHandlerClient.handleCommand(CommandHandlerClient.java:145)
	at app//dev.angzarr.examples.client.GrpcCommandClient.sendCommand(GrpcCommandClient.java:47)
	at app//dev.angzarr.examples.client.TestContext.sendCommand(TestContext.java:106)
	at app//dev.angzarr.examples.acceptance.AcceptanceTableSteps.tableWithSeatedPlayers(AcceptanceTableSteps.java:86)
	at ✽.a table &quot;Main&quot; with seated players:(classpath:features/acceptance/poker_game.feature:461)
</failure>
  </testcase>
  <testcase name="Poker Game Flow - All-in below min-raise does not reopen action" classname="dev.angzarr.examples.CucumberAcceptanceTest" time="0.005">
    <failure message="dev.angzarr.client.Errors$GrpcError: UNAVAILABLE: io exception" type="dev.angzarr.client.Errors$GrpcError">dev.angzarr.client.Errors$GrpcError: UNAVAILABLE: io exception
	at app//dev.angzarr.client.CommandHandlerClient.handleCommand(CommandHandlerClient.java:145)
	at app//dev.angzarr.examples.client.GrpcCommandClient.sendCommand(GrpcCommandClient.java:47)
	at app//dev.angzarr.examples.client.TestContext.sendCommand(TestContext.java:106)
	at app//dev.angzarr.examples.acceptance.AcceptanceTableSteps.tableWithSeatedPlayers(AcceptanceTableSteps.java:86)
	at ✽.a table &quot;Main&quot; with seated players:(classpath:features/acceptance/poker_game.feature:484)
</failure>
  </testcase>
  <testcase name="Poker Game Flow - All-in above half min-raise reopens action" classname="dev.angzarr.examples.CucumberAcceptanceTest" time="0.005">
    <failure message="dev.angzarr.client.Errors$GrpcError: UNAVAILABLE: io exception" type="dev.angzarr.client.Errors$GrpcError">dev.angzarr.client.Errors$GrpcError: UNAVAILABLE: io exception
	at app//dev.angzarr.client.CommandHandlerClient.handleCommand(CommandHandlerClient.java:145)
	at app//dev.angzarr.examples.client.GrpcCommandClient.sendCommand(GrpcCommandClient.java:47)
	at app//dev.angzarr.examples.client.TestContext.sendCommand(TestContext.java:106)
	at app//dev.angzarr.examples.acceptance.AcceptanceTableSteps.tableWithSeatedPlayers(AcceptanceTableSteps.java:86)
	at ✽.a table &quot;Main&quot; with seated players:(classpath:features/acceptance/poker_game.feature:497)
</failure>
  </testcase>
  <testcase name="Poker Game Flow - Player adds chips between hands" classname="dev.angzarr.examples.CucumberAcceptanceTest" time="0.005">
    <failure message="dev.angzarr.client.Errors$GrpcError: UNAVAILABLE: io exception" type="dev.angzarr.client.Errors$GrpcError">dev.angzarr.client.Errors$GrpcError: UNAVAILABLE: io exception
	at app//dev.angzarr.client.CommandHandlerClient.handleCommand(CommandHandlerClient.java:145)
	at app//dev.angzarr.examples.client.GrpcCommandClient.sendCommand(GrpcCommandClient.java:47)
	at app//dev.angzarr.examples.client.TestContext.sendCommand(TestContext.java:106)
	at app//dev.angzarr.examples.acceptance.AcceptanceTableSteps.tableWithSeatedPlayers(AcceptanceTableSteps.java:86)
	at ✽.a table &quot;Main&quot; with seated players:(classpath:features/acceptance/poker_game.feature:517)
</failure>
  </testcase>
  <testcase name="Poker Game Flow - Cannot add chips during active hand" classname="dev.angzarr.examples.CucumberAcceptanceTest" time="0.005">
    <failure message="dev.angzarr.client.Errors$GrpcError: UNAVAILABLE: io exception" type="dev.angzarr.client.Errors$GrpcError">dev.angzarr.client.Errors$GrpcError: UNAVAILABLE: io exception
	at app//dev.angzarr.client.CommandHandlerClient.handleCommand(CommandHandlerClient.java:145)
	at app//dev.angzarr.examples.client.GrpcCommandClient.sendCommand(GrpcCommandClient.java:47)
	at app//dev.angzarr.examples.client.TestContext.sendCommand(TestContext.java:106)
	at app//dev.angzarr.examples.acceptance.AcceptanceTableSteps.tableWithSeatedPlayers(AcceptanceTableSteps.java:86)
	at ✽.a table &quot;Main&quot; with seated players:(classpath:features/acceptance/poker_game.feature:530)
</failure>
  </testcase>
  <testcase name="Poker Game Flow - Cannot add chips beyond available bankroll" classname="dev.angzarr.examples.CucumberAcceptanceTest" time="0.004">
    <failure message="dev.angzarr.client.Errors$GrpcError: UNAVAILABLE: io exception" type="dev.angzarr.client.Errors$GrpcError">dev.angzarr.client.Errors$GrpcError: UNAVAILABLE: io exception
	at app//dev.angzarr.client.CommandHandlerClient.handleCommand(CommandHandlerClient.java:145)
	at app//dev.angzarr.examples.client.GrpcCommandClient.sendCommand(GrpcCommandClient.java:47)
	at app//dev.angzarr.examples.client.TestContext.sendCommand(TestContext.java:106)
	at app//dev.angzarr.examples.acceptance.AcceptanceTableSteps.tableWithSeatedPlayers(AcceptanceTableSteps.java:86)
	at ✽.a table &quot;Main&quot; with seated players:(classpath:features/acceptance/poker_game.feature:540)
</failure>
  </testcase>
  <testcase name="Synchronous Processing Modes - ASYNC mode returns before projectors complete" classname="dev.angzarr.examples.CucumberAcceptanceTest" time="0.009">
    <failure message="dev.angzarr.client.Errors$GrpcError: UNAVAILABLE: io exception" type="dev.angzarr.client.Errors$GrpcError">dev.angzarr.client.Errors$GrpcError: UNAVAILABLE: io exception
	at app//dev.angzarr.client.CommandHandlerClient.handleCommand(CommandHandlerClient.java:145)
	at app//dev.angzarr.examples.client.GrpcCommandClient.sendCommand(GrpcCommandClient.java:47)
	at app//dev.angzarr.examples.client.TestContext.sendCommand(TestContext.java:106)
	at app//dev.angzarr.examples.acceptance.AcceptancePlayerSteps.registeredPlayersWithBankroll(AcceptancePlayerSteps.java:76)
	at ✽.registered players with bankroll:(classpath:features/acceptance/sync_modes.feature:37)
</failure>
  </testcase>
  <testcase name="Synchronous Processing Modes - ASYNC mode does not wait for saga execution" classname="dev.angzarr.examples.CucumberAcceptanceTest" time="0.004">
    <failure message="dev.angzarr.client.Errors$GrpcError: UNAVAILABLE: io exception" type="dev.angzarr.client.Errors$GrpcError">dev.angzarr.client.Errors$GrpcError: UNAVAILABLE: io exception
	at app//dev.angzarr.client.CommandHandlerClient.handleCommand(CommandHandlerClient.java:145)
	at app//dev.angzarr.examples.client.GrpcCommandClient.sendCommand(GrpcCommandClient.java:47)
	at app//dev.angzarr.examples.client.TestContext.sendCommand(TestContext.java:106)
	at app//dev.angzarr.examples.acceptance.AcceptanceTableSteps.tableWithSeatedPlayers(AcceptanceTableSteps.java:86)
	at ✽.a table &quot;Main&quot; with seated players:(classpath:features/acceptance/sync_modes.feature:47)
</failure>
  </testcase>
  <testcase name="Synchronous Processing Modes - SIMPLE mode includes projection updates in response" classname="dev.angzarr.examples.CucumberAcceptanceTest" time="0.01">
    <failure message="dev.angzarr.client.Errors$GrpcError: UNAVAILABLE: io exception" type="dev.angzarr.client.Errors$GrpcError">dev.angzarr.client.Errors$GrpcError: UNAVAILABLE: io exception
	at app//dev.angzarr.client.CommandHandlerClient.handleCommand(CommandHandlerClient.java:145)
	at app//dev.angzarr.examples.client.GrpcCommandClient.sendCommand(GrpcCommandClient.java:47)
	at app//dev.angzarr.examples.client.TestContext.sendCommand(TestContext.java:106)
	at app//dev.angzarr.examples.acceptance.AcceptancePlayerSteps.registeredPlayersWithBankroll(AcceptancePlayerSteps.java:76)
	at ✽.registered players with bankroll:(classpath:features/acceptance/sync_modes.feature:64)
</failure>
  </testcase>
  <testcase name="Synchronous Processing Modes - SIMPLE mode projectors see events immediately" classname="dev.angzarr.examples.CucumberAcceptanceTest" time="0.005">
    <failure message="dev.angzarr.client.Errors$GrpcError: UNAVAILABLE: io exception" type="dev.angzarr.client.Errors$GrpcError">dev.angzarr.client.Errors$GrpcError: UNAVAILABLE: io exception
	at app//dev.angzarr.client.CommandHandlerClient.handleCommand(CommandHandlerClient.java:145)
	at app//dev.angzarr.examples.client.GrpcCommandClient.sendCommand(GrpcCommandClient.java:47)
	at app//dev.angzarr.examples.client.TestContext.sendCommand(TestContext.java:106)
	at app//dev.angzarr.examples.acceptance.AcceptanceTableSteps.tableWithSeatedPlayers(AcceptanceTableSteps.java:86)
	at ✽.a table &quot;Main&quot; with seated players:(classpath:features/acceptance/sync_modes.feature:74)
</failure>
  </testcase>
  <testcase name="Synchronous Processing Modes - SIMPLE mode saga execution is asynchronous" classname="dev.angzarr.examples.CucumberAcceptanceTest" time="0.005">
    <failure message="dev.angzarr.client.Errors$GrpcError: UNAVAILABLE: io exception" type="dev.angzarr.client.Errors$GrpcError">dev.angzarr.client.Errors$GrpcError: UNAVAILABLE: io exception
	at app//dev.angzarr.client.CommandHandlerClient.handleCommand(CommandHandlerClient.java:145)
	at app//dev.angzarr.examples.client.GrpcCommandClient.sendCommand(GrpcCommandClient.java:47)
	at app//dev.angzarr.examples.client.TestContext.sendCommand(TestContext.java:106)
	at app//dev.angzarr.examples.acceptance.AcceptanceTableSteps.tableWithSeatedPlayers(AcceptanceTableSteps.java:86)
	at ✽.a table &quot;Main&quot; with seated players:(classpath:features/acceptance/sync_modes.feature:85)
</failure>
  </testcase>
  <testcase name="Synchronous Processing Modes - CASCADE mode waits for full saga chain" classname="dev.angzarr.examples.CucumberAcceptanceTest" time="0.005">
    <failure message="dev.angzarr.client.Errors$GrpcError: UNAVAILABLE: io exception" type="dev.angzarr.client.Errors$GrpcError">dev.angzarr.client.Errors$GrpcError: UNAVAILABLE: io exception
	at app//dev.angzarr.client.CommandHandlerClient.handleCommand(CommandHandlerClient.java:145)
	at app//dev.angzarr.examples.client.GrpcCommandClient.sendCommand(GrpcCommandClient.java:47)
	at app//dev.angzarr.examples.client.TestContext.sendCommand(TestContext.java:106)
	at app//dev.angzarr.examples.acceptance.AcceptanceTableSteps.tableWithSeatedPlayers(AcceptanceTableSteps.java:86)
	at ✽.a table &quot;Main&quot; with seated players:(classpath:features/acceptance/sync_modes.feature:101)
</failure>
  </testcase>
  <testcase name="Synchronous Processing Modes - CASCADE mode includes all projection updates" classname="dev.angzarr.examples.CucumberAcceptanceTest" time="0.005">
    <failure message="dev.angzarr.client.Errors$GrpcError: UNAVAILABLE: io exception" type="dev.angzarr.client.Errors$GrpcError">dev.angzarr.client.Errors$GrpcError: UNAVAILABLE: io exception
	at app//dev.angzarr.client.CommandHandlerClient.handleCommand(CommandHandlerClient.java:145)
	at app//dev.angzarr.examples.client.GrpcCommandClient.sendCommand(GrpcCommandClient.java:47)
	at app//dev.angzarr.examples.client.TestContext.sendCommand(TestContext.java:106)
	at app//dev.angzarr.examples.acceptance.AcceptanceTableSteps.tableWithSeatedPlayers(AcceptanceTableSteps.java:86)
	at ✽.a table &quot;Main&quot; with seated players:(classpath:features/acceptance/sync_modes.feature:112)
</failure>
  </testcase>
  <testcase name="Synchronous Processing Modes - CASCADE mode follows multi-hop saga chains" classname="dev.angzarr.examples.CucumberAcceptanceTest" time="0.005">
    <failure message="dev.angzarr.client.Errors$GrpcError: UNAVAILABLE: io exception" type="dev.angzarr.client.Errors$GrpcError">dev.angzarr.client.Errors$GrpcError: UNAVAILABLE: io exception
	at app//dev.angzarr.client.CommandHandlerClient.handleCommand(CommandHandlerClient.java:145)
	at app//dev.angzarr.examples.client.GrpcCommandClient.sendCommand(GrpcCommandClient.java:47)
	at app//dev.angzarr.examples.client.TestContext.sendCommand(TestContext.java:106)
	at app//dev.angzarr.examples.acceptance.AcceptanceTableSteps.tableWithSeatedPlayers(AcceptanceTableSteps.java:86)
	at ✽.a table &quot;Main&quot; with seated players:(classpath:features/acceptance/sync_modes.feature:121)
</failure>
  </testcase>
  <testcase name="Synchronous Processing Modes - CASCADE mode does not publish to event bus" classname="dev.angzarr.examples.CucumberAcceptanceTest" time="0.005">
    <failure message="dev.angzarr.client.Errors$GrpcError: UNAVAILABLE: io exception" type="dev.angzarr.client.Errors$GrpcError">dev.angzarr.client.Errors$GrpcError: UNAVAILABLE: io exception
	at app//dev.angzarr.client.CommandHandlerClient.handleCommand(CommandHandlerClient.java:145)
	at app//dev.angzarr.examples.client.GrpcCommandClient.sendCommand(GrpcCommandClient.java:47)
	at app//dev.angzarr.examples.client.TestContext.sendCommand(TestContext.java:106)
	at app//dev.angzarr.examples.acceptance.AcceptanceTableSteps.tableWithSeatedPlayers(AcceptanceTableSteps.java:86)
	at ✽.a table &quot;Main&quot; with seated players:(classpath:features/acceptance/sync_modes.feature:136)
</failure>
  </testcase>
  <testcase name="Synchronous Processing Modes - FAIL_FAST stops on first saga error" classname="dev.angzarr.examples.CucumberAcceptanceTest" time="0.004">
    <failure message="dev.angzarr.client.Errors$GrpcError: UNAVAILABLE: io exception" type="dev.angzarr.client.Errors$GrpcError">dev.angzarr.client.Errors$GrpcError: UNAVAILABLE: io exception
	at app//dev.angzarr.client.CommandHandlerClient.handleCommand(CommandHandlerClient.java:145)
	at app//dev.angzarr.examples.client.GrpcCommandClient.sendCommand(GrpcCommandClient.java:47)
	at app//dev.angzarr.examples.client.TestContext.sendCommand(TestContext.java:106)
	at app//dev.angzarr.examples.acceptance.AcceptanceTableSteps.tableWithSeatedPlayers(AcceptanceTableSteps.java:86)
	at ✽.a table &quot;Main&quot; with seated players:(classpath:features/acceptance/sync_modes.feature:153)
</failure>
  </testcase>
  <testcase name="Synchronous Processing Modes - CONTINUE collects errors and proceeds" classname="dev.angzarr.examples.CucumberAcceptanceTest" time="0.006">
    <failure message="dev.angzarr.client.Errors$GrpcError: UNAVAILABLE: io exception" type="dev.angzarr.client.Errors$GrpcError">dev.angzarr.client.Errors$GrpcError: UNAVAILABLE: io exception
	at app//dev.angzarr.client.CommandHandlerClient.handleCommand(CommandHandlerClient.java:145)
	at app//dev.angzarr.examples.client.GrpcCommandClient.sendCommand(GrpcCommandClient.java:47)
	at app//dev.angzarr.examples.client.TestContext.sendCommand(TestContext.java:106)
	at app//dev.angzarr.examples.acceptance.AcceptanceTableSteps.tableWithSeatedPlayers(AcceptanceTableSteps.java:86)
	at ✽.a table &quot;Main&quot; with seated players:(classpath:features/acceptance/sync_modes.feature:165)
</failure>
  </testcase>
  <testcase name="Synchronous Processing Modes - COMPENSATE rolls back on saga error" classname="dev.angzarr.examples.CucumberAcceptanceTest" time="0.007">
    <failure message="dev.angzarr.client.Errors$GrpcError: UNAVAILABLE: io exception" type="dev.angzarr.client.Errors$GrpcError">dev.angzarr.client.Errors$GrpcError: UNAVAILABLE: io exception
	at app//dev.angzarr.client.CommandHandlerClient.handleCommand(CommandHandlerClient.java:145)
	at app//dev.angzarr.examples.client.GrpcCommandClient.sendCommand(GrpcCommandClient.java:47)
	at app//dev.angzarr.examples.client.TestContext.sendCommand(TestContext.java:106)
	at app//dev.angzarr.examples.acceptance.AcceptanceTableSteps.tableWithSeatedPlayers(AcceptanceTableSteps.java:86)
	at ✽.a table &quot;Main&quot; with seated players:(classpath:features/acceptance/sync_modes.feature:179)
</failure>
  </testcase>
  <testcase name="Synchronous Processing Modes - DEAD_LETTER sends failures to DLQ and continues" classname="dev.angzarr.examples.CucumberAcceptanceTest" time="0.007">
    <failure message="dev.angzarr.client.Errors$GrpcError: UNAVAILABLE: io exception" type="dev.angzarr.client.Errors$GrpcError">dev.angzarr.client.Errors$GrpcError: UNAVAILABLE: io exception
	at app//dev.angzarr.client.CommandHandlerClient.handleCommand(CommandHandlerClient.java:145)
	at app//dev.angzarr.examples.client.GrpcCommandClient.sendCommand(GrpcCommandClient.java:47)
	at app//dev.angzarr.examples.client.TestContext.sendCommand(TestContext.java:106)
	at app//dev.angzarr.examples.acceptance.AcceptanceTableSteps.tableWithSeatedPlayers(AcceptanceTableSteps.java:86)
	at ✽.a table &quot;Main&quot; with seated players:(classpath:features/acceptance/sync_modes.feature:191)
</failure>
  </testcase>
  <testcase name="Synchronous Processing Modes - CASCADE mode includes process manager execution" classname="dev.angzarr.examples.CucumberAcceptanceTest" time="0.004">
    <failure message="dev.angzarr.client.Errors$GrpcError: UNAVAILABLE: io exception" type="dev.angzarr.client.Errors$GrpcError">dev.angzarr.client.Errors$GrpcError: UNAVAILABLE: io exception
	at app//dev.angzarr.client.CommandHandlerClient.handleCommand(CommandHandlerClient.java:145)
	at app//dev.angzarr.examples.client.GrpcCommandClient.sendCommand(GrpcCommandClient.java:47)
	at app//dev.angzarr.examples.client.TestContext.sendCommand(TestContext.java:106)
	at app//dev.angzarr.examples.acceptance.AcceptanceTableSteps.tableWithSeatedPlayers(AcceptanceTableSteps.java:86)
	at ✽.a table &quot;Main&quot; with seated players:(classpath:features/acceptance/sync_modes.feature:213)
</failure>
  </testcase>
  <testcase name="Synchronous Processing Modes - Process manager skipped without correlation ID" classname="dev.angzarr.examples.CucumberAcceptanceTest" time="0.009">
    <failure message="dev.angzarr.client.Errors$GrpcError: UNAVAILABLE: io exception" type="dev.angzarr.client.Errors$GrpcError">dev.angzarr.client.Errors$GrpcError: UNAVAILABLE: io exception
	at app//dev.angzarr.client.CommandHandlerClient.handleCommand(CommandHandlerClient.java:145)
	at app//dev.angzarr.examples.client.GrpcCommandClient.sendCommand(GrpcCommandClient.java:47)
	at app//dev.angzarr.examples.client.TestContext.sendCommand(TestContext.java:106)
	at app//dev.angzarr.examples.acceptance.AcceptanceTableSteps.tableWithSeatedPlayers(AcceptanceTableSteps.java:86)
	at ✽.a table &quot;Main&quot; with seated players:(classpath:features/acceptance/sync_modes.feature:224)
</failure>
  </testcase>
  <testcase name="Synchronous Processing Modes - ASYNC mode has lowest latency" classname="dev.angzarr.examples.CucumberAcceptanceTest" time="0.005">
    <failure message="dev.angzarr.client.Errors$GrpcError: UNAVAILABLE: io exception" type="dev.angzarr.client.Errors$GrpcError">dev.angzarr.client.Errors$GrpcError: UNAVAILABLE: io exception
	at app//dev.angzarr.client.CommandHandlerClient.handleCommand(CommandHandlerClient.java:145)
	at app//dev.angzarr.examples.client.GrpcCommandClient.sendCommand(GrpcCommandClient.java:47)
	at app//dev.angzarr.examples.client.TestContext.sendCommand(TestContext.java:106)
	at app//dev.angzarr.examples.acceptance.AcceptancePlayerSteps.nRegisteredPlayers(AcceptancePlayerSteps.java:124)
	at ✽.10 registered players(classpath:features/acceptance/sync_modes.feature:240)
</failure>
  </testcase>
  <testcase name="Synchronous Processing Modes - CASCADE mode has highest latency but full consistency" classname="dev.angzarr.examples.CucumberAcceptanceTest" time="0.005">
    <failure message="dev.angzarr.client.Errors$GrpcError: UNAVAILABLE: io exception" type="dev.angzarr.client.Errors$GrpcError">dev.angzarr.client.Errors$GrpcError: UNAVAILABLE: io exception
	at app//dev.angzarr.client.CommandHandlerClient.handleCommand(CommandHandlerClient.java:145)
	at app//dev.angzarr.examples.client.GrpcCommandClient.sendCommand(GrpcCommandClient.java:47)
	at app//dev.angzarr.examples.client.TestContext.sendCommand(TestContext.java:106)
	at app//dev.angzarr.examples.acceptance.AcceptanceTableSteps.tableWithSeatedPlayers(AcceptanceTableSteps.java:86)
	at ✽.a table &quot;Main&quot; with seated players:(classpath:features/acceptance/sync_modes.feature:247)
</failure>
  </testcase>
  <testcase name="Synchronous Processing Modes - Empty saga list in CASCADE mode succeeds" classname="dev.angzarr.examples.CucumberAcceptanceTest" time="0.028"/>
  <testcase name="Synchronous Processing Modes - Saga producing no commands in CASCADE mode" classname="dev.angzarr.examples.CucumberAcceptanceTest" time="0.004"/>
  <testcase name="Synchronous Processing Modes - All sagas fail in CONTINUE mode" classname="dev.angzarr.examples.CucumberAcceptanceTest" time="0.005"/>
  <system-out><![CDATA[
  .   ____          _            __ _ _
 /\\ / ___'_ __ _ _(_)_ __  __ _ \ \ \ \
( ( )\___ | '_ | '_| | '_ \/ _` | \ \ \ \
 \\/  ___)| |_)| | | | | || (_| |  ) ) ) )
  '  |____| .__|_| |_|_| |_\__, | / / / /
 =========|_|==============|___/=/_/_/_/
 :: Spring Boot ::                (v3.2.0)

2026-04-08T20:21:49.550-05:00  INFO 1347306 --- [    Test worker] d.a.e.a.CucumberAcceptanceConfiguration  : Starting CucumberAcceptanceConfiguration using Java 21.0.10 with PID 1347306 (started by babbitt in /home/babbitt/workspace/angzarr/examples-java/main/tests)
2026-04-08T20:21:49.551-05:00  INFO 1347306 --- [    Test worker] d.a.e.a.CucumberAcceptanceConfiguration  : No active profile set, falling back to 1 default profile: "default"
2026-04-08T20:21:49.596-05:00  INFO 1347306 --- [    Test worker] d.a.e.a.CucumberAcceptanceConfiguration  : Started CucumberAcceptanceConfiguration in 0.156 seconds (process running for 0.782)

@e2e @player
Scenario: Register player and deposit funds                     ?[90m# features/acceptance/poker_game.feature:40?[0m
  ?[32mGiven ?[0m?[32mthe poker system is running in standalone mode?[0m          ?[90m# dev.angzarr.examples.acceptance.AcceptancePlayerSteps.pokerSystemRunning()?[0m
  ?[31mWhen ?[0m?[31mI register player ?[0m?[31m?[1m"Alice"?[0m?[31m with email ?[0m?[31m?[1m"alice@example.com"?[0m ?[90m# dev.angzarr.examples.acceptance.AcceptancePlayerSteps.registerPlayer(java.lang.String,java.lang.String)?[0m
      ?[31mdev.angzarr.client.Errors$GrpcError: UNAVAILABLE: io exception
	at dev.angzarr.client.CommandHandlerClient.handleCommand(CommandHandlerClient.java:145)
	at dev.angzarr.examples.client.GrpcCommandClient.sendCommand(GrpcCommandClient.java:47)
	at dev.angzarr.examples.client.TestContext.sendCommand(TestContext.java:106)
	at dev.angzarr.examples.acceptance.AcceptancePlayerSteps.registerPlayer(AcceptancePlayerSteps.java:39)
	at ✽.I register player "Alice" with email "alice@example.com"(classpath:features/acceptance/poker_game.feature:41)
?[0m
  ?[36mAnd ?[0m?[36mI deposit ?[0m?[36m?[1m1000?[0m?[36m chips to player ?[0m?[36m?[1m"Alice"?[0m                    ?[90m# dev.angzarr.examples.acceptance.AcceptancePlayerSteps.depositChips(int,java.lang.String)?[0m
  ?[36mThen ?[0m?[36mplayer ?[0m?[36m?[1m"Alice"?[0m?[36m has bankroll ?[0m?[36m?[1m1000?[0m                         ?[90m# dev.angzarr.examples.acceptance.AcceptancePlayerSteps.playerHasBankroll(java.lang.String,int)?[0m
  ?[36mAnd ?[0m?[36mplayer ?[0m?[36m?[1m"Alice"?[0m?[36m has available balance ?[0m?[36m?[1m1000?[0m                 ?[90m# dev.angzarr.examples.acceptance.AcceptancePlayerSteps.playerHasAvailableBalance(java.lang.String,int)?[0m

@e2e @table
Scenario: Create table and seat players                           ?[90m# features/acceptance/poker_game.feature:54?[0m
  ?[32mGiven ?[0m?[32mthe poker system is running in standalone mode?[0m            ?[90m# dev.angzarr.examples.acceptance.AcceptancePlayerSteps.pokerSystemRunning()?[0m
  ?[31mGiven ?[0m?[31mregistered players with bankroll:?[0m                         ?[90m# dev.angzarr.examples.acceptance.AcceptancePlayerSteps.registeredPlayersWithBankroll(io.cucumber.datatable.DataTable)?[0m
    | name  | bankroll |
    | Alice | 1000     |
    | Bob   | 1000     |
      ?[31mdev.angzarr.client.Errors$GrpcError: UNAVAILABLE: io exception
	at dev.angzarr.client.CommandHandlerClient.handleCommand(CommandHandlerClient.java:145)
	at dev.angzarr.examples.client.GrpcCommandClient.sendCommand(GrpcCommandClient.java:47)
	at dev.angzarr.examples.client.TestContext.sendCommand(TestContext.java:106)
	at dev.angzarr.examples.acceptance.AcceptancePlayerSteps.registeredPlayersWithBankroll(AcceptancePlayerSteps.java:76)
	at ✽.registered players with bankroll:(classpath:features/acceptance/poker_game.feature:55)
?[0m
  ?[36mWhen ?[0m?[36mI create a Texas Hold'em table ?[0m?[36m?[1m"Main"?[0m?[36m with blinds ?[0m?[36m?[1m5?[0m?[36m/?[0m?[36m?[1m10?[0m     ?[90m# dev.angzarr.examples.acceptance.AcceptanceTableSteps.createTexasHoldemTable(java.lang.String,int,int)?[0m
  ?[36mAnd ?[0m?[36mplayer ?[0m?[36m?[1m"Alice"?[0m?[36m joins table ?[0m?[36m?[1m"Main"?[0m?[36m at seat ?[0m?[36m?[1m0?[0m?[36m with buy-in ?[0m?[36m?[1m500?[0m ?[90m# dev.angzarr.examples.acceptance.AcceptanceTableSteps.playerJoinsTable(java.lang.String,java.lang.String,int,int)?[0m
  ?[36mAnd ?[0m?[36mplayer ?[0m?[36m?[1m"Bob"?[0m?[36m joins table ?[0m?[36m?[1m"Main"?[0m?[36m at seat ?[0m?[36m?[1m1?[0m?[36m with buy-in ?[0m?[36m?[1m500?[0m   ?[90m# dev.angzarr.examples.acceptance.AcceptanceTableSteps.playerJoinsTable(java.lang.String,java.lang.String,int,int)?[0m
  ?[36mThen ?[0m?[36mtable ?[0m?[36m?[1m"Main"?[0m?[36m has ?[0m?[36m?[1m2?[0m?[36m seated players?[0m                          ?[90m# dev.angzarr.examples.acceptance.AcceptanceTableSteps.tableHasSeatedPlayers(java.lang.String,int)?[0m
  ?[36mAnd ?[0m?[36mplayer ?[0m?[36m?[1m"Alice"?[0m?[36m has reserved funds ?[0m?[36m?[1m500?[0m                       ?[90m# dev.angzarr.examples.acceptance.AcceptancePlayerSteps.playerHasReservedFunds(java.lang.String,int)?[0m
  ?[36mAnd ?[0m?[36mplayer ?[0m?[36m?[1m"Alice"?[0m?[36m has available balance ?[0m?[36m?[1m500?[0m                    ?[90m# dev.angzarr.examples.acceptance.AcceptancePlayerSteps.playerHasAvailableBalance(java.lang.String,int)?[0m

@e2e @table
Scenario: Player leaves table and recovers funds       ?[90m# features/acceptance/poker_game.feature:67?[0m
  ?[32mGiven ?[0m?[32mthe poker system is running in standalone mode?[0m ?[90m# dev.angzarr.examples.acceptance.AcceptancePlayerSteps.pokerSystemRunning()?[0m
  ?[31mGiven ?[0m?[31ma table ?[0m?[31m?[1m"Main"?[0m?[31m with seated players:?[0m            ?[90m# dev.angzarr.examples.acceptance.AcceptanceTableSteps.tableWithSeatedPlayers(java.lang.String,io.cucumber.datatable.DataTable)?[0m
    | name  | seat | stack |
    | Alice | 0    | 500   |
    | Bob   | 1    | 500   |
      ?[31mdev.angzarr.client.Errors$GrpcError: UNAVAILABLE: io exception
	at dev.angzarr.client.CommandHandlerClient.handleCommand(CommandHandlerClient.java:145)
	at dev.angzarr.examples.client.GrpcCommandClient.sendCommand(GrpcCommandClient.java:47)
	at dev.angzarr.examples.client.TestContext.sendCommand(TestContext.java:106)
	at dev.angzarr.examples.acceptance.AcceptanceTableSteps.tableWithSeatedPlayers(AcceptanceTableSteps.java:86)
	at ✽.a table "Main" with seated players:(classpath:features/acceptance/poker_game.feature:68)
?[0m
  ?[36mWhen ?[0m?[36mplayer ?[0m?[36m?[1m"Alice"?[0m?[36m leaves table ?[0m?[36m?[1m"Main"?[0m              ?[90m# dev.angzarr.examples.acceptance.AcceptanceTableSteps.playerLeavesTable(java.lang.String,java.lang.String)?[0m
  ?[36mThen ?[0m?[36mplayer ?[0m?[36m?[1m"Alice"?[0m?[36m has bankroll ?[0m?[36m?[1m1000?[0m                ?[90m# dev.angzarr.examples.acceptance.AcceptancePlayerSteps.playerHasBankroll(java.lang.String,int)?[0m
  ?[36mAnd ?[0m?[36mplayer ?[0m?[36m?[1m"Alice"?[0m?[36m has reserved funds ?[0m?[36m?[1m0?[0m              ?[90m# dev.angzarr.examples.acceptance.AcceptancePlayerSteps.playerHasReservedFunds(java.lang.String,int)?[0m
  ?[36mAnd ?[0m?[36mtable ?[0m?[36m?[1m"Main"?[0m?[36m has ?[0m?[36m?[1m1?[0m?[36m seated player?[0m                 ?[90m# dev.angzarr.examples.acceptance.AcceptanceTableSteps.tableHasSeatedPlayers(java.lang.String,int)?[0m

@e2e @hand
Scenario: Complete heads-up hand with fold             ?[90m# features/acceptance/poker_game.feature:85?[0m
  ?[32mGiven ?[0m?[32mthe poker system is running in standalone mode?[0m ?[90m# dev.angzarr.examples.acceptance.AcceptancePlayerSteps.pokerSystemRunning()?[0m
  ?[31mGiven ?[0m?[31ma table ?[0m?[31m?[1m"Main"?[0m?[31m with seated players:?[0m            ?[90m# dev.angzarr.examples.acceptance.AcceptanceTableSteps.tableWithSeatedPlayers(java.lang.String,io.cucumber.datatable.DataTable)?[0m
    | name  | seat | stack |
    | Alice | 0    | 500   |
    | Bob   | 1    | 500   |
      ?[31mdev.angzarr.client.Errors$GrpcError: UNAVAILABLE: io exception
	at dev.angzarr.client.CommandHandlerClient.handleCommand(CommandHandlerClient.java:145)
	at dev.angzarr.examples.client.GrpcCommandClient.sendCommand(GrpcCommandClient.java:47)
	at dev.angzarr.examples.client.TestContext.sendCommand(TestContext.java:106)
	at dev.angzarr.examples.acceptance.AcceptanceTableSteps.tableWithSeatedPlayers(AcceptanceTableSteps.java:86)
	at ✽.a table "Main" with seated players:(classpath:features/acceptance/poker_game.feature:86)
?[0m
  ?[36mWhen ?[0m?[36ma hand starts at table ?[0m?[36m?[1m"Main"?[0m                   ?[90m# dev.angzarr.examples.acceptance.AcceptanceTableSteps.handStartsAtTable(java.lang.String)?[0m
  ?[36mThen ?[0m?[36mwithin ?[0m?[36m?[1m2?[0m?[36m seconds:?[0m                               ?[90m# dev.angzarr.examples.acceptance.AcceptanceHandSteps.withinNSeconds(int,io.cucumber.datatable.DataTable)?[0m
    | domain | event_type  |
    | table  | HandStarted |
    | hand   | CardsDealt  |
  ?[36mWhen ?[0m?[36m?[0m?[36m?[1m"Alice"?[0m?[36m posts small blind ?[0m?[36m?[1m5?[0m                     ?[90m# dev.angzarr.examples.acceptance.AcceptanceHandSteps.postsSmallBlind(java.lang.String,int)?[0m
  ?[36mAnd ?[0m?[36m?[0m?[36m?[1m"Bob"?[0m?[36m posts big blind ?[0m?[36m?[1m10?[0m                         ?[90m# dev.angzarr.examples.acceptance.AcceptanceHandSteps.postsBigBlind(java.lang.String,int)?[0m
  ?[36mAnd ?[0m?[36m?[0m?[36m?[1m"Alice"?[0m?[36m folds?[0m                                    ?[90m# dev.angzarr.examples.acceptance.AcceptanceHandSteps.playerFolds(java.lang.String)?[0m
  ?[36mThen ?[0m?[36m?[0m?[36m?[1m"Bob"?[0m?[36m wins the pot of ?[0m?[36m?[1m15?[0m                        ?[90m# dev.angzarr.examples.acceptance.AcceptanceHandSteps.playerWinsPotOf(java.lang.String,int)?[0m
  ?[36mAnd ?[0m?[36mwithin ?[0m?[36m?[1m2?[0m?[36m seconds:?[0m                                ?[90m# dev.angzarr.examples.acceptance.AcceptanceHandSteps.withinNSeconds(int,io.cucumber.datatable.DataTable)?[0m
    | domain | event_type   |
    | hand   | HandComplete |
    | table  | HandEnded    |
  ?[36mAnd ?[0m?[36m?[0m?[36m?[1m"Alice"?[0m?[36m stack is ?[0m?[36m?[1m495?[0m                             ?[90m# dev.angzarr.examples.acceptance.AcceptanceHandSteps.playerStackIs(java.lang.String,int)?[0m
  ?[36mAnd ?[0m?[36m?[0m?[36m?[1m"Bob"?[0m?[36m stack is ?[0m?[36m?[1m505?[0m                               ?[90m# dev.angzarr.examples.acceptance.AcceptanceHandSteps.playerStackIs(java.lang.String,int)?[0m

@e2e @hand
Scenario: Complete hand through showdown               ?[90m# features/acceptance/poker_game.feature:107?[0m
  ?[32mGiven ?[0m?[32mthe poker system is running in standalone mode?[0m ?[90m# dev.angzarr.examples.acceptance.AcceptancePlayerSteps.pokerSystemRunning()?[0m
  ?[31mGiven ?[0m?[31ma table ?[0m?[31m?[1m"Main"?[0m?[31m with seated players:?[0m            ?[90m# dev.angzarr.examples.acceptance.AcceptanceTableSteps.tableWithSeatedPlayers(java.lang.String,io.cucumber.datatable.DataTable)?[0m
    | name  | seat | stack |
    | Alice | 0    | 500   |
    | Bob   | 1    | 500   |
      ?[31mdev.angzarr.client.Errors$GrpcError: UNAVAILABLE: io exception
	at dev.angzarr.client.CommandHandlerClient.handleCommand(CommandHandlerClient.java:145)
	at dev.angzarr.examples.client.GrpcCommandClient.sendCommand(GrpcCommandClient.java:47)
	at dev.angzarr.examples.client.TestContext.sendCommand(TestContext.java:106)
	at dev.angzarr.examples.acceptance.AcceptanceTableSteps.tableWithSeatedPlayers(AcceptanceTableSteps.java:86)
	at ✽.a table "Main" with seated players:(classpath:features/acceptance/poker_game.feature:108)
?[0m
  ?[36mAnd ?[0m?[36mdeterministic deck seed ?[0m?[36m?[1m"showdown-test"?[0m          ?[90m# dev.angzarr.examples.acceptance.AcceptanceHandSteps.deterministicDeckSeed(java.lang.String)?[0m
  ?[36mWhen ?[0m?[36ma hand starts at table ?[0m?[36m?[1m"Main"?[0m                   ?[90m# dev.angzarr.examples.acceptance.AcceptanceTableSteps.handStartsAtTable(java.lang.String)?[0m
  ?[36mAnd ?[0m?[36mblinds are posted (?[0m?[36m?[1m5?[0m?[36m/?[0m?[36m?[1m10?[0m?[36m)?[0m                         ?[90m# dev.angzarr.examples.acceptance.AcceptanceHandSteps.blindsArePosted(int,int)?[0m
  ?[36mAnd ?[0m?[36m?[0m?[36m?[1m"Alice"?[0m?[36m calls ?[0m?[36m?[1m10?[0m                                 ?[90m# dev.angzarr.examples.acceptance.AcceptanceHandSteps.playerCalls(java.lang.String,int)?[0m
  ?[36mAnd ?[0m?[36m?[0m?[36m?[1m"Bob"?[0m?[36m checks?[0m                                     ?[90m# dev.angzarr.examples.acceptance.AcceptanceHandSteps.playerChecks(java.lang.String)?[0m
  ?[36mThen ?[0m?[36mthe flop is dealt?[0m                               ?[90m# dev.angzarr.examples.acceptance.AcceptanceHandSteps.flopIsDealt()?[0m
  ?[36mWhen ?[0m?[36m?[0m?[36m?[1m"Bob"?[0m?[36m checks?[0m                                    ?[90m# dev.angzarr.examples.acceptance.AcceptanceHandSteps.playerChecks(java.lang.String)?[0m
  ?[36mAnd ?[0m?[36m?[0m?[36m?[1m"Alice"?[0m?[36m checks?[0m                                   ?[90m# dev.angzarr.examples.acceptance.AcceptanceHandSteps.playerChecks(java.lang.String)?[0m
  ?[36mThen ?[0m?[36mthe turn is dealt?[0m                               ?[90m# dev.angzarr.examples.acceptance.AcceptanceHandSteps.turnIsDealt()?[0m
  ?[36mWhen ?[0m?[36m?[0m?[36m?[1m"Bob"?[0m?[36m checks?[0m                                    ?[90m# dev.angzarr.examples.acceptance.AcceptanceHandSteps.playerChecks(java.lang.String)?[0m
  ?[36mAnd ?[0m?[36m?[0m?[36m?[1m"Alice"?[0m?[36m checks?[0m                                   ?[90m# dev.angzarr.examples.acceptance.AcceptanceHandSteps.playerChecks(java.lang.String)?[0m
  ?[36mThen ?[0m?[36mthe river is dealt?[0m                              ?[90m# dev.angzarr.examples.acceptance.AcceptanceHandSteps.riverIsDealt()?[0m
  ?[36mWhen ?[0m?[36m?[0m?[36m?[1m"Bob"?[0m?[36m checks?[0m                                    ?[90m# dev.angzarr.examples.acceptance.AcceptanceHandSteps.playerChecks(java.lang.String)?[0m
  ?[36mAnd ?[0m?[36m?[0m?[36m?[1m"Alice"?[0m?[36m checks?[0m                                   ?[90m# dev.angzarr.examples.acceptance.AcceptanceHandSteps.playerChecks(java.lang.String)?[0m
  ?[36mThen ?[0m?[36mshowdown begins?[0m                                 ?[90m# dev.angzarr.examples.acceptance.AcceptanceHandSteps.showdownBegins()?[0m
  ?[36mAnd ?[0m?[36mthe winner is determined by hand ranking?[0m         ?[90m# dev.angzarr.examples.acceptance.AcceptanceHandSteps.winnerDeterminedByRanking()?[0m
  ?[36mAnd ?[0m?[36mthe hand completes?[0m                               ?[90m# dev.angzarr.examples.acceptance.AcceptanceHandSteps.handCompletes()?[0m

@e2e @betting
Scenario: Raise and re-raise sequence                  ?[90m# features/acceptance/poker_game.feature:137?[0m
  ?[32mGiven ?[0m?[32mthe poker system is running in standalone mode?[0m ?[90m# dev.angzarr.examples.acceptance.AcceptancePlayerSteps.pokerSystemRunning()?[0m
  ?[31mGiven ?[0m?[31ma table ?[0m?[31m?[1m"Main"?[0m?[31m with seated players:?[0m            ?[90m# dev.angzarr.examples.acceptance.AcceptanceTableSteps.tableWithSeatedPlayers(java.lang.String,io.cucumber.datatable.DataTable)?[0m
    | name  | seat | stack |
    | Alice | 0    | 500   |
    | Bob   | 1    | 500   |
      ?[31mdev.angzarr.client.Errors$GrpcError: UNAVAILABLE: io exception
	at dev.angzarr.client.CommandHandlerClient.handleCommand(CommandHandlerClient.java:145)
	at dev.angzarr.examples.client.GrpcCommandClient.sendCommand(GrpcCommandClient.java:47)
	at dev.angzarr.examples.client.TestContext.sendCommand(TestContext.java:106)
	at dev.angzarr.examples.acceptance.AcceptanceTableSteps.tableWithSeatedPlayers(AcceptanceTableSteps.java:86)
	at ✽.a table "Main" with seated players:(classpath:features/acceptance/poker_game.feature:138)
?[0m
  ?[36mWhen ?[0m?[36ma hand starts and blinds are posted (?[0m?[36m?[1m5?[0m?[36m/?[0m?[36m?[1m10?[0m?[36m)?[0m      ?[90m# dev.angzarr.examples.acceptance.AcceptanceHandSteps.handStartsAndBlindsPosted(int,int)?[0m
  ?[36mAnd ?[0m?[36m?[0m?[36m?[1m"Alice"?[0m?[36m raises to ?[0m?[36m?[1m30?[0m                             ?[90m# dev.angzarr.examples.acceptance.AcceptanceHandSteps.playerRaisesTo(java.lang.String,int)?[0m
  ?[36mAnd ?[0m?[36m?[0m?[36m?[1m"Bob"?[0m?[36m re-raises to ?[0m?[36m?[1m90?[0m                            ?[90m# dev.angzarr.examples.acceptance.AcceptanceHandSteps.playerReRaisesTo(java.lang.String,int)?[0m
  ?[36mAnd ?[0m?[36m?[0m?[36m?[1m"Alice"?[0m?[36m calls ?[0m?[36m?[1m60?[0m                                 ?[90m# dev.angzarr.examples.acceptance.AcceptanceHandSteps.playerCalls(java.lang.String,int)?[0m
  ?[36mThen ?[0m?[36mthe pot is ?[0m?[36m?[1m180?[0m                                  ?[90m# dev.angzarr.examples.acceptance.AcceptanceHandSteps.potIs(int)?[0m
  ?[36mAnd ?[0m?[36mthe flop is dealt?[0m                                ?[90m# dev.angzarr.examples.acceptance.AcceptanceHandSteps.flopIsDealt()?[0m

@e2e @betting
Scenario: All-in and call                              ?[90m# features/acceptance/poker_game.feature:150?[0m
  ?[32mGiven ?[0m?[32mthe poker system is running in standalone mode?[0m ?[90m# dev.angzarr.examples.acceptance.AcceptancePlayerSteps.pokerSystemRunning()?[0m
  ?[31mGiven ?[0m?[31ma table ?[0m?[31m?[1m"Main"?[0m?[31m with seated players:?[0m            ?[90m# dev.angzarr.examples.acceptance.AcceptanceTableSteps.tableWithSeatedPlayers(java.lang.String,io.cucumber.datatable.DataTable)?[0m
    | name  | seat | stack |
    | Alice | 0    | 100   |
    | Bob   | 1    | 500   |
      ?[31mdev.angzarr.client.Errors$GrpcError: UNAVAILABLE: io exception
	at dev.angzarr.client.CommandHandlerClient.handleCommand(CommandHandlerClient.java:145)
	at dev.angzarr.examples.client.GrpcCommandClient.sendCommand(GrpcCommandClient.java:47)
	at dev.angzarr.examples.client.TestContext.sendCommand(TestContext.java:106)
	at dev.angzarr.examples.acceptance.AcceptanceTableSteps.tableWithSeatedPlayers(AcceptanceTableSteps.java:86)
	at ✽.a table "Main" with seated players:(classpath:features/acceptance/poker_game.feature:151)
?[0m
  ?[36mWhen ?[0m?[36ma hand starts and blinds are posted (?[0m?[36m?[1m5?[0m?[36m/?[0m?[36m?[1m10?[0m?[36m)?[0m      ?[90m# dev.angzarr.examples.acceptance.AcceptanceHandSteps.handStartsAndBlindsPosted(int,int)?[0m
  ?[36mAnd ?[0m?[36m?[0m?[36m?[1m"Alice"?[0m?[36m goes all-in for ?[0m?[36m?[1m100?[0m                      ?[90m# dev.angzarr.examples.acceptance.AcceptanceHandSteps.playerGoesAllIn(java.lang.String,int)?[0m
  ?[36mAnd ?[0m?[36m?[0m?[36m?[1m"Bob"?[0m?[36m calls ?[0m?[36m?[1m100?[0m                                  ?[90m# dev.angzarr.examples.acceptance.AcceptanceHandSteps.playerCalls(java.lang.String,int)?[0m
  ?[36mThen ?[0m?[36mthe pot is ?[0m?[36m?[1m200?[0m                                  ?[90m# dev.angzarr.examples.acceptance.AcceptanceHandSteps.potIs(int)?[0m
  ?[36mAnd ?[0m?[36mshowdown is triggered immediately?[0m                ?[90m# dev.angzarr.examples.acceptance.AcceptanceHandSteps.showdownTriggeredImmediately()?[0m

@e2e @multiplayer
Scenario: Three player hand with one fold              ?[90m# features/acceptance/poker_game.feature:168?[0m
  ?[32mGiven ?[0m?[32mthe poker system is running in standalone mode?[0m ?[90m# dev.angzarr.examples.acceptance.AcceptancePlayerSteps.pokerSystemRunning()?[0m
  ?[31mGiven ?[0m?[31ma table ?[0m?[31m?[1m"Main"?[0m?[31m with seated players:?[0m            ?[90m# dev.angzarr.examples.acceptance.AcceptanceTableSteps.tableWithSeatedPlayers(java.lang.String,io.cucumber.datatable.DataTable)?[0m
    | name  | seat | stack |
    | Alice | 0    | 500   |
    | Bob   | 1    | 500   |
    | Carol | 2    | 500   |
      ?[31mdev.angzarr.client.Errors$GrpcError: UNAVAILABLE: io exception
	at dev.angzarr.client.CommandHandlerClient.handleCommand(CommandHandlerClient.java:145)
	at dev.angzarr.examples.client.GrpcCommandClient.sendCommand(GrpcCommandClient.java:47)
	at dev.angzarr.examples.client.TestContext.sendCommand(TestContext.java:106)
	at dev.angzarr.examples.acceptance.AcceptanceTableSteps.tableWithSeatedPlayers(AcceptanceTableSteps.java:86)
	at ✽.a table "Main" with seated players:(classpath:features/acceptance/poker_game.feature:169)
?[0m
  ?[36mWhen ?[0m?[36ma hand starts with dealer at seat ?[0m?[36m?[1m0?[0m             ?[90m# dev.angzarr.examples.acceptance.AcceptanceHandSteps.handStartsWithDealerAtSeat(int)?[0m
  ?[36mThen ?[0m?[36m?[0m?[36m?[1m"Bob"?[0m?[36m is small blind and ?[0m?[36m?[1m"Carol"?[0m?[36m is big blind?[0m   ?[90m# dev.angzarr.examples.acceptance.AcceptanceHandSteps.smallAndBigBlinds(java.lang.String,java.lang.String)?[0m
  ?[36mWhen ?[0m?[36mblinds are posted (?[0m?[36m?[1m5?[0m?[36m/?[0m?[36m?[1m10?[0m?[36m)?[0m                        ?[90m# dev.angzarr.examples.acceptance.AcceptanceHandSteps.blindsArePosted(int,int)?[0m
  ?[36mAnd ?[0m?[36m?[0m?[36m?[1m"Alice"?[0m?[36m calls ?[0m?[36m?[1m10?[0m                                 ?[90m# dev.angzarr.examples.acceptance.AcceptanceHandSteps.playerCalls(java.lang.String,int)?[0m
  ?[36mAnd ?[0m?[36m?[0m?[36m?[1m"Bob"?[0m?[36m folds?[0m                                      ?[90m# dev.angzarr.examples.acceptance.AcceptanceHandSteps.playerFolds(java.lang.String)?[0m
  ?[36mAnd ?[0m?[36m?[0m?[36m?[1m"Carol"?[0m?[36m checks?[0m                                   ?[90m# dev.angzarr.examples.acceptance.AcceptanceHandSteps.playerChecks(java.lang.String)?[0m
  ?[36mThen ?[0m?[36mactive player count is ?[0m?[36m?[1m2?[0m                        ?[90m# dev.angzarr.examples.acceptance.AcceptanceHandSteps.activePlayerCountIs(int)?[0m
  ?[36mAnd ?[0m?[36mthe pot is ?[0m?[36m?[1m25?[0m                                    ?[90m# dev.angzarr.examples.acceptance.AcceptanceHandSteps.potIs(int)?[0m

@e2e @multiplayer
Scenario: Side pot creation with all-in                   ?[90m# features/acceptance/poker_game.feature:184?[0m
  ?[32mGiven ?[0m?[32mthe poker system is running in standalone mode?[0m    ?[90m# dev.angzarr.examples.acceptance.AcceptancePlayerSteps.pokerSystemRunning()?[0m
  ?[31mGiven ?[0m?[31ma table ?[0m?[31m?[1m"Main"?[0m?[31m with seated players:?[0m               ?[90m# dev.angzarr.examples.acceptance.AcceptanceTableSteps.tableWithSeatedPlayers(java.lang.String,io.cucumber.datatable.DataTable)?[0m
    | name  | seat | stack |
    | Alice | 0    | 50    |
    | Bob   | 1    | 500   |
    | Carol | 2    | 500   |
      ?[31mdev.angzarr.client.Errors$GrpcError: UNAVAILABLE: io exception
	at dev.angzarr.client.CommandHandlerClient.handleCommand(CommandHandlerClient.java:145)
	at dev.angzarr.examples.client.GrpcCommandClient.sendCommand(GrpcCommandClient.java:47)
	at dev.angzarr.examples.client.TestContext.sendCommand(TestContext.java:106)
	at dev.angzarr.examples.acceptance.AcceptanceTableSteps.tableWithSeatedPlayers(AcceptanceTableSteps.java:86)
	at ✽.a table "Main" with seated players:(classpath:features/acceptance/poker_game.feature:185)
?[0m
  ?[36mWhen ?[0m?[36ma hand starts and blinds are posted (?[0m?[36m?[1m5?[0m?[36m/?[0m?[36m?[1m10?[0m?[36m)?[0m         ?[90m# dev.angzarr.examples.acceptance.AcceptanceHandSteps.handStartsAndBlindsPosted(int,int)?[0m
  ?[36mAnd ?[0m?[36m?[0m?[36m?[1m"Alice"?[0m?[36m goes all-in for ?[0m?[36m?[1m50?[0m                          ?[90m# dev.angzarr.examples.acceptance.AcceptanceHandSteps.playerGoesAllIn(java.lang.String,int)?[0m
  ?[36mAnd ?[0m?[36m?[0m?[36m?[1m"Bob"?[0m?[36m calls ?[0m?[36m?[1m50?[0m                                      ?[90m# dev.angzarr.examples.acceptance.AcceptanceHandSteps.playerCalls(java.lang.String,int)?[0m
  ?[36mAnd ?[0m?[36m?[0m?[36m?[1m"Carol"?[0m?[36m raises to ?[0m?[36m?[1m150?[0m                               ?[90m# dev.angzarr.examples.acceptance.AcceptanceHandSteps.playerRaisesTo(java.lang.String,int)?[0m
  ?[36mAnd ?[0m?[36m?[0m?[36m?[1m"Bob"?[0m?[36m calls ?[0m?[36m?[1m100?[0m                                     ?[90m# dev.angzarr.examples.acceptance.AcceptanceHandSteps.playerCalls(java.lang.String,int)?[0m
  ?[36mThen ?[0m?[36mthere is a main pot of ?[0m?[36m?[1m150?[0m?[36m with ?[0m?[36m?[1m3?[0m?[36m players eligible?[0m ?[90m# dev.angzarr.examples.acceptance.AcceptanceHandSteps.mainPotWithEligible(int,int)?[0m
  ?[36mAnd ?[0m?[36mthere is a side pot of ?[0m?[36m?[1m200?[0m?[36m with ?[0m?[36m?[1m2?[0m?[36m players eligible?[0m  ?[90m# dev.angzarr.examples.acceptance.AcceptanceHandSteps.sidePotWithEligible(int,int)?[0m

@e2e @variant
Scenario: Five Card Draw with discard                  ?[90m# features/acceptance/poker_game.feature:205?[0m
  ?[32mGiven ?[0m?[32mthe poker system is running in standalone mode?[0m ?[90m# dev.angzarr.examples.acceptance.AcceptancePlayerSteps.pokerSystemRunning()?[0m
  ?[31mGiven ?[0m?[31ma Five Card Draw table ?[0m?[31m?[1m"Draw"?[0m?[31m with blinds ?[0m?[31m?[1m5?[0m?[31m/?[0m?[31m?[1m10?[0m ?[90m# dev.angzarr.examples.acceptance.AcceptanceTableSteps.fiveCardDrawTable(java.lang.String,int,int)?[0m
      ?[31mdev.angzarr.client.Errors$GrpcError: UNAVAILABLE: io exception
	at dev.angzarr.client.CommandHandlerClient.handleCommand(CommandHandlerClient.java:145)
	at dev.angzarr.examples.client.GrpcCommandClient.sendCommand(GrpcCommandClient.java:47)
	at dev.angzarr.examples.client.TestContext.sendCommand(TestContext.java:106)
	at dev.angzarr.examples.acceptance.AcceptanceTableSteps.fiveCardDrawTable(AcceptanceTableSteps.java:182)
	at ✽.a Five Card Draw table "Draw" with blinds 5/10(classpath:features/acceptance/poker_game.feature:206)
?[0m
  ?[36mAnd ?[0m?[36mseated players:?[0m                                  ?[90m# dev.angzarr.examples.acceptance.AcceptanceTableSteps.seatedPlayers(io.cucumber.datatable.DataTable)?[0m
    | name  | seat | stack |
    | Alice | 0    | 500   |
    | Bob   | 1    | 500   |
  ?[36mWhen ?[0m?[36ma hand starts at table ?[0m?[36m?[1m"Draw"?[0m                   ?[90m# dev.angzarr.examples.acceptance.AcceptanceTableSteps.handStartsAtTable(java.lang.String)?[0m
  ?[36mAnd ?[0m?[36mblinds are posted (?[0m?[36m?[1m5?[0m?[36m/?[0m?[36m?[1m10?[0m?[36m)?[0m                         ?[90m# dev.angzarr.examples.acceptance.AcceptanceHandSteps.blindsArePosted(int,int)?[0m
  ?[36mAnd ?[0m?[36m?[0m?[36m?[1m"Alice"?[0m?[36m calls ?[0m?[36m?[1m10?[0m                                 ?[90m# dev.angzarr.examples.acceptance.AcceptanceHandSteps.playerCalls(java.lang.String,int)?[0m
  ?[36mAnd ?[0m?[36m?[0m?[36m?[1m"Bob"?[0m?[36m checks?[0m                                     ?[90m# dev.angzarr.examples.acceptance.AcceptanceHandSteps.playerChecks(java.lang.String)?[0m
  ?[36mThen ?[0m?[36mthe draw phase begins?[0m                           ?[90m# dev.angzarr.examples.acceptance.AcceptanceHandSteps.drawPhaseBegins()?[0m
  ?[36mWhen ?[0m?[36m"Alice" discards 2 cards at indices [0, 1]?[0m
  ?[36mAnd ?[0m?[36m?[0m?[36m?[1m"Bob"?[0m?[36m stands pat?[0m                                 ?[90m# dev.angzarr.examples.acceptance.AcceptanceHandSteps.playerStandsPat(java.lang.String)?[0m
  ?[36mThen ?[0m?[36m?[0m?[36m?[1m"Alice"?[0m?[36m has ?[0m?[36m?[1m5?[0m?[36m hole cards?[0m                        ?[90m# dev.angzarr.examples.acceptance.AcceptanceHandSteps.playerHasHoleCards(java.lang.String,int)?[0m
  ?[36mAnd ?[0m?[36mthe second betting round begins?[0m                  ?[90m# dev.angzarr.examples.acceptance.AcceptanceHandSteps.secondBettingRoundBegins()?[0m

@e2e @variant
Scenario: Omaha deals 4 hole cards                     ?[90m# features/acceptance/poker_game.feature:222?[0m
  ?[32mGiven ?[0m?[32mthe poker system is running in standalone mode?[0m ?[90m# dev.angzarr.examples.acceptance.AcceptancePlayerSteps.pokerSystemRunning()?[0m
  ?[31mGiven ?[0m?[31man Omaha table ?[0m?[31m?[1m"Omaha"?[0m?[31m with blinds ?[0m?[31m?[1m10?[0m?[31m/?[0m?[31m?[1m20?[0m       ?[90m# dev.angzarr.examples.acceptance.AcceptanceTableSteps.omahaTable(java.lang.String,int,int)?[0m
      ?[31mdev.angzarr.client.Errors$GrpcError: UNAVAILABLE: io exception
	at dev.angzarr.client.CommandHandlerClient.handleCommand(CommandHandlerClient.java:145)
	at dev.angzarr.examples.client.GrpcCommandClient.sendCommand(GrpcCommandClient.java:47)
	at dev.angzarr.examples.client.TestContext.sendCommand(TestContext.java:106)
	at dev.angzarr.examples.acceptance.AcceptanceTableSteps.omahaTable(AcceptanceTableSteps.java:198)
	at ✽.an Omaha table "Omaha" with blinds 10/20(classpath:features/acceptance/poker_game.feature:223)
?[0m
  ?[36mAnd ?[0m?[36mseated players:?[0m                                  ?[90m# dev.angzarr.examples.acceptance.AcceptanceTableSteps.seatedPlayers(io.cucumber.datatable.DataTable)?[0m
    | name  | seat | stack |
    | Alice | 0    | 1000  |
    | Bob   | 1    | 1000  |
  ?[36mWhen ?[0m?[36ma hand starts at table ?[0m?[36m?[1m"Omaha"?[0m                  ?[90m# dev.angzarr.examples.acceptance.AcceptanceTableSteps.handStartsAtTable(java.lang.String)?[0m
  ?[36mThen ?[0m?[36meach player has ?[0m?[36m?[1m4?[0m?[36m hole cards?[0m                    ?[90m# dev.angzarr.examples.acceptance.AcceptanceHandSteps.eachPlayerHasHoleCards(int)?[0m
  ?[36mAnd ?[0m?[36mthe remaining deck has ?[0m?[36m?[1m44?[0m?[36m cards?[0m                  ?[90m# dev.angzarr.examples.acceptance.AcceptanceHandSteps.remainingDeckHasCards(int)?[0m

@e2e @tournament
Scenario: Player elimination                           ?[90m# features/acceptance/poker_game.feature:239?[0m
  ?[32mGiven ?[0m?[32mthe poker system is running in standalone mode?[0m ?[90m# dev.angzarr.examples.acceptance.AcceptancePlayerSteps.pokerSystemRunning()?[0m
  ?[31mGiven ?[0m?[31ma table ?[0m?[31m?[1m"Main"?[0m?[31m with seated players:?[0m            ?[90m# dev.angzarr.examples.acceptance.AcceptanceTableSteps.tableWithSeatedPlayers(java.lang.String,io.cucumber.datatable.DataTable)?[0m
    | name  | seat | stack |
    | Alice | 0    | 500   |
    | Bob   | 1    | 15    |
      ?[31mdev.angzarr.client.Errors$GrpcError: UNAVAILABLE: io exception
	at dev.angzarr.client.CommandHandlerClient.handleCommand(CommandHandlerClient.java:145)
	at dev.angzarr.examples.client.GrpcCommandClient.sendCommand(GrpcCommandClient.java:47)
	at dev.angzarr.examples.client.TestContext.sendCommand(TestContext.java:106)
	at dev.angzarr.examples.acceptance.AcceptanceTableSteps.tableWithSeatedPlayers(AcceptanceTableSteps.java:86)
	at ✽.a table "Main" with seated players:(classpath:features/acceptance/poker_game.feature:240)
?[0m
  ?[36mWhen ?[0m?[36ma hand starts and blinds are posted (?[0m?[36m?[1m5?[0m?[36m/?[0m?[36m?[1m10?[0m?[36m)?[0m      ?[90m# dev.angzarr.examples.acceptance.AcceptanceHandSteps.handStartsAndBlindsPosted(int,int)?[0m
  ?[36mAnd ?[0m?[36m?[0m?[36m?[1m"Alice"?[0m?[36m raises to ?[0m?[36m?[1m30?[0m                             ?[90m# dev.angzarr.examples.acceptance.AcceptanceHandSteps.playerRaisesTo(java.lang.String,int)?[0m
  ?[36mAnd ?[0m?[36m?[0m?[36m?[1m"Bob"?[0m?[36m goes all-in for ?[0m?[36m?[1m15?[0m                         ?[90m# dev.angzarr.examples.acceptance.AcceptanceHandSteps.playerGoesAllIn(java.lang.String,int)?[0m
  ?[36mAnd ?[0m?[36m?[0m?[36m?[1m"Alice"?[0m?[36m calls ?[0m?[36m?[1m0?[0m                                  ?[90m# dev.angzarr.examples.acceptance.AcceptanceHandSteps.playerCalls(java.lang.String,int)?[0m
  ?[36mAnd ?[0m?[36mshowdown occurs with ?[0m?[36m?[1m"Alice"?[0m?[36m winning?[0m             ?[90m# dev.angzarr.examples.acceptance.AcceptanceHandSteps.showdownOccursWithWinner(java.lang.String)?[0m
  ?[36mThen ?[0m?[36m?[0m?[36m?[1m"Bob"?[0m?[36m has stack ?[0m?[36m?[1m0?[0m                               ?[90m# dev.angzarr.examples.acceptance.AcceptanceHandSteps.playerHasStack(java.lang.String,int)?[0m
  ?[36mAnd ?[0m?[36m?[0m?[36m?[1m"Bob"?[0m?[36m is eliminated from table ?[0m?[36m?[1m"Main"?[0m            ?[90m# dev.angzarr.examples.acceptance.AcceptanceHandSteps.playerEliminatedFromTable(java.lang.String,java.lang.String)?[0m
  ?[36mAnd ?[0m?[36mtable ?[0m?[36m?[1m"Main"?[0m?[36m has ?[0m?[36m?[1m1?[0m?[36m seated player?[0m                 ?[90m# dev.angzarr.examples.acceptance.AcceptanceTableSteps.tableHasSeatedPlayers(java.lang.String,int)?[0m

@e2e @tournament
Scenario: Multiple hands with stack changes            ?[90m# features/acceptance/poker_game.feature:254?[0m
  ?[32mGiven ?[0m?[32mthe poker system is running in standalone mode?[0m ?[90m# dev.angzarr.examples.acceptance.AcceptancePlayerSteps.pokerSystemRunning()?[0m
  ?[31mGiven ?[0m?[31ma table ?[0m?[31m?[1m"Main"?[0m?[31m with seated players:?[0m            ?[90m# dev.angzarr.examples.acceptance.AcceptanceTableSteps.tableWithSeatedPlayers(java.lang.String,io.cucumber.datatable.DataTable)?[0m
    | name  | seat | stack |
    | Alice | 0    | 500   |
    | Bob   | 1    | 500   |
      ?[31mdev.angzarr.client.Errors$GrpcError: UNAVAILABLE: io exception
	at dev.angzarr.client.CommandHandlerClient.handleCommand(CommandHandlerClient.java:145)
	at dev.angzarr.examples.client.GrpcCommandClient.sendCommand(GrpcCommandClient.java:47)
	at dev.angzarr.examples.client.TestContext.sendCommand(TestContext.java:106)
	at dev.angzarr.examples.acceptance.AcceptanceTableSteps.tableWithSeatedPlayers(AcceptanceTableSteps.java:86)
	at ✽.a table "Main" with seated players:(classpath:features/acceptance/poker_game.feature:255)
?[0m
  ?[36mWhen ?[0m?[36mhand ?[0m?[36m?[1m1?[0m?[36m completes with ?[0m?[36m?[1m"Alice"?[0m?[36m winning ?[0m?[36m?[1m50?[0m        ?[90m# dev.angzarr.examples.acceptance.AcceptanceHandSteps.handCompletesWithWinner(int,java.lang.String,int)?[0m
  ?[36mThen ?[0m?[36m?[0m?[36m?[1m"Alice"?[0m?[36m has stack ?[0m?[36m?[1m550?[0m                           ?[90m# dev.angzarr.examples.acceptance.AcceptanceHandSteps.playerHasStack(java.lang.String,int)?[0m
  ?[36mAnd ?[0m?[36m?[0m?[36m?[1m"Bob"?[0m?[36m has stack ?[0m?[36m?[1m450?[0m                              ?[90m# dev.angzarr.examples.acceptance.AcceptanceHandSteps.playerHasStack(java.lang.String,int)?[0m
  ?[36mWhen ?[0m?[36mhand ?[0m?[36m?[1m2?[0m?[36m completes with ?[0m?[36m?[1m"Bob"?[0m?[36m winning ?[0m?[36m?[1m100?[0m         ?[90m# dev.angzarr.examples.acceptance.AcceptanceHandSteps.handCompletesWithWinner(int,java.lang.String,int)?[0m
  ?[36mThen ?[0m?[36m?[0m?[36m?[1m"Alice"?[0m?[36m has stack ?[0m?[36m?[1m450?[0m                           ?[90m# dev.angzarr.examples.acceptance.AcceptanceHandSteps.playerHasStack(java.lang.String,int)?[0m
  ?[36mAnd ?[0m?[36m?[0m?[36m?[1m"Bob"?[0m?[36m has stack ?[0m?[36m?[1m550?[0m                              ?[90m# dev.angzarr.examples.acceptance.AcceptanceHandSteps.playerHasStack(java.lang.String,int)?[0m
  ?[36mAnd ?[0m?[36mtable ?[0m?[36m?[1m"Main"?[0m?[36m has hand_count ?[0m?[36m?[1m2?[0m                    ?[90m# dev.angzarr.examples.acceptance.AcceptanceTableSteps.tableHasHandCount(java.lang.String,int)?[0m

@e2e @saga
Scenario: HandStarted triggers DealCards via saga          ?[90m# features/acceptance/poker_game.feature:274?[0m
  ?[32mGiven ?[0m?[32mthe poker system is running in standalone mode?[0m     ?[90m# dev.angzarr.examples.acceptance.AcceptancePlayerSteps.pokerSystemRunning()?[0m
  ?[31mGiven ?[0m?[31ma table ?[0m?[31m?[1m"Main"?[0m?[31m with ?[0m?[31m?[1m2?[0m?[31m seated players?[0m               ?[90m# dev.angzarr.examples.acceptance.AcceptanceTableSteps.tableWithNSeatedPlayers(java.lang.String,int)?[0m
      ?[31mdev.angzarr.client.Errors$GrpcError: UNAVAILABLE: io exception
	at dev.angzarr.client.CommandHandlerClient.handleCommand(CommandHandlerClient.java:145)
	at dev.angzarr.examples.client.GrpcCommandClient.sendCommand(GrpcCommandClient.java:47)
	at dev.angzarr.examples.client.TestContext.sendCommand(TestContext.java:106)
	at dev.angzarr.examples.acceptance.AcceptanceTableSteps.tableWithNSeatedPlayers(AcceptanceTableSteps.java:136)
	at ✽.a table "Main" with 2 seated players(classpath:features/acceptance/poker_game.feature:275)
?[0m
  ?[36mWhen ?[0m?[36mI send a StartHand command to table ?[0m?[36m?[1m"Main"?[0m          ?[90m# dev.angzarr.examples.acceptance.AcceptanceTableSteps.sendStartHandCommand(java.lang.String)?[0m
  ?[36mThen ?[0m?[36mwithin ?[0m?[36m?[1m3?[0m?[36m seconds:?[0m                                   ?[90m# dev.angzarr.examples.acceptance.AcceptanceHandSteps.withinNSeconds(int,io.cucumber.datatable.DataTable)?[0m
    | domain | event_type  |
    | table  | HandStarted |
    | hand   | CardsDealt  |
  ?[36mAnd ?[0m?[36mthe hand has the same hand_number as the table event?[0m ?[90m# dev.angzarr.examples.acceptance.AcceptanceHandSteps.handSameHandNumber()?[0m

@e2e @saga
Scenario: HandComplete triggers EndHand via saga       ?[90m# features/acceptance/poker_game.feature:284?[0m
  ?[32mGiven ?[0m?[32mthe poker system is running in standalone mode?[0m ?[90m# dev.angzarr.examples.acceptance.AcceptancePlayerSteps.pokerSystemRunning()?[0m
  ?[31mGiven ?[0m?[31ma table ?[0m?[31m?[1m"Main"?[0m?[31m with an active hand?[0m             ?[90m# dev.angzarr.examples.acceptance.AcceptanceTableSteps.tableWithActiveHand(java.lang.String)?[0m
      ?[31mdev.angzarr.client.Errors$GrpcError: UNAVAILABLE: io exception
	at dev.angzarr.client.CommandHandlerClient.handleCommand(CommandHandlerClient.java:145)
	at dev.angzarr.examples.client.GrpcCommandClient.sendCommand(GrpcCommandClient.java:47)
	at dev.angzarr.examples.client.TestContext.sendCommand(TestContext.java:106)
	at dev.angzarr.examples.acceptance.AcceptanceTableSteps.tableWithNSeatedPlayers(AcceptanceTableSteps.java:136)
	at dev.angzarr.examples.acceptance.AcceptanceTableSteps.tableWithActiveHand(AcceptanceTableSteps.java:166)
	at ✽.a table "Main" with an active hand(classpath:features/acceptance/poker_game.feature:285)
?[0m
[...]
	at dev.angzarr.examples.client.TestContext.sendCommand(TestContext.java:106)
	at dev.angzarr.examples.acceptance.AcceptanceTableSteps.tableWithSeatedPlayers(AcceptanceTableSteps.java:86)
	at ✽.a table "Main" with seated players:(classpath:features/acceptance/sync_modes.feature:153)
?[0m
  ?[36mAnd ?[0m?[36mthe table-hand saga is configured to fail?[0m                                               ?[90m# dev.angzarr.examples.acceptance.AcceptanceSyncSteps.tableHandSagaConfiguredToFail()?[0m
  ?[36mWhen ?[0m?[36mI start a hand at table ?[0m?[36m?[1m"Main"?[0m?[36m with sync_mode CASCADE and cascade_error_mode FAIL_FAST?[0m ?[90m# dev.angzarr.examples.acceptance.AcceptanceSyncSteps.startHandCascadeFailFast(java.lang.String)?[0m
  ?[36mThen ?[0m?[36mthe command fails with saga error?[0m                                                      ?[90m# dev.angzarr.examples.acceptance.AcceptanceSyncSteps.commandFailsWithSagaError()?[0m
  ?[36mAnd ?[0m?[36mno further sagas are executed after the failure?[0m                                         ?[90m# dev.angzarr.examples.acceptance.AcceptanceSyncSteps.noFurtherSagasAfterFailure()?[0m
  ?[36mAnd ?[0m?[36mthe original HandStarted event is still persisted?[0m                                       ?[90m# dev.angzarr.examples.acceptance.AcceptanceSyncSteps.originalHandStartedPersisted()?[0m

@cascade-error @continue
Scenario: CONTINUE collects errors and proceeds                                              ?[90m# features/acceptance/sync_modes.feature:164?[0m
  ?[32mGiven ?[0m?[32mthe poker system is running in standalone mode?[0m                                       ?[90m# dev.angzarr.examples.acceptance.AcceptancePlayerSteps.pokerSystemRunning()?[0m
  ?[31mGiven ?[0m?[31ma table ?[0m?[31m?[1m"Main"?[0m?[31m with seated players:?[0m                                                  ?[90m# dev.angzarr.examples.acceptance.AcceptanceTableSteps.tableWithSeatedPlayers(java.lang.String,io.cucumber.datatable.DataTable)?[0m
    | name  | seat | stack |
    | Alice | 0    | 500   |
    | Bob   | 1    | 500   |
      ?[31mdev.angzarr.client.Errors$GrpcError: UNAVAILABLE: io exception
	at dev.angzarr.client.CommandHandlerClient.handleCommand(CommandHandlerClient.java:145)
	at dev.angzarr.examples.client.GrpcCommandClient.sendCommand(GrpcCommandClient.java:47)
	at dev.angzarr.examples.client.TestContext.sendCommand(TestContext.java:106)
	at dev.angzarr.examples.acceptance.AcceptanceTableSteps.tableWithSeatedPlayers(AcceptanceTableSteps.java:86)
	at ✽.a table "Main" with seated players:(classpath:features/acceptance/sync_modes.feature:165)
?[0m
  ?[36mAnd ?[0m?[36mthe table-hand saga is configured to fail?[0m                                              ?[90m# dev.angzarr.examples.acceptance.AcceptanceSyncSteps.tableHandSagaConfiguredToFail()?[0m
  ?[36mAnd ?[0m?[36mthe output projector is healthy?[0m                                                        ?[90m# dev.angzarr.examples.acceptance.AcceptanceSyncSteps.outputProjectorHealthy()?[0m
  ?[36mWhen ?[0m?[36mI start a hand at table ?[0m?[36m?[1m"Main"?[0m?[36m with sync_mode CASCADE and cascade_error_mode CONTINUE?[0m ?[90m# dev.angzarr.examples.acceptance.AcceptanceSyncSteps.startHandCascadeContinue(java.lang.String)?[0m
  ?[36mThen ?[0m?[36mthe command succeeds?[0m                                                                  ?[90m# dev.angzarr.examples.acceptance.AcceptanceSyncSteps.commandSucceeds()?[0m
  ?[36mAnd ?[0m?[36mthe response includes cascade_errors with the saga failure?[0m                             ?[90m# dev.angzarr.examples.acceptance.AcceptanceSyncSteps.responseIncludesCascadeErrors()?[0m
  ?[36mAnd ?[0m?[36mthe response includes successful projection updates?[0m                                    ?[90m# dev.angzarr.examples.acceptance.AcceptanceSyncSteps.responseIncludesSuccessfulProjectionUpdates()?[0m
  ?[36mAnd ?[0m?[36mother sagas continue executing despite the failure?[0m                                     ?[90m# dev.angzarr.examples.acceptance.AcceptanceSyncSteps.otherSagasContinue()?[0m

@cascade-error @compensate
Scenario: COMPENSATE rolls back on saga error                                      ?[90m# features/acceptance/sync_modes.feature:178?[0m
  ?[32mGiven ?[0m?[32mthe poker system is running in standalone mode?[0m                             ?[90m# dev.angzarr.examples.acceptance.AcceptancePlayerSteps.pokerSystemRunning()?[0m
  ?[31mGiven ?[0m?[31ma table ?[0m?[31m?[1m"Main"?[0m?[31m with seated players:?[0m                                        ?[90m# dev.angzarr.examples.acceptance.AcceptanceTableSteps.tableWithSeatedPlayers(java.lang.String,io.cucumber.datatable.DataTable)?[0m
    | name  | seat | stack |
    | Alice | 0    | 500   |
    | Bob   | 1    | 500   |
      ?[31mdev.angzarr.client.Errors$GrpcError: UNAVAILABLE: io exception
	at dev.angzarr.client.CommandHandlerClient.handleCommand(CommandHandlerClient.java:145)
	at dev.angzarr.examples.client.GrpcCommandClient.sendCommand(GrpcCommandClient.java:47)
	at dev.angzarr.examples.client.TestContext.sendCommand(TestContext.java:106)
	at dev.angzarr.examples.acceptance.AcceptanceTableSteps.tableWithSeatedPlayers(AcceptanceTableSteps.java:86)
	at ✽.a table "Main" with seated players:(classpath:features/acceptance/sync_modes.feature:179)
?[0m
  ?[36mAnd ?[0m?[36mthe hand-player saga is configured to fail on PotAwarded?[0m                     ?[90m# dev.angzarr.examples.acceptance.AcceptanceSyncSteps.handPlayerSagaConfiguredToFail()?[0m
  ?[36mAnd ?[0m?[36ma hand is in progress?[0m                                                        ?[90m# dev.angzarr.examples.acceptance.AcceptanceHandSteps.handInProgress()?[0m
  ?[36mWhen ?[0m?[36mthe hand completes with sync_mode CASCADE and cascade_error_mode COMPENSATE?[0m ?[90m# dev.angzarr.examples.acceptance.AcceptanceHandSteps.handCompletesWithCascadeCompensate()?[0m
  ?[36mThen ?[0m?[36mcompensation commands are issued in reverse order?[0m                           ?[90m# dev.angzarr.examples.acceptance.AcceptanceSyncSteps.compensationInReverseOrder()?[0m
  ?[36mAnd ?[0m?[36mthe command fails after compensation completes?[0m                               ?[90m# dev.angzarr.examples.acceptance.AcceptanceSyncSteps.commandFailsAfterCompensation()?[0m

@cascade-error @dead-letter
Scenario: DEAD_LETTER sends failures to DLQ and continues                                       ?[90m# features/acceptance/sync_modes.feature:190?[0m
  ?[32mGiven ?[0m?[32mthe poker system is running in standalone mode?[0m                                          ?[90m# dev.angzarr.examples.acceptance.AcceptancePlayerSteps.pokerSystemRunning()?[0m
  ?[31mGiven ?[0m?[31ma table ?[0m?[31m?[1m"Main"?[0m?[31m with seated players:?[0m                                                     ?[90m# dev.angzarr.examples.acceptance.AcceptanceTableSteps.tableWithSeatedPlayers(java.lang.String,io.cucumber.datatable.DataTable)?[0m
    | name  | seat | stack |
    | Alice | 0    | 500   |
    | Bob   | 1    | 500   |
      ?[31mdev.angzarr.client.Errors$GrpcError: UNAVAILABLE: io exception
	at dev.angzarr.client.CommandHandlerClient.handleCommand(CommandHandlerClient.java:145)
	at dev.angzarr.examples.client.GrpcCommandClient.sendCommand(GrpcCommandClient.java:47)
	at dev.angzarr.examples.client.TestContext.sendCommand(TestContext.java:106)
	at dev.angzarr.examples.acceptance.AcceptanceTableSteps.tableWithSeatedPlayers(AcceptanceTableSteps.java:86)
	at ✽.a table "Main" with seated players:(classpath:features/acceptance/sync_modes.feature:191)
?[0m
  ?[36mAnd ?[0m?[36mthe table-hand saga is configured to fail?[0m                                                 ?[90m# dev.angzarr.examples.acceptance.AcceptanceSyncSteps.tableHandSagaConfiguredToFail()?[0m
  ?[36mAnd ?[0m?[36ma dead letter queue is configured?[0m                                                         ?[90m# dev.angzarr.examples.acceptance.AcceptanceSyncSteps.deadLetterQueueConfigured()?[0m
  ?[36mWhen ?[0m?[36mI start a hand at table ?[0m?[36m?[1m"Main"?[0m?[36m with sync_mode CASCADE and cascade_error_mode DEAD_LETTER?[0m ?[90m# dev.angzarr.examples.acceptance.AcceptanceSyncSteps.startHandCascadeDeadLetter(java.lang.String)?[0m
  ?[36mThen ?[0m?[36mthe command succeeds?[0m                                                                     ?[90m# dev.angzarr.examples.acceptance.AcceptanceSyncSteps.commandSucceeds()?[0m
  ?[36mAnd ?[0m?[36mthe saga failure is published to the dead letter queue?[0m                                    ?[90m# dev.angzarr.examples.acceptance.AcceptanceSyncSteps.sagaFailureToDeadLetter()?[0m
  ?[36mAnd ?[0m?[36mthe dead letter includes:?[0m                                                                 ?[90m# dev.angzarr.examples.acceptance.AcceptanceSyncSteps.deadLetterIncludes(io.cucumber.datatable.DataTable)?[0m
    | field            | value           |
    | source_component | saga-table-hand |
    | rejection_reason | contains error  |
  ?[36mAnd ?[0m?[36mother sagas continue executing?[0m                                                            ?[90m# dev.angzarr.examples.acceptance.AcceptanceSyncSteps.otherSagasContinueExecuting()?[0m

@sync-mode @cascade @pm
Scenario: CASCADE mode includes process manager execution    ?[90m# features/acceptance/sync_modes.feature:212?[0m
  ?[32mGiven ?[0m?[32mthe poker system is running in standalone mode?[0m       ?[90m# dev.angzarr.examples.acceptance.AcceptancePlayerSteps.pokerSystemRunning()?[0m
  ?[31mGiven ?[0m?[31ma table ?[0m?[31m?[1m"Main"?[0m?[31m with seated players:?[0m                  ?[90m# dev.angzarr.examples.acceptance.AcceptanceTableSteps.tableWithSeatedPlayers(java.lang.String,io.cucumber.datatable.DataTable)?[0m
    | name  | seat | stack |
    | Alice | 0    | 500   |
    | Bob   | 1    | 500   |
      ?[31mdev.angzarr.client.Errors$GrpcError: UNAVAILABLE: io exception
	at dev.angzarr.client.CommandHandlerClient.handleCommand(CommandHandlerClient.java:145)
	at dev.angzarr.examples.client.GrpcCommandClient.sendCommand(GrpcCommandClient.java:47)
	at dev.angzarr.examples.client.TestContext.sendCommand(TestContext.java:106)
	at dev.angzarr.examples.acceptance.AcceptanceTableSteps.tableWithSeatedPlayers(AcceptanceTableSteps.java:86)
	at ✽.a table "Main" with seated players:(classpath:features/acceptance/sync_modes.feature:213)
?[0m
  ?[36mAnd ?[0m?[36mthe hand-flow process manager is registered?[0m            ?[90m# dev.angzarr.examples.acceptance.AcceptanceSyncSteps.handFlowPmRegistered()?[0m
  ?[36mWhen ?[0m?[36mI start a hand at table ?[0m?[36m?[1m"Main"?[0m?[36m with sync_mode CASCADE?[0m ?[90m# dev.angzarr.examples.acceptance.AcceptanceSyncSteps.startHandCascade(java.lang.String)?[0m
  ?[36mThen ?[0m?[36mthe process manager receives the correlated events?[0m    ?[90m# dev.angzarr.examples.acceptance.AcceptanceSyncSteps.pmReceivesCorrelatedEvents()?[0m
  ?[36mAnd ?[0m?[36mthe response includes PM state updates?[0m                 ?[90m# dev.angzarr.examples.acceptance.AcceptanceSyncSteps.responseIncludesPmUpdates()?[0m

@sync-mode @cascade @pm
Scenario: Process manager skipped without correlation ID             ?[90m# features/acceptance/sync_modes.feature:223?[0m
  ?[32mGiven ?[0m?[32mthe poker system is running in standalone mode?[0m               ?[90m# dev.angzarr.examples.acceptance.AcceptancePlayerSteps.pokerSystemRunning()?[0m
  ?[31mGiven ?[0m?[31ma table ?[0m?[31m?[1m"Main"?[0m?[31m with seated players:?[0m                          ?[90m# dev.angzarr.examples.acceptance.AcceptanceTableSteps.tableWithSeatedPlayers(java.lang.String,io.cucumber.datatable.DataTable)?[0m
    | name  | seat | stack |
    | Alice | 0    | 500   |
    | Bob   | 1    | 500   |
      ?[31mdev.angzarr.client.Errors$GrpcError: UNAVAILABLE: io exception
	at dev.angzarr.client.CommandHandlerClient.handleCommand(CommandHandlerClient.java:145)
	at dev.angzarr.examples.client.GrpcCommandClient.sendCommand(GrpcCommandClient.java:47)
	at dev.angzarr.examples.client.TestContext.sendCommand(TestContext.java:106)
	at dev.angzarr.examples.acceptance.AcceptanceTableSteps.tableWithSeatedPlayers(AcceptanceTableSteps.java:86)
	at ✽.a table "Main" with seated players:(classpath:features/acceptance/sync_modes.feature:224)
?[0m
  ?[36mAnd ?[0m?[36mthe hand-flow process manager is registered?[0m                    ?[90m# dev.angzarr.examples.acceptance.AcceptanceSyncSteps.handFlowPmRegistered()?[0m
  ?[36mWhen ?[0m?[36mI send an event without correlation_id with sync_mode CASCADE?[0m ?[90m# dev.angzarr.examples.acceptance.AcceptanceSyncSteps.sendEventWithoutCorrelationCascade()?[0m
  ?[36mThen ?[0m?[36mthe process manager is not invoked?[0m                            ?[90m# dev.angzarr.examples.acceptance.AcceptanceSyncSteps.pmNotInvoked()?[0m
  ?[36mAnd ?[0m?[36msagas still execute normally?[0m                                   ?[90m# dev.angzarr.examples.acceptance.AcceptanceSyncSteps.sagasExecuteNormally()?[0m

@sync-mode @performance
Scenario: ASYNC mode has lowest latency                    ?[90m# features/acceptance/sync_modes.feature:239?[0m
  ?[32mGiven ?[0m?[32mthe poker system is running in standalone mode?[0m     ?[90m# dev.angzarr.examples.acceptance.AcceptancePlayerSteps.pokerSystemRunning()?[0m
  ?[31mGiven ?[0m?[31m?[0m?[31m?[1m10?[0m?[31m registered players?[0m                              ?[90m# dev.angzarr.examples.acceptance.AcceptancePlayerSteps.nRegisteredPlayers(int)?[0m
      ?[31mdev.angzarr.client.Errors$GrpcError: UNAVAILABLE: io exception
	at dev.angzarr.client.CommandHandlerClient.handleCommand(CommandHandlerClient.java:145)
	at dev.angzarr.examples.client.GrpcCommandClient.sendCommand(GrpcCommandClient.java:47)
	at dev.angzarr.examples.client.TestContext.sendCommand(TestContext.java:106)
	at dev.angzarr.examples.acceptance.AcceptancePlayerSteps.nRegisteredPlayers(AcceptancePlayerSteps.java:124)
	at ✽.10 registered players(classpath:features/acceptance/sync_modes.feature:240)
?[0m
  ?[36mWhen ?[0m?[36mI deposit chips to all players with sync_mode ASYNC?[0m ?[90m# dev.angzarr.examples.acceptance.AcceptancePlayerSteps.depositChipsToAllPlayersAsync()?[0m
  ?[36mThen ?[0m?[36mall commands complete within ?[0m?[36m?[1m100?[0m?[36mms each?[0m             ?[90m# dev.angzarr.examples.acceptance.AcceptanceSyncSteps.allCommandsWithinMs(int)?[0m
  ?[36mAnd ?[0m?[36mtotal execution time is less than with SIMPLE mode?[0m   ?[90m# dev.angzarr.examples.acceptance.AcceptanceSyncSteps.totalTimeLessThanSimple()?[0m

@sync-mode @performance
Scenario: CASCADE mode has highest latency but full consistency ?[90m# features/acceptance/sync_modes.feature:246?[0m
  ?[32mGiven ?[0m?[32mthe poker system is running in standalone mode?[0m          ?[90m# dev.angzarr.examples.acceptance.AcceptancePlayerSteps.pokerSystemRunning()?[0m
  ?[31mGiven ?[0m?[31ma table ?[0m?[31m?[1m"Main"?[0m?[31m with seated players:?[0m                     ?[90m# dev.angzarr.examples.acceptance.AcceptanceTableSteps.tableWithSeatedPlayers(java.lang.String,io.cucumber.datatable.DataTable)?[0m
    | name  | seat | stack |
    | Alice | 0    | 500   |
    | Bob   | 1    | 500   |
      ?[31mdev.angzarr.client.Errors$GrpcError: UNAVAILABLE: io exception
	at dev.angzarr.client.CommandHandlerClient.handleCommand(CommandHandlerClient.java:145)
	at dev.angzarr.examples.client.GrpcCommandClient.sendCommand(GrpcCommandClient.java:47)
	at dev.angzarr.examples.client.TestContext.sendCommand(TestContext.java:106)
	at dev.angzarr.examples.acceptance.AcceptanceTableSteps.tableWithSeatedPlayers(AcceptanceTableSteps.java:86)
	at ✽.a table "Main" with seated players:(classpath:features/acceptance/sync_modes.feature:247)
?[0m
  ?[36mWhen ?[0m?[36mI start a hand at table ?[0m?[36m?[1m"Main"?[0m?[36m with sync_mode CASCADE?[0m    ?[90m# dev.angzarr.examples.acceptance.AcceptanceSyncSteps.startHandCascade(java.lang.String)?[0m
  ?[36mThen ?[0m?[36mthe response time is higher than ASYNC or SIMPLE?[0m         ?[90m# dev.angzarr.examples.acceptance.AcceptanceSyncSteps.responseTimeHigher()?[0m
  ?[36mBut ?[0m?[36mall cross-domain state is consistent immediately?[0m          ?[90m# dev.angzarr.examples.acceptance.AcceptanceSyncSteps.allStateConsistent()?[0m

@sync-mode @edge-case
Scenario: Empty saga list in CASCADE mode succeeds     ?[90m# features/acceptance/sync_modes.feature:260?[0m
  ?[32mGiven ?[0m?[32mthe poker system is running in standalone mode?[0m ?[90m# dev.angzarr.examples.acceptance.AcceptancePlayerSteps.pokerSystemRunning()?[0m
  ?[32mGiven ?[0m?[32ma domain with no registered sagas?[0m              ?[90m# dev.angzarr.examples.acceptance.AcceptanceSyncSteps.domainWithNoSagas()?[0m
  ?[32mWhen ?[0m?[32mI execute a command with sync_mode CASCADE?[0m      ?[90m# dev.angzarr.examples.acceptance.AcceptanceSyncSteps.executeCommandCascade()?[0m
  ?[32mThen ?[0m?[32mthe command succeeds?[0m                            ?[90m# dev.angzarr.examples.acceptance.AcceptanceSyncSteps.commandSucceeds()?[0m
  ?[32mAnd ?[0m?[32mthe response has empty cascade_results?[0m           ?[90m# dev.angzarr.examples.acceptance.AcceptanceSyncSteps.emptyResponse()?[0m

@sync-mode @edge-case
Scenario: Saga producing no commands in CASCADE mode          ?[90m# features/acceptance/sync_modes.feature:267?[0m
  ?[32mGiven ?[0m?[32mthe poker system is running in standalone mode?[0m        ?[90m# dev.angzarr.examples.acceptance.AcceptancePlayerSteps.pokerSystemRunning()?[0m
  ?[32mGiven ?[0m?[32ma table with no seated players?[0m                        ?[90m# dev.angzarr.examples.acceptance.AcceptanceSyncSteps.tableWithNoSeatedPlayers()?[0m
  ?[32mWhen ?[0m?[32mI start a hand at table ?[0m?[32m?[1m"Empty"?[0m?[32m with sync_mode CASCADE?[0m ?[90m# dev.angzarr.examples.acceptance.AcceptanceSyncSteps.startHandCascade(java.lang.String)?[0m
  ?[32mThen ?[0m?[32mthe saga produces no commands?[0m                          ?[90m# dev.angzarr.examples.acceptance.AcceptanceSyncSteps.sagaProducesNoCommands()?[0m
  ?[32mAnd ?[0m?[32mthe command succeeds with HandStarted only?[0m              ?[90m# dev.angzarr.examples.acceptance.AcceptanceSyncSteps.commandSucceedsWithHandStartedOnly()?[0m

@cascade-error @edge-case
Scenario: All sagas fail in CONTINUE mode                              ?[90m# features/acceptance/sync_modes.feature:274?[0m
  ?[32mGiven ?[0m?[32mthe poker system is running in standalone mode?[0m                 ?[90m# dev.angzarr.examples.acceptance.AcceptancePlayerSteps.pokerSystemRunning()?[0m
  ?[32mGiven ?[0m?[32mmultiple sagas configured to fail?[0m                              ?[90m# dev.angzarr.examples.acceptance.AcceptanceSyncSteps.multipleSagasConfiguredToFail()?[0m
  ?[32mWhen ?[0m?[32mI execute a triggering command with cascade_error_mode CONTINUE?[0m ?[90m# dev.angzarr.examples.acceptance.AcceptanceSyncSteps.executeTriggeringContinue()?[0m
  ?[32mThen ?[0m?[32mthe command succeeds?[0m                                            ?[90m# dev.angzarr.examples.acceptance.AcceptanceSyncSteps.commandSucceeds()?[0m
  ?[32mAnd ?[0m?[32mall saga errors are collected in cascade_errors?[0m                  ?[90m# dev.angzarr.examples.acceptance.AcceptanceSyncSteps.allSagaErrorsCollected()?[0m
  ?[32mAnd ?[0m?[32mthe original event is still persisted?[0m                            ?[90m# dev.angzarr.examples.acceptance.AcceptanceSyncSteps.originalEventPersisted()?[0m
]]></system-out>
  <system-err><![CDATA[WARNING: A Java agent has been loaded dynamically (/home/babbitt/.gradle/caches/modules-2/files-2.1/net.bytebuddy/byte-buddy-agent/1.14.9/dfb8707031008535048bad2b69735f46d0b6c5e5/byte-buddy-agent-1.14.9.jar)
WARNING: If a serviceability tool is in use, please run with -XX:+EnableDynamicAgentLoading to hide this warning
WARNING: If a serviceability tool is not in use, please run with -Djdk.instrument.traceUsage for more information
WARNING: Dynamic loading of agents will be disallowed by default in a future release
]]></system-err>
</testsuite>
