<?xml version="1.0" encoding="UTF-8"?>
<testsuite name="dev.angzarr.examples.AcceptanceTest" tests="165" skipped="0" failures="9" errors="0" timestamp="2026-04-10T04:27:26" hostname="DESKTOP-GJ1OCQP" time="1.838">
  <properties/>
  <testcase name="Hand aggregate logic - Deal Texas Hold'em hand to 2 players" classname="dev.angzarr.examples.AcceptanceTest" time="0.77"/>
  <testcase name="Hand aggregate logic - Deal Omaha hand to 3 players" classname="dev.angzarr.examples.AcceptanceTest" time="0.014"/>
  <testcase name="Hand aggregate logic - Deal Five Card Draw hand to 4 players" classname="dev.angzarr.examples.AcceptanceTest" time="0.014"/>
  <testcase name="Hand aggregate logic - Deterministic shuffle with seed" classname="dev.angzarr.examples.AcceptanceTest" time="0.015"/>
  <testcase name="Hand aggregate logic - Cannot deal cards twice" classname="dev.angzarr.examples.AcceptanceTest" time="0.016"/>
  <testcase name="Hand aggregate logic - Cannot deal with fewer than 2 players" classname="dev.angzarr.examples.AcceptanceTest" time="0.008"/>
  <testcase name="Hand aggregate logic - Post small blind" classname="dev.angzarr.examples.AcceptanceTest" time="0.013"/>
  <testcase name="Hand aggregate logic - Post big blind" classname="dev.angzarr.examples.AcceptanceTest" time="0.01"/>
  <testcase name="Hand aggregate logic - Post all-in blind when short-stacked" classname="dev.angzarr.examples.AcceptanceTest" time="0.009"/>
  <testcase name="Hand aggregate logic - Player folds" classname="dev.angzarr.examples.AcceptanceTest" time="0.013"/>
  <testcase name="Hand aggregate logic - Player checks when no bet" classname="dev.angzarr.examples.AcceptanceTest" time="0.013"/>
  <testcase name="Hand aggregate logic - Player calls the big blind" classname="dev.angzarr.examples.AcceptanceTest" time="0.008"/>
  <testcase name="Hand aggregate logic - Player bets" classname="dev.angzarr.examples.AcceptanceTest" time="0.01"/>
  <testcase name="Hand aggregate logic - Player raises" classname="dev.angzarr.examples.AcceptanceTest" time="0.007"/>
  <testcase name="Hand aggregate logic - Player goes all-in" classname="dev.angzarr.examples.AcceptanceTest" time="0.008"/>
  <testcase name="Hand aggregate logic - Cannot check when facing a bet" classname="dev.angzarr.examples.AcceptanceTest" time="0.008"/>
  <testcase name="Hand aggregate logic - Cannot bet less than minimum" classname="dev.angzarr.examples.AcceptanceTest" time="0.008"/>
  <testcase name="Hand aggregate logic - Deal the flop" classname="dev.angzarr.examples.AcceptanceTest" time="0.007"/>
  <testcase name="Hand aggregate logic - Deal the turn" classname="dev.angzarr.examples.AcceptanceTest" time="0.006"/>
  <testcase name="Hand aggregate logic - Deal the river" classname="dev.angzarr.examples.AcceptanceTest" time="0.006"/>
  <testcase name="Hand aggregate logic - Cannot deal community cards in Five Card Draw" classname="dev.angzarr.examples.AcceptanceTest" time="0.006"/>
  <testcase name="Hand aggregate logic - Player discards and draws cards" classname="dev.angzarr.examples.AcceptanceTest" time="0.01"/>
  <testcase name="Hand aggregate logic - Player stands pat (no discard)" classname="dev.angzarr.examples.AcceptanceTest" time="0.007"/>
  <testcase name="Hand aggregate logic - Cannot draw in Texas Hold'em" classname="dev.angzarr.examples.AcceptanceTest" time="0.006"/>
  <testcase name="Hand aggregate logic - Player reveals cards at showdown" classname="dev.angzarr.examples.AcceptanceTest" time="0.012"/>
  <testcase name="Hand aggregate logic - Player mucks cards" classname="dev.angzarr.examples.AcceptanceTest" time="0.007"/>
  <testcase name="Hand aggregate logic - Award pot to single winner" classname="dev.angzarr.examples.AcceptanceTest" time="0.01"/>
  <testcase name="Hand aggregate logic - Award pot generates HandComplete" classname="dev.angzarr.examples.AcceptanceTest" time="0.007"/>
  <testcase name="Hand aggregate logic - Royal flush beats straight flush" classname="dev.angzarr.examples.AcceptanceTest" time="0.006"/>
  <testcase name="Hand aggregate logic - Full house beats flush" classname="dev.angzarr.examples.AcceptanceTest" time="0.005"/>
  <testcase name="Hand aggregate logic - High card comparison with kickers" classname="dev.angzarr.examples.AcceptanceTest" time="0.005"/>
  <testcase name="Hand aggregate logic - Handler detects straight" classname="dev.angzarr.examples.AcceptanceTest" time="0.006"/>
  <testcase name="Hand aggregate logic - Handler detects wheel straight (A-2-3-4-5)" classname="dev.angzarr.examples.AcceptanceTest" time="0.005"/>
  <testcase name="Hand aggregate logic - Handler detects straight flush" classname="dev.angzarr.examples.AcceptanceTest" time="0.005"/>
  <testcase name="Hand aggregate logic - Handler detects royal flush" classname="dev.angzarr.examples.AcceptanceTest" time="0.004"/>
  <testcase name="Hand aggregate logic - Handler detects four of a kind" classname="dev.angzarr.examples.AcceptanceTest" time="0.008"/>
  <testcase name="Hand aggregate logic - Handler detects full house" classname="dev.angzarr.examples.AcceptanceTest" time="0.006"/>
  <testcase name="Hand aggregate logic - Handler detects flush" classname="dev.angzarr.examples.AcceptanceTest" time="0.004"/>
  <testcase name="Hand aggregate logic - Handler detects three of a kind" classname="dev.angzarr.examples.AcceptanceTest" time="0.004"/>
  <testcase name="Hand aggregate logic - Handler detects two pair" classname="dev.angzarr.examples.AcceptanceTest" time="0.006"/>
  <testcase name="Hand aggregate logic - Handler detects pair" classname="dev.angzarr.examples.AcceptanceTest" time="0.005"/>
  <testcase name="Hand aggregate logic - Handler detects high card" classname="dev.angzarr.examples.AcceptanceTest" time="0.005"/>
  <testcase name="Hand aggregate logic - Cannot raise less than minimum raise amount" classname="dev.angzarr.examples.AcceptanceTest" time="0.006"/>
  <testcase name="Hand aggregate logic - Split pot when hands are identical" classname="dev.angzarr.examples.AcceptanceTest" time="0.005"/>
  <testcase name="Hand aggregate logic - Kicker determines winner with matching pairs" classname="dev.angzarr.examples.AcceptanceTest" time="0.007"/>
  <testcase name="Hand aggregate logic - Rebuild state after dealing" classname="dev.angzarr.examples.AcceptanceTest" time="0.008"/>
  <testcase name="Hand aggregate logic - Rebuild state with community cards" classname="dev.angzarr.examples.AcceptanceTest" time="0.006"/>
  <testcase name="Hand aggregate logic - Rebuild state tracks folded players" classname="dev.angzarr.examples.AcceptanceTest" time="0.006"/>
  <testcase name="Process Manager orchestration logic - BuyInOrchestrator emits SeatPlayer when validation passes" classname="dev.angzarr.examples.AcceptanceTest" time="0.006"/>
  <testcase name="Process Manager orchestration logic - BuyInOrchestrator rejects when buy-in too low" classname="dev.angzarr.examples.AcceptanceTest" time="0.006"/>
  <testcase name="Process Manager orchestration logic - BuyInOrchestrator rejects when buy-in too high" classname="dev.angzarr.examples.AcceptanceTest" time="0.005"/>
  <testcase name="Process Manager orchestration logic - BuyInOrchestrator rejects when seat is occupied" classname="dev.angzarr.examples.AcceptanceTest" time="0.005"/>
  <testcase name="Process Manager orchestration logic - BuyInOrchestrator rejects when table is full" classname="dev.angzarr.examples.AcceptanceTest" time="0.005"/>
  <testcase name="Process Manager orchestration logic - BuyInOrchestrator confirms buy-in on PlayerSeated" classname="dev.angzarr.examples.AcceptanceTest" time="0.006"/>
  <testcase name="Process Manager orchestration logic - BuyInOrchestrator releases funds on SeatingRejected" classname="dev.angzarr.examples.AcceptanceTest" time="0.005"/>
  <testcase name="Process Manager orchestration logic - RegistrationOrchestrator emits EnrollPlayer when validation passes" classname="dev.angzarr.examples.AcceptanceTest" time="0.006"/>
  <testcase name="Process Manager orchestration logic - RegistrationOrchestrator rejects when tournament is full" classname="dev.angzarr.examples.AcceptanceTest" time="0.007"/>
  <testcase name="Process Manager orchestration logic - RegistrationOrchestrator rejects when registration is closed" classname="dev.angzarr.examples.AcceptanceTest" time="0.006"/>
  <testcase name="Process Manager orchestration logic - RegistrationOrchestrator confirms on TournamentPlayerEnrolled" classname="dev.angzarr.examples.AcceptanceTest" time="0.006"/>
  <testcase name="Process Manager orchestration logic - RegistrationOrchestrator releases fee on TournamentEnrollmentRejected" classname="dev.angzarr.examples.AcceptanceTest" time="0.005"/>
  <testcase name="Process Manager orchestration logic - RebuyOrchestrator emits ProcessRebuy when all validations pass" classname="dev.angzarr.examples.AcceptanceTest" time="0.005"/>
  <testcase name="Process Manager orchestration logic - RebuyOrchestrator rejects when rebuy window is closed" classname="dev.angzarr.examples.AcceptanceTest" time="0.006"/>
  <testcase name="Process Manager orchestration logic - RebuyOrchestrator rejects when player not seated" classname="dev.angzarr.examples.AcceptanceTest" time="0.006"/>
  <testcase name="Process Manager orchestration logic - RebuyOrchestrator adds chips on RebuyProcessed" classname="dev.angzarr.examples.AcceptanceTest" time="0.006"/>
  <testcase name="Process Manager orchestration logic - RebuyOrchestrator confirms fee after RebuyChipsAdded" classname="dev.angzarr.examples.AcceptanceTest" time="0.006"/>
  <testcase name="Process Manager orchestration logic - RebuyOrchestrator releases fee on RebuyDenied" classname="dev.angzarr.examples.AcceptanceTest" time="0.007"/>
  <testcase name="Player aggregate logic - Register a new human player" classname="dev.angzarr.examples.AcceptanceTest" time="0.016"/>
  <testcase name="Player aggregate logic - Cannot register player twice" classname="dev.angzarr.examples.AcceptanceTest" time="0.008"/>
  <testcase name="Player aggregate logic - Register an AI player" classname="dev.angzarr.examples.AcceptanceTest" time="0.005"/>
  <testcase name="Player aggregate logic - Deposit funds to bankroll" classname="dev.angzarr.examples.AcceptanceTest" time="0.01"/>
  <testcase name="Player aggregate logic - Multiple deposits accumulate" classname="dev.angzarr.examples.AcceptanceTest" time="0.006"/>
  <testcase name="Player aggregate logic - Cannot deposit to non-existent player" classname="dev.angzarr.examples.AcceptanceTest" time="0.005"/>
  <testcase name="Player aggregate logic - Cannot deposit zero or negative" classname="dev.angzarr.examples.AcceptanceTest" time="0.007"/>
  <testcase name="Player aggregate logic - Withdraw funds from bankroll" classname="dev.angzarr.examples.AcceptanceTest" time="0.012"/>
  <testcase name="Player aggregate logic - Cannot withdraw more than available" classname="dev.angzarr.examples.AcceptanceTest" time="0.008"/>
  <testcase name="Player aggregate logic - Cannot withdraw with funds reserved" classname="dev.angzarr.examples.AcceptanceTest" time="0.008"/>
  <testcase name="Player aggregate logic - Reserve funds for table buy-in" classname="dev.angzarr.examples.AcceptanceTest" time="0.007"/>
  <testcase name="Player aggregate logic - Cannot reserve more than available" classname="dev.angzarr.examples.AcceptanceTest" time="0.004"/>
  <testcase name="Player aggregate logic - Cannot reserve for same table twice" classname="dev.angzarr.examples.AcceptanceTest" time="0.008"/>
  <testcase name="Player aggregate logic - Release reserved funds back to bankroll" classname="dev.angzarr.examples.AcceptanceTest" time="0.007"/>
  <testcase name="Player aggregate logic - Cannot release non-existent reservation" classname="dev.angzarr.examples.AcceptanceTest" time="0.004"/>
  <testcase name="Player aggregate logic - Rebuild state with deposits and reservations" classname="dev.angzarr.examples.AcceptanceTest" time="0.004"/>
  <testcase name="Player aggregate logic - Funds released when table join is rejected" classname="dev.angzarr.examples.AcceptanceTest" time="0.004"/>
  <testcase name="Process manager logic - Process manager initializes hand from HandStarted" classname="dev.angzarr.examples.AcceptanceTest" time="0.012">
    <failure message="java.lang.NullPointerException: Cannot invoke &quot;com.google.protobuf.Any.is(java.lang.Class)&quot; because &quot;this.sourceEvent&quot; is null" type="java.lang.NullPointerException">java.lang.NullPointerException: Cannot invoke &quot;com.google.protobuf.Any.is(java.lang.Class)&quot; because &quot;this.sourceEvent&quot; is null
	at dev.angzarr.examples.steps.SagaSteps.activePlayersTable(SagaSteps.java:101)
	at ✽.active players:(classpath:features/unit/process_manager.feature:47)
</failure>
  </testcase>
  <testcase name="Process manager logic - Process manager transitions to blind posting after cards dealt" classname="dev.angzarr.examples.AcceptanceTest" time="0.008"/>
  <testcase name="Process manager logic - Process manager posts big blind after small blind" classname="dev.angzarr.examples.AcceptanceTest" time="0.006">
    <failure message="java.lang.AssertionError: &#10;Expecting any elements of:&#10;  []&#10;to match given predicate but none did." type="java.lang.AssertionError">java.lang.AssertionError: 
Expecting any elements of:
  []
to match given predicate but none did.
	at java.base/java.util.Optional.orElseThrow(Optional.java:403)
	at dev.angzarr.examples.steps.ProcessManagerSteps.postBlindCommandSentForBigBlind(ProcessManagerSteps.java:423)
	at ✽.a PostBlind command is sent for big blind(classpath:features/unit/process_manager.feature:74)
</failure>
  </testcase>
  <testcase name="Process manager logic - Process manager starts betting after big blind posted" classname="dev.angzarr.examples.AcceptanceTest" time="0.004"/>
  <testcase name="Process manager logic - Process manager advances action after player acts" classname="dev.angzarr.examples.AcceptanceTest" time="0.004"/>
  <testcase name="Process manager logic - Process manager resets has_acted after raise" classname="dev.angzarr.examples.AcceptanceTest" time="0.006">
    <failure message="java.lang.NullPointerException: Cannot read field &quot;hasActed&quot; because the return value of &quot;java.util.Map.get(Object)&quot; is null" type="java.lang.NullPointerException">java.lang.NullPointerException: Cannot read field &quot;hasActed&quot; because the return value of &quot;java.util.Map.get(Object)&quot; is null
	at dev.angzarr.examples.steps.ProcessManagerSteps.playersHaveHasActedReset(ProcessManagerSteps.java:441)
	at ✽.players at positions 1 and 2 have has_acted reset to false(classpath:features/unit/process_manager.feature:103)
</failure>
  </testcase>
  <testcase name="Process manager logic - Process manager detects betting complete" classname="dev.angzarr.examples.AcceptanceTest" time="0.004"/>
  <testcase name="Process manager logic - Process manager deals flop after preflop betting" classname="dev.angzarr.examples.AcceptanceTest" time="0.005"/>
  <testcase name="Process manager logic - Process manager deals turn after flop betting" classname="dev.angzarr.examples.AcceptanceTest" time="0.004"/>
  <testcase name="Process manager logic - Process manager deals river after turn betting" classname="dev.angzarr.examples.AcceptanceTest" time="0.004"/>
  <testcase name="Process manager logic - Process manager starts showdown after river betting" classname="dev.angzarr.examples.AcceptanceTest" time="0.004"/>
  <testcase name="Process manager logic - Process manager awards pot to last player standing" classname="dev.angzarr.examples.AcceptanceTest" time="0.005"/>
  <testcase name="Process manager logic - Process manager handles all-in correctly" classname="dev.angzarr.examples.AcceptanceTest" time="0.005"/>
  <testcase name="Process manager logic - Process manager auto-folds on timeout when facing bet" classname="dev.angzarr.examples.AcceptanceTest" time="0.005"/>
  <testcase name="Process manager logic - Process manager auto-checks on timeout when no bet" classname="dev.angzarr.examples.AcceptanceTest" time="0.005"/>
  <testcase name="Process manager logic - Process manager handles Five Card Draw phase transition" classname="dev.angzarr.examples.AcceptanceTest" time="0.004"/>
  <testcase name="Process manager logic - Process manager starts final betting after draw" classname="dev.angzarr.examples.AcceptanceTest" time="0.003"/>
  <testcase name="Process manager logic - Process manager resets betting state for new round" classname="dev.angzarr.examples.AcceptanceTest" time="0.004"/>
  <testcase name="Process manager logic - Process manager tracks pot total correctly" classname="dev.angzarr.examples.AcceptanceTest" time="0.003"/>
  <testcase name="Process manager logic - Process manager tracks player stacks correctly" classname="dev.angzarr.examples.AcceptanceTest" time="0.004"/>
  <testcase name="Process manager logic - Process manager completes hand on PotAwarded" classname="dev.angzarr.examples.AcceptanceTest" time="0.004"/>
  <testcase name="Projector logic - Render PlayerRegistered event" classname="dev.angzarr.examples.AcceptanceTest" time="0.004"/>
  <testcase name="Projector logic - Render FundsDeposited event" classname="dev.angzarr.examples.AcceptanceTest" time="0.006"/>
  <testcase name="Projector logic - Render FundsWithdrawn event" classname="dev.angzarr.examples.AcceptanceTest" time="0.004"/>
  <testcase name="Projector logic - Render FundsReserved event" classname="dev.angzarr.examples.AcceptanceTest" time="0.004"/>
  <testcase name="Projector logic - Render TableCreated event" classname="dev.angzarr.examples.AcceptanceTest" time="0.007"/>
  <testcase name="Projector logic - Render PlayerJoined event" classname="dev.angzarr.examples.AcceptanceTest" time="0.008"/>
  <testcase name="Projector logic - Render PlayerLeft event" classname="dev.angzarr.examples.AcceptanceTest" time="0.005"/>
  <testcase name="Projector logic - Render HandStarted event" classname="dev.angzarr.examples.AcceptanceTest" time="0.006"/>
  <testcase name="Projector logic - Render HandEnded event with results" classname="dev.angzarr.examples.AcceptanceTest" time="0.009"/>
  <testcase name="Projector logic - Render CardsDealt event" classname="dev.angzarr.examples.AcceptanceTest" time="0.007">
    <failure message="java.lang.AssertionError: &#10;Expecting actual:&#10;  &quot;Alice: [A? Ks]&quot;&#10;to contain:&#10;  &quot;Alice: [As Kh]&quot;&#10; (ignoring case)" type="java.lang.AssertionError">java.lang.AssertionError: 
Expecting actual:
  &quot;Alice: [A? Ks]&quot;
to contain:
  &quot;Alice: [As Kh]&quot;
 (ignoring case)
	at dev.angzarr.examples.steps.ProjectorSteps.outputContains(ProjectorSteps.java:655)
	at ✽.the output contains &quot;Alice: [As Kh]&quot;(classpath:features/unit/projector.feature:125)
</failure>
  </testcase>
  <testcase name="Projector logic - Render BlindPosted event" classname="dev.angzarr.examples.AcceptanceTest" time="0.005"/>
  <testcase name="Projector logic - Render ActionTaken with fold" classname="dev.angzarr.examples.AcceptanceTest" time="0.005"/>
  <testcase name="Projector logic - Render ActionTaken with call" classname="dev.angzarr.examples.AcceptanceTest" time="0.006"/>
  <testcase name="Projector logic - Render ActionTaken with raise" classname="dev.angzarr.examples.AcceptanceTest" time="0.006"/>
  <testcase name="Projector logic - Render ActionTaken with all-in" classname="dev.angzarr.examples.AcceptanceTest" time="0.006"/>
  <testcase name="Projector logic - Render CommunityCardsDealt for flop" classname="dev.angzarr.examples.AcceptanceTest" time="0.006">
    <failure message="java.lang.AssertionError: &#10;Expecting actual:&#10;  &quot;Flop: [As Kh 7?]&#10;Board: As Kh 7?&quot;&#10;to contain:&#10;  &quot;Flop: [Ah Kd 7s]&quot;&#10; (ignoring case)" type="java.lang.AssertionError">java.lang.AssertionError: 
Expecting actual:
  &quot;Flop: [As Kh 7?]
Board: As Kh 7?&quot;
to contain:
  &quot;Flop: [Ah Kd 7s]&quot;
 (ignoring case)
	at dev.angzarr.examples.steps.ProjectorSteps.outputContains(ProjectorSteps.java:655)
	at ✽.the output contains &quot;Flop: [Ah Kd 7s]&quot;(classpath:features/unit/projector.feature:162)
</failure>
  </testcase>
  <testcase name="Projector logic - Render CommunityCardsDealt for turn" classname="dev.angzarr.examples.AcceptanceTest" time="0.005">
    <failure message="java.lang.AssertionError: &#10;Expecting actual:&#10;  &quot;Turn: [2d]&#10;Board: 2d&quot;&#10;to contain:&#10;  &quot;Turn: [2c]&quot;&#10; (ignoring case)" type="java.lang.AssertionError">java.lang.AssertionError: 
Expecting actual:
  &quot;Turn: [2d]
Board: 2d&quot;
to contain:
  &quot;Turn: [2c]&quot;
 (ignoring case)
	at dev.angzarr.examples.steps.ProjectorSteps.outputContains(ProjectorSteps.java:655)
	at ✽.the output contains &quot;Turn: [2c]&quot;(classpath:features/unit/projector.feature:169)
</failure>
  </testcase>
  <testcase name="Projector logic - Render ShowdownStarted event" classname="dev.angzarr.examples.AcceptanceTest" time="0.005"/>
  <testcase name="Projector logic - Render CardsRevealed event" classname="dev.angzarr.examples.AcceptanceTest" time="0.006">
    <failure message="java.lang.AssertionError: &#10;Expecting actual:&#10;  &quot;Alice shows [A? Ah] — Pair&quot;&#10;to contain:&#10;  &quot;Alice shows [As Ad]&quot;&#10; (ignoring case)" type="java.lang.AssertionError">java.lang.AssertionError: 
Expecting actual:
  &quot;Alice shows [A? Ah] — Pair&quot;
to contain:
  &quot;Alice shows [As Ad]&quot;
 (ignoring case)
	at dev.angzarr.examples.steps.ProjectorSteps.outputContains(ProjectorSteps.java:655)
	at ✽.the output contains &quot;Alice shows [As Ad]&quot;(classpath:features/unit/projector.feature:181)
</failure>
  </testcase>
  <testcase name="Projector logic - Render CardsMucked event" classname="dev.angzarr.examples.AcceptanceTest" time="0.005"/>
  <testcase name="Projector logic - Render PotAwarded event" classname="dev.angzarr.examples.AcceptanceTest" time="0.006"/>
  <testcase name="Projector logic - Render HandComplete event" classname="dev.angzarr.examples.AcceptanceTest" time="0.008"/>
  <testcase name="Projector logic - Render PlayerTimedOut event" classname="dev.angzarr.examples.AcceptanceTest" time="0.007"/>
  <testcase name="Projector logic - Format card with all suits" classname="dev.angzarr.examples.AcceptanceTest" time="0.009"/>
  <testcase name="Projector logic - Format card with all ranks" classname="dev.angzarr.examples.AcceptanceTest" time="0.006"/>
  <testcase name="Projector logic - Use registered player names" classname="dev.angzarr.examples.AcceptanceTest" time="0.005"/>
  <testcase name="Projector logic - Fallback to truncated player ID" classname="dev.angzarr.examples.AcceptanceTest" time="0.006">
    <failure message="java.lang.AssertionError: &#10;Expecting actual:&#10;  &quot;Player_33616237363136392d313764352d336634342d616164632d663435366461383831306631 checks&quot;&#10;to contain:&#10;  &quot;Player_xyz789&quot; " type="java.lang.AssertionError">java.lang.AssertionError: 
Expecting actual:
  &quot;Player_33616237363136392d313764352d336634342d616164632d663435366461383831306631 checks&quot;
to contain:
  &quot;Player_xyz789&quot; 
	at dev.angzarr.examples.steps.ProjectorSteps.outputUsesPrefix(ProjectorSteps.java:679)
	at ✽.the output uses &quot;Player_xyz789&quot; prefix(classpath:features/unit/projector.feature:256)
</failure>
  </testcase>
  <testcase name="Projector logic - Include timestamps when enabled" classname="dev.angzarr.examples.AcceptanceTest" time="0.006"/>
  <testcase name="Projector logic - Exclude timestamps when disabled" classname="dev.angzarr.examples.AcceptanceTest" time="0.006"/>
  <testcase name="Projector logic - Handle multiple events in event book" classname="dev.angzarr.examples.AcceptanceTest" time="0.007"/>
  <testcase name="Projector logic - Handle unknown event type gracefully" classname="dev.angzarr.examples.AcceptanceTest" time="0.006"/>
  <testcase name="Saga logic - Table sync saga routes HandStarted to DealCards" classname="dev.angzarr.examples.AcceptanceTest" time="0.008"/>
  <testcase name="Saga logic - Table sync saga routes HandComplete to EndHand" classname="dev.angzarr.examples.AcceptanceTest" time="0.01"/>
  <testcase name="Saga logic - Hand results saga routes HandEnded to ReleaseFunds" classname="dev.angzarr.examples.AcceptanceTest" time="0.009"/>
  <testcase name="Saga logic - Hand results saga routes PotAwarded to DepositFunds" classname="dev.angzarr.examples.AcceptanceTest" time="0.006"/>
  <testcase name="Saga logic - Saga router dispatches to matching sagas only" classname="dev.angzarr.examples.AcceptanceTest" time="0.006"/>
  <testcase name="Saga logic - Saga router handles multiple events in event book" classname="dev.angzarr.examples.AcceptanceTest" time="0.006"/>
  <testcase name="Saga logic - Saga router continues after saga failure" classname="dev.angzarr.examples.AcceptanceTest" time="0.006"/>
  <testcase name="Saga logic - Saga handles empty player list gracefully" classname="dev.angzarr.examples.AcceptanceTest" time="0.006"/>
  <testcase name="Saga logic - Hand results saga skips players with zero change" classname="dev.angzarr.examples.AcceptanceTest" time="0.005"/>
  <testcase name="Table aggregate logic - Create a Texas Hold'em table" classname="dev.angzarr.examples.AcceptanceTest" time="0.011"/>
  <testcase name="Table aggregate logic - Create a Five Card Draw table" classname="dev.angzarr.examples.AcceptanceTest" time="0.009"/>
  <testcase name="Table aggregate logic - Cannot create table twice" classname="dev.angzarr.examples.AcceptanceTest" time="0.007"/>
  <testcase name="Table aggregate logic - Player joins table at preferred seat" classname="dev.angzarr.examples.AcceptanceTest" time="0.004"/>
  <testcase name="Table aggregate logic - Player joins table at any seat" classname="dev.angzarr.examples.AcceptanceTest" time="0.003"/>
  <testcase name="Table aggregate logic - Cannot join occupied seat" classname="dev.angzarr.examples.AcceptanceTest" time="0.003"/>
  <testcase name="Table aggregate logic - Cannot join table twice" classname="dev.angzarr.examples.AcceptanceTest" time="0.004"/>
  <testcase name="Table aggregate logic - Cannot join with insufficient buy-in" classname="dev.angzarr.examples.AcceptanceTest" time="0.003"/>
  <testcase name="Table aggregate logic - Cannot join full table" classname="dev.angzarr.examples.AcceptanceTest" time="0.004"/>
  <testcase name="Table aggregate logic - Player leaves table" classname="dev.angzarr.examples.AcceptanceTest" time="0.005"/>
  <testcase name="Table aggregate logic - Cannot leave during hand" classname="dev.angzarr.examples.AcceptanceTest" time="0.004"/>
  <testcase name="Table aggregate logic - Cannot leave table not joined" classname="dev.angzarr.examples.AcceptanceTest" time="0.003"/>
  <testcase name="Table aggregate logic - Start a new hand" classname="dev.angzarr.examples.AcceptanceTest" time="0.004"/>
  <testcase name="Table aggregate logic - Dealer button advances each hand" classname="dev.angzarr.examples.AcceptanceTest" time="0.003"/>
  <testcase name="Table aggregate logic - Cannot start hand with fewer than 2 players" classname="dev.angzarr.examples.AcceptanceTest" time="0.003"/>
  <testcase name="Table aggregate logic - Cannot start hand while one is in progress" classname="dev.angzarr.examples.AcceptanceTest" time="0.003"/>
  <testcase name="Table aggregate logic - End hand and update stacks" classname="dev.angzarr.examples.AcceptanceTest" time="0.003"/>
  <testcase name="Table aggregate logic - Cannot end hand not in progress" classname="dev.angzarr.examples.AcceptanceTest" time="0.003"/>
  <testcase name="Table aggregate logic - End hand updates player stacks with wins and losses" classname="dev.angzarr.examples.AcceptanceTest" time="0.004"/>
  <testcase name="Table aggregate logic - Rebuild state with multiple players" classname="dev.angzarr.examples.AcceptanceTest" time="0.006">
    <failure message="org.opentest4j.AssertionFailedError: &#10;expected: &quot;706c617965722d31&quot;&#10; but was: dev.angzarr.examples.table.state.SeatState@6682e6a5" type="org.opentest4j.AssertionFailedError">org.opentest4j.AssertionFailedError: 
expected: &quot;706c617965722d31&quot;
 but was: dev.angzarr.examples.table.state.SeatState@6682e6a5
	at java.base@21.0.10/java.lang.reflect.Constructor.newInstanceWithCaller(Constructor.java:502)
	at app//dev.angzarr.examples.steps.TableSteps.tableStateHasSeatOccupiedBy(TableSteps.java:349)
	at ✽.the table state has seat 0 occupied by &quot;player-1&quot;(classpath:features/unit/table.feature:233)
</failure>
  </testcase>
  <testcase name="Table aggregate logic - Rebuild state during hand" classname="dev.angzarr.examples.AcceptanceTest" time="0.003"/>
  <system-out><![CDATA[
  .   ____          _            __ _ _
 /\\ / ___'_ __ _ _(_)_ __  __ _ \ \ \ \
( ( )\___ | '_ | '_| | '_ \/ _` | \ \ \ \
 \\/  ___)| |_)| | | | | || (_| |  ) ) ) )
  '  |____| .__|_| |_|_| |_\__, | / / / /
 =========|_|==============|___/=/_/_/_/
 :: Spring Boot ::                (v3.2.0)

2026-04-09T23:27:26.897-05:00  INFO 1101177 --- [    Test worker] d.a.e.steps.CucumberSpringConfiguration  : Starting CucumberSpringConfiguration using Java 21.0.10 with PID 1101177 (started by babbitt in /home/babbitt/workspace/angzarr/examples-java/main/tests)
2026-04-09T23:27:26.898-05:00  INFO 1101177 --- [    Test worker] d.a.e.steps.CucumberSpringConfiguration  : No active profile set, falling back to 1 default profile: "default"
2026-04-09T23:27:26.940-05:00  INFO 1101177 --- [    Test worker] d.a.e.steps.CucumberSpringConfiguration  : Started CucumberSpringConfiguration in 0.155 seconds (process running for 0.778)

Scenario: Deal Texas Hold'em hand to 2 players                     ?[90m# features/unit/hand.feature:42?[0m
  ?[32mGiven ?[0m?[32mno prior events for the hand aggregate?[0m                     ?[90m# dev.angzarr.examples.steps.HandSteps.noPriorEventsForHand()?[0m
  ?[32mWhen ?[0m?[32mI handle a DealCards command for ?[0m?[32m?[1mTEXAS_HOLDEM?[0m?[32m with players:?[0m ?[90m# dev.angzarr.examples.steps.HandSteps.handleDealCardsCommandForVariant(java.lang.String,io.cucumber.datatable.DataTable)?[0m
    | player_root | position | stack |
    | player-1    | 0        | 500   |
    | player-2    | 1        | 500   |
  ?[32mThen ?[0m?[32mthe result is a examples.CardsDealt event?[0m                   ?[90m# dev.angzarr.examples.steps.HandSteps.resultIsCardsDealtEvent()?[0m
  ?[32mAnd ?[0m?[32meach player has ?[0m?[32m?[1m2?[0m?[32m hole cards?[0m                                 ?[90m# dev.angzarr.examples.steps.HandSteps.eachPlayerHasHoleCards(int)?[0m
  ?[32mAnd ?[0m?[32mthe remaining deck has ?[0m?[32m?[1m48?[0m?[32m cards?[0m                              ?[90m# dev.angzarr.examples.steps.HandSteps.remainingDeckHasCards(int)?[0m

Scenario: Deal Omaha hand to 3 players                      ?[90m# features/unit/hand.feature:52?[0m
  ?[32mGiven ?[0m?[32mno prior events for the hand aggregate?[0m              ?[90m# dev.angzarr.examples.steps.HandSteps.noPriorEventsForHand()?[0m
  ?[32mWhen ?[0m?[32mI handle a DealCards command for ?[0m?[32m?[1mOMAHA?[0m?[32m with players:?[0m ?[90m# dev.angzarr.examples.steps.HandSteps.handleDealCardsCommandForVariant(java.lang.String,io.cucumber.datatable.DataTable)?[0m
    | player_root | position | stack |
    | player-1    | 0        | 500   |
    | player-2    | 1        | 500   |
    | player-3    | 2        | 500   |
  ?[32mThen ?[0m?[32mthe result is a examples.CardsDealt event?[0m            ?[90m# dev.angzarr.examples.steps.HandSteps.resultIsCardsDealtEvent()?[0m
  ?[32mAnd ?[0m?[32meach player has ?[0m?[32m?[1m4?[0m?[32m hole cards?[0m                          ?[90m# dev.angzarr.examples.steps.HandSteps.eachPlayerHasHoleCards(int)?[0m
  ?[32mAnd ?[0m?[32mthe remaining deck has ?[0m?[32m?[1m40?[0m?[32m cards?[0m                       ?[90m# dev.angzarr.examples.steps.HandSteps.remainingDeckHasCards(int)?[0m

Scenario: Deal Five Card Draw hand to 4 players                      ?[90m# features/unit/hand.feature:63?[0m
  ?[32mGiven ?[0m?[32mno prior events for the hand aggregate?[0m                       ?[90m# dev.angzarr.examples.steps.HandSteps.noPriorEventsForHand()?[0m
  ?[32mWhen ?[0m?[32mI handle a DealCards command for ?[0m?[32m?[1mFIVE_CARD_DRAW?[0m?[32m with players:?[0m ?[90m# dev.angzarr.examples.steps.HandSteps.handleDealCardsCommandForVariant(java.lang.String,io.cucumber.datatable.DataTable)?[0m
    | player_root | position | stack |
    | player-1    | 0        | 500   |
    | player-2    | 1        | 500   |
    | player-3    | 2        | 500   |
    | player-4    | 3        | 500   |
  ?[32mThen ?[0m?[32mthe result is a examples.CardsDealt event?[0m                     ?[90m# dev.angzarr.examples.steps.HandSteps.resultIsCardsDealtEvent()?[0m
  ?[32mAnd ?[0m?[32meach player has ?[0m?[32m?[1m5?[0m?[32m hole cards?[0m                                   ?[90m# dev.angzarr.examples.steps.HandSteps.eachPlayerHasHoleCards(int)?[0m
  ?[32mAnd ?[0m?[32mthe remaining deck has ?[0m?[32m?[1m32?[0m?[32m cards?[0m                                ?[90m# dev.angzarr.examples.steps.HandSteps.remainingDeckHasCards(int)?[0m

Scenario: Deterministic shuffle with seed                                  ?[90m# features/unit/hand.feature:75?[0m
  ?[32mGiven ?[0m?[32mno prior events for the hand aggregate?[0m                             ?[90m# dev.angzarr.examples.steps.HandSteps.noPriorEventsForHand()?[0m
  ?[32mWhen ?[0m?[32mI handle a DealCards command with seed ?[0m?[32m?[1m"test-seed-123"?[0m?[32m and players:?[0m ?[90m# dev.angzarr.examples.steps.HandSteps.handleDealCardsCommandWithSeed(java.lang.String,io.cucumber.datatable.DataTable)?[0m
    | player_root | position | stack |
    | player-1    | 0        | 500   |
    | player-2    | 1        | 500   |
  ?[32mThen ?[0m?[32mthe result is a examples.CardsDealt event?[0m                           ?[90m# dev.angzarr.examples.steps.HandSteps.resultIsCardsDealtEvent()?[0m
  ?[32mAnd ?[0m?[32mplayer ?[0m?[32m?[1m"player-1"?[0m?[32m has specific hole cards for seed ?[0m?[32m?[1m"test-seed-123"?[0m   ?[90m# dev.angzarr.examples.steps.HandSteps.playerHasSpecificHoleCardsForSeed(java.lang.String,java.lang.String)?[0m

Scenario: Cannot deal cards twice                                  ?[90m# features/unit/hand.feature:84?[0m
  ?[32mGiven ?[0m?[32ma CardsDealt event for hand ?[0m?[32m?[1m1?[0m                              ?[90m# dev.angzarr.examples.steps.HandSteps.cardsDealtEventForHand(int)?[0m
  ?[32mWhen ?[0m?[32mI handle a DealCards command for ?[0m?[32m?[1mTEXAS_HOLDEM?[0m?[32m with players:?[0m ?[90m# dev.angzarr.examples.steps.HandSteps.handleDealCardsCommandForVariant(java.lang.String,io.cucumber.datatable.DataTable)?[0m
    | player_root | position | stack |
    | player-1    | 0        | 500   |
    | player-2    | 1        | 500   |
  ?[32mThen ?[0m?[32mthe command fails with status ?[0m?[32m?[1m"FAILED_PRECONDITION"?[0m         ?[90m# dev.angzarr.examples.steps.CommonSteps.commandFailsWithStatus(java.lang.String)?[0m
  ?[32mAnd ?[0m?[32mthe error message contains ?[0m?[32m?[1m"already dealt"?[0m                   ?[90m# dev.angzarr.examples.steps.CommonSteps.errorMessageContains(java.lang.String)?[0m

Scenario: Cannot deal with fewer than 2 players                    ?[90m# features/unit/hand.feature:93?[0m
  ?[32mGiven ?[0m?[32mno prior events for the hand aggregate?[0m                     ?[90m# dev.angzarr.examples.steps.HandSteps.noPriorEventsForHand()?[0m
  ?[32mWhen ?[0m?[32mI handle a DealCards command for ?[0m?[32m?[1mTEXAS_HOLDEM?[0m?[32m with players:?[0m ?[90m# dev.angzarr.examples.steps.HandSteps.handleDealCardsCommandForVariant(java.lang.String,io.cucumber.datatable.DataTable)?[0m
    | player_root | position | stack |
    | player-1    | 0        | 500   |
  ?[32mThen ?[0m?[32mthe command fails with status ?[0m?[32m?[1m"INVALID_ARGUMENT"?[0m            ?[90m# dev.angzarr.examples.steps.CommonSteps.commandFailsWithStatus(java.lang.String)?[0m
  ?[32mAnd ?[0m?[32mthe error message contains ?[0m?[32m?[1m"at least 2 players"?[0m              ?[90m# dev.angzarr.examples.steps.CommonSteps.errorMessageContains(java.lang.String)?[0m

Scenario: Post small blind                                                      ?[90m# features/unit/hand.feature:107?[0m
  ?[32mGiven ?[0m?[32ma CardsDealt event for ?[0m?[32m?[1mTEXAS_HOLDEM?[0m?[32m with ?[0m?[32m?[1m2?[0m?[32m players at stacks ?[0m?[32m?[1m500?[0m        ?[90m# dev.angzarr.examples.steps.HandSteps.cardsDealtEventForVariantWithStacks(java.lang.String,int,int)?[0m
  ?[32mWhen ?[0m?[32mI handle a PostBlind command for player ?[0m?[32m?[1m"player-1"?[0m?[32m type ?[0m?[32m?[1m"small"?[0m?[32m amount ?[0m?[32m?[1m5?[0m ?[90m# dev.angzarr.examples.steps.HandSteps.handlePostBlindCommandWithType(java.lang.String,java.lang.String,int)?[0m
  ?[32mThen ?[0m?[32mthe result is a examples.BlindPosted event?[0m                               ?[90m# dev.angzarr.examples.steps.HandSteps.resultIsBlindPostedEvent()?[0m
  ?[32mAnd ?[0m?[32mthe blind event has blind_type ?[0m?[32m?[1m"small"?[0m                                    ?[90m# dev.angzarr.examples.steps.HandSteps.blindEventHasBlindType(java.lang.String)?[0m
  ?[32mAnd ?[0m?[32mthe blind event has amount ?[0m?[32m?[1m5?[0m                                              ?[90m# dev.angzarr.examples.steps.HandSteps.blindEventHasAmount(int)?[0m
  ?[32mAnd ?[0m?[32mthe blind event has player_stack ?[0m?[32m?[1m495?[0m                                      ?[90m# dev.angzarr.examples.steps.HandSteps.blindEventHasPlayerStack(int)?[0m
  ?[32mAnd ?[0m?[32mthe blind event has pot_total ?[0m?[32m?[1m5?[0m                                           ?[90m# dev.angzarr.examples.steps.HandSteps.blindEventHasPotTotal(int)?[0m

Scenario: Post big blind                                                       ?[90m# features/unit/hand.feature:116?[0m
  ?[32mGiven ?[0m?[32ma CardsDealt event for ?[0m?[32m?[1mTEXAS_HOLDEM?[0m?[32m with ?[0m?[32m?[1m2?[0m?[32m players at stacks ?[0m?[32m?[1m500?[0m       ?[90m# dev.angzarr.examples.steps.HandSteps.cardsDealtEventForVariantWithStacks(java.lang.String,int,int)?[0m
  ?[32mAnd ?[0m?[32ma BlindPosted event for player ?[0m?[32m?[1m"player-1"?[0m?[32m amount ?[0m?[32m?[1m5?[0m                       ?[90m# dev.angzarr.examples.steps.HandSteps.blindPostedEventForPlayer(java.lang.String,int)?[0m
  ?[32mWhen ?[0m?[32mI handle a PostBlind command for player ?[0m?[32m?[1m"player-2"?[0m?[32m type ?[0m?[32m?[1m"big"?[0m?[32m amount ?[0m?[32m?[1m10?[0m ?[90m# dev.angzarr.examples.steps.HandSteps.handlePostBlindCommandWithType(java.lang.String,java.lang.String,int)?[0m
  ?[32mThen ?[0m?[32mthe result is a examples.BlindPosted event?[0m                              ?[90m# dev.angzarr.examples.steps.HandSteps.resultIsBlindPostedEvent()?[0m
  ?[32mAnd ?[0m?[32mthe blind event has blind_type ?[0m?[32m?[1m"big"?[0m                                     ?[90m# dev.angzarr.examples.steps.HandSteps.blindEventHasBlindType(java.lang.String)?[0m
  ?[32mAnd ?[0m?[32mthe blind event has amount ?[0m?[32m?[1m10?[0m                                            ?[90m# dev.angzarr.examples.steps.HandSteps.blindEventHasAmount(int)?[0m
  ?[32mAnd ?[0m?[32mthe blind event has pot_total ?[0m?[32m?[1m15?[0m                                         ?[90m# dev.angzarr.examples.steps.HandSteps.blindEventHasPotTotal(int)?[0m

Scenario: Post all-in blind when short-stacked                                  ?[90m# features/unit/hand.feature:125?[0m
  ?[32mGiven ?[0m?[32ma CardsDealt event for ?[0m?[32m?[1mTEXAS_HOLDEM?[0m?[32m with players:?[0m                       ?[90m# dev.angzarr.examples.steps.HandSteps.cardsDealtEventForVariantWithPlayersTable(java.lang.String,io.cucumber.datatable.DataTable)?[0m
    | player_root | position | stack |
    | player-1    | 0        | 3     |
    | player-2    | 1        | 500   |
  ?[32mWhen ?[0m?[32mI handle a PostBlind command for player ?[0m?[32m?[1m"player-1"?[0m?[32m type ?[0m?[32m?[1m"small"?[0m?[32m amount ?[0m?[32m?[1m5?[0m ?[90m# dev.angzarr.examples.steps.HandSteps.handlePostBlindCommandWithType(java.lang.String,java.lang.String,int)?[0m
  ?[32mThen ?[0m?[32mthe result is a examples.BlindPosted event?[0m                               ?[90m# dev.angzarr.examples.steps.HandSteps.resultIsBlindPostedEvent()?[0m
  ?[32mAnd ?[0m?[32mthe blind event has amount ?[0m?[32m?[1m3?[0m                                              ?[90m# dev.angzarr.examples.steps.HandSteps.blindEventHasAmount(int)?[0m
  ?[32mAnd ?[0m?[32mthe blind event has player_stack ?[0m?[32m?[1m0?[0m                                        ?[90m# dev.angzarr.examples.steps.HandSteps.blindEventHasPlayerStack(int)?[0m

Scenario: Player folds                                                   ?[90m# features/unit/hand.feature:142?[0m
  ?[32mGiven ?[0m?[32ma CardsDealt event for ?[0m?[32m?[1mTEXAS_HOLDEM?[0m?[32m with ?[0m?[32m?[1m2?[0m?[32m players at stacks ?[0m?[32m?[1m500?[0m ?[90m# dev.angzarr.examples.steps.HandSteps.cardsDealtEventForVariantWithStacks(java.lang.String,int,int)?[0m
  ?[32mAnd ?[0m?[32mblinds posted with pot ?[0m?[32m?[1m15?[0m                                          ?[90m# dev.angzarr.examples.steps.HandSteps.blindsPostedWithPot(int)?[0m
  ?[32mWhen ?[0m?[32mI handle a PlayerAction command for player ?[0m?[32m?[1m"player-1"?[0m?[32m action ?[0m?[32m?[1mFOLD?[0m ?[90m# dev.angzarr.examples.steps.HandSteps.handlePlayerActionCommand(java.lang.String,java.lang.String)?[0m
  ?[32mThen ?[0m?[32mthe result is an examples.ActionTaken event?[0m                       ?[90m# dev.angzarr.examples.steps.HandSteps.resultIsActionTakenEvent()?[0m
  ?[32mAnd ?[0m?[32mthe action event has action ?[0m?[32m?[1m"FOLD"?[0m                                 ?[90m# dev.angzarr.examples.steps.HandSteps.actionEventHasAction(java.lang.String)?[0m

Scenario: Player checks when no bet                                       ?[90m# features/unit/hand.feature:149?[0m
  ?[32mGiven ?[0m?[32ma CardsDealt event for ?[0m?[32m?[1mTEXAS_HOLDEM?[0m?[32m with ?[0m?[32m?[1m2?[0m?[32m players at stacks ?[0m?[32m?[1m500?[0m  ?[90m# dev.angzarr.examples.steps.HandSteps.cardsDealtEventForVariantWithStacks(java.lang.String,int,int)?[0m
  ?[32mAnd ?[0m?[32mblinds posted with pot ?[0m?[32m?[1m15?[0m                                           ?[90m# dev.angzarr.examples.steps.HandSteps.blindsPostedWithPot(int)?[0m
  ?[32mAnd ?[0m?[32ma BettingRoundComplete event for ?[0m?[32m?[1mpreflop?[0m                            ?[90m# dev.angzarr.examples.steps.HandSteps.bettingRoundCompleteEvent(java.lang.String)?[0m
  ?[32mAnd ?[0m?[32ma CommunityCardsDealt event for ?[0m?[32m?[1mFLOP?[0m                                ?[90m# dev.angzarr.examples.steps.HandSteps.communityCardsDealtEvent(java.lang.String)?[0m
  ?[32mWhen ?[0m?[32mI handle a PlayerAction command for player ?[0m?[32m?[1m"player-1"?[0m?[32m action ?[0m?[32m?[1mCHECK?[0m ?[90m# dev.angzarr.examples.steps.HandSteps.handlePlayerActionCommand(java.lang.String,java.lang.String)?[0m
  ?[32mThen ?[0m?[32mthe result is an examples.ActionTaken event?[0m                        ?[90m# dev.angzarr.examples.steps.HandSteps.resultIsActionTakenEvent()?[0m
  ?[32mAnd ?[0m?[32mthe action event has action ?[0m?[32m?[1m"CHECK"?[0m                                 ?[90m# dev.angzarr.examples.steps.HandSteps.actionEventHasAction(java.lang.String)?[0m

Scenario: Player calls the big blind                                              ?[90m# features/unit/hand.feature:158?[0m
  ?[32mGiven ?[0m?[32ma CardsDealt event for ?[0m?[32m?[1mTEXAS_HOLDEM?[0m?[32m with ?[0m?[32m?[1m2?[0m?[32m players at stacks ?[0m?[32m?[1m500?[0m          ?[90m# dev.angzarr.examples.steps.HandSteps.cardsDealtEventForVariantWithStacks(java.lang.String,int,int)?[0m
  ?[32mAnd ?[0m?[32mblinds posted with pot ?[0m?[32m?[1m15?[0m?[32m and current_bet ?[0m?[32m?[1m10?[0m                                ?[90m# dev.angzarr.examples.steps.HandSteps.blindsPostedWithPotAndBet(int,int)?[0m
  ?[32mWhen ?[0m?[32mI handle a PlayerAction command for player ?[0m?[32m?[1m"player-1"?[0m?[32m action ?[0m?[32m?[1mCALL?[0m?[32m amount ?[0m?[32m?[1m5?[0m ?[90m# dev.angzarr.examples.steps.HandSteps.handlePlayerActionCommandWithAmount(java.lang.String,java.lang.String,int)?[0m
  ?[32mThen ?[0m?[32mthe result is an examples.ActionTaken event?[0m                                ?[90m# dev.angzarr.examples.steps.HandSteps.resultIsActionTakenEvent()?[0m
  ?[32mAnd ?[0m?[32mthe action event has action ?[0m?[32m?[1m"CALL"?[0m                                          ?[90m# dev.angzarr.examples.steps.HandSteps.actionEventHasAction(java.lang.String)?[0m
  ?[32mAnd ?[0m?[32mthe action event has amount ?[0m?[32m?[1m5?[0m                                               ?[90m# dev.angzarr.examples.steps.HandSteps.actionEventHasAmount(int)?[0m
  ?[32mAnd ?[0m?[32mthe action event has pot_total ?[0m?[32m?[1m20?[0m                                           ?[90m# dev.angzarr.examples.steps.HandSteps.actionEventHasPotTotal(int)?[0m

Scenario: Player bets                                                             ?[90m# features/unit/hand.feature:167?[0m
  ?[32mGiven ?[0m?[32ma CardsDealt event for ?[0m?[32m?[1mTEXAS_HOLDEM?[0m?[32m with ?[0m?[32m?[1m2?[0m?[32m players at stacks ?[0m?[32m?[1m500?[0m          ?[90m# dev.angzarr.examples.steps.HandSteps.cardsDealtEventForVariantWithStacks(java.lang.String,int,int)?[0m
  ?[32mAnd ?[0m?[32mblinds posted with pot ?[0m?[32m?[1m15?[0m                                                   ?[90m# dev.angzarr.examples.steps.HandSteps.blindsPostedWithPot(int)?[0m
  ?[32mAnd ?[0m?[32ma BettingRoundComplete event for ?[0m?[32m?[1mpreflop?[0m                                    ?[90m# dev.angzarr.examples.steps.HandSteps.bettingRoundCompleteEvent(java.lang.String)?[0m
  ?[32mAnd ?[0m?[32ma CommunityCardsDealt event for ?[0m?[32m?[1mFLOP?[0m                                        ?[90m# dev.angzarr.examples.steps.HandSteps.communityCardsDealtEvent(java.lang.String)?[0m
  ?[32mWhen ?[0m?[32mI handle a PlayerAction command for player ?[0m?[32m?[1m"player-1"?[0m?[32m action ?[0m?[32m?[1mBET?[0m?[32m amount ?[0m?[32m?[1m20?[0m ?[90m# dev.angzarr.examples.steps.HandSteps.handlePlayerActionCommandWithAmount(java.lang.String,java.lang.String,int)?[0m
  ?[32mThen ?[0m?[32mthe result is an examples.ActionTaken event?[0m                                ?[90m# dev.angzarr.examples.steps.HandSteps.resultIsActionTakenEvent()?[0m
  ?[32mAnd ?[0m?[32mthe action event has action ?[0m?[32m?[1m"BET"?[0m                                           ?[90m# dev.angzarr.examples.steps.HandSteps.actionEventHasAction(java.lang.String)?[0m
  ?[32mAnd ?[0m?[32mthe action event has amount ?[0m?[32m?[1m20?[0m                                              ?[90m# dev.angzarr.examples.steps.HandSteps.actionEventHasAmount(int)?[0m
  ?[32mAnd ?[0m?[32mthe action event has amount_to_call ?[0m?[32m?[1m20?[0m                                      ?[90m# dev.angzarr.examples.steps.HandSteps.actionEventHasAmountToCall(int)?[0m

Scenario: Player raises                                                             ?[90m# features/unit/hand.feature:178?[0m
  ?[32mGiven ?[0m?[32ma CardsDealt event for ?[0m?[32m?[1mTEXAS_HOLDEM?[0m?[32m with ?[0m?[32m?[1m2?[0m?[32m players at stacks ?[0m?[32m?[1m500?[0m            ?[90m# dev.angzarr.examples.steps.HandSteps.cardsDealtEventForVariantWithStacks(java.lang.String,int,int)?[0m
  ?[32mAnd ?[0m?[32mblinds posted with pot ?[0m?[32m?[1m15?[0m?[32m and current_bet ?[0m?[32m?[1m10?[0m                                  ?[90m# dev.angzarr.examples.steps.HandSteps.blindsPostedWithPotAndBet(int,int)?[0m
  ?[32mWhen ?[0m?[32mI handle a PlayerAction command for player ?[0m?[32m?[1m"player-1"?[0m?[32m action ?[0m?[32m?[1mRAISE?[0m?[32m amount ?[0m?[32m?[1m30?[0m ?[90m# dev.angzarr.examples.steps.HandSteps.handlePlayerActionCommandWithAmount(java.lang.String,java.lang.String,int)?[0m
  ?[32mThen ?[0m?[32mthe result is an examples.ActionTaken event?[0m                                  ?[90m# dev.angzarr.examples.steps.HandSteps.resultIsActionTakenEvent()?[0m
  ?[32mAnd ?[0m?[32mthe action event has action ?[0m?[32m?[1m"RAISE"?[0m                                           ?[90m# dev.angzarr.examples.steps.HandSteps.actionEventHasAction(java.lang.String)?[0m
  ?[32mAnd ?[0m?[32mthe action event has amount ?[0m?[32m?[1m30?[0m                                                ?[90m# dev.angzarr.examples.steps.HandSteps.actionEventHasAmount(int)?[0m

Scenario: Player goes all-in                                                         ?[90m# features/unit/hand.feature:186?[0m
  ?[32mGiven ?[0m?[32ma CardsDealt event for ?[0m?[32m?[1mTEXAS_HOLDEM?[0m?[32m with players:?[0m                            ?[90m# dev.angzarr.examples.steps.HandSteps.cardsDealtEventForVariantWithPlayersTable(java.lang.String,io.cucumber.datatable.DataTable)?[0m
    | player_root | position | stack |
    | player-1    | 0        | 50    |
    | player-2    | 1        | 500   |
  ?[32mAnd ?[0m?[32mblinds posted with pot ?[0m?[32m?[1m15?[0m?[32m and current_bet ?[0m?[32m?[1m10?[0m                                   ?[90m# dev.angzarr.examples.steps.HandSteps.blindsPostedWithPotAndBet(int,int)?[0m
  ?[32mWhen ?[0m?[32mI handle a PlayerAction command for player ?[0m?[32m?[1m"player-1"?[0m?[32m action ?[0m?[32m?[1mALL_IN?[0m?[32m amount ?[0m?[32m?[1m50?[0m ?[90m# dev.angzarr.examples.steps.HandSteps.handlePlayerActionCommandWithAmount(java.lang.String,java.lang.String,int)?[0m
  ?[32mThen ?[0m?[32mthe result is an examples.ActionTaken event?[0m                                   ?[90m# dev.angzarr.examples.steps.HandSteps.resultIsActionTakenEvent()?[0m
  ?[32mAnd ?[0m?[32mthe action event has action ?[0m?[32m?[1m"ALL_IN"?[0m                                           ?[90m# dev.angzarr.examples.steps.HandSteps.actionEventHasAction(java.lang.String)?[0m
  ?[32mAnd ?[0m?[32mthe action event has player_stack ?[0m?[32m?[1m0?[0m                                            ?[90m# dev.angzarr.examples.steps.HandSteps.actionEventHasPlayerStack(int)?[0m

Scenario: Cannot check when facing a bet                                  ?[90m# features/unit/hand.feature:197?[0m
  ?[32mGiven ?[0m?[32ma CardsDealt event for ?[0m?[32m?[1mTEXAS_HOLDEM?[0m?[32m with ?[0m?[32m?[1m2?[0m?[32m players at stacks ?[0m?[32m?[1m500?[0m  ?[90m# dev.angzarr.examples.steps.HandSteps.cardsDealtEventForVariantWithStacks(java.lang.String,int,int)?[0m
  ?[32mAnd ?[0m?[32mblinds posted with pot ?[0m?[32m?[1m15?[0m?[32m and current_bet ?[0m?[32m?[1m10?[0m                        ?[90m# dev.angzarr.examples.steps.HandSteps.blindsPostedWithPotAndBet(int,int)?[0m
  ?[32mWhen ?[0m?[32mI handle a PlayerAction command for player ?[0m?[32m?[1m"player-1"?[0m?[32m action ?[0m?[32m?[1mCHECK?[0m ?[90m# dev.angzarr.examples.steps.HandSteps.handlePlayerActionCommand(java.lang.String,java.lang.String)?[0m
  ?[32mThen ?[0m?[32mthe command fails with status ?[0m?[32m?[1m"INVALID_ARGUMENT"?[0m                   ?[90m# dev.angzarr.examples.steps.CommonSteps.commandFailsWithStatus(java.lang.String)?[0m
  ?[32mAnd ?[0m?[32mthe error message contains ?[0m?[32m?[1m"cannot check"?[0m                           ?[90m# dev.angzarr.examples.steps.CommonSteps.errorMessageContains(java.lang.String)?[0m

Scenario: Cannot bet less than minimum                                           ?[90m# features/unit/hand.feature:204?[0m
  ?[32mGiven ?[0m?[32ma CardsDealt event for ?[0m?[32m?[1mTEXAS_HOLDEM?[0m?[32m with ?[0m?[32m?[1m2?[0m?[32m players at stacks ?[0m?[32m?[1m500?[0m         ?[90m# dev.angzarr.examples.steps.HandSteps.cardsDealtEventForVariantWithStacks(java.lang.String,int,int)?[0m
  ?[32mAnd ?[0m?[32mblinds posted with pot ?[0m?[32m?[1m15?[0m                                                  ?[90m# dev.angzarr.examples.steps.HandSteps.blindsPostedWithPot(int)?[0m
  ?[32mAnd ?[0m?[32ma BettingRoundComplete event for ?[0m?[32m?[1mpreflop?[0m                                   ?[90m# dev.angzarr.examples.steps.HandSteps.bettingRoundCompleteEvent(java.lang.String)?[0m
  ?[32mAnd ?[0m?[32ma CommunityCardsDealt event for ?[0m?[32m?[1mFLOP?[0m                                       ?[90m# dev.angzarr.examples.steps.HandSteps.communityCardsDealtEvent(java.lang.String)?[0m
  ?[32mWhen ?[0m?[32mI handle a PlayerAction command for player ?[0m?[32m?[1m"player-1"?[0m?[32m action ?[0m?[32m?[1mBET?[0m?[32m amount ?[0m?[32m?[1m5?[0m ?[90m# dev.angzarr.examples.steps.HandSteps.handlePlayerActionCommandWithAmount(java.lang.String,java.lang.String,int)?[0m
  ?[32mThen ?[0m?[32mthe command fails with status ?[0m?[32m?[1m"INVALID_ARGUMENT"?[0m                          ?[90m# dev.angzarr.examples.steps.CommonSteps.commandFailsWithStatus(java.lang.String)?[0m
  ?[32mAnd ?[0m?[32mthe error message contains ?[0m?[32m?[1m"at least"?[0m                                      ?[90m# dev.angzarr.examples.steps.CommonSteps.errorMessageContains(java.lang.String)?[0m

Scenario: Deal the flop                                                  ?[90m# features/unit/hand.feature:220?[0m
  ?[32mGiven ?[0m?[32ma CardsDealt event for ?[0m?[32m?[1mTEXAS_HOLDEM?[0m?[32m with ?[0m?[32m?[1m2?[0m?[32m players at stacks ?[0m?[32m?[1m500?[0m ?[90m# dev.angzarr.examples.steps.HandSteps.cardsDealtEventForVariantWithStacks(java.lang.String,int,int)?[0m
  ?[32mAnd ?[0m?[32mblinds posted with pot ?[0m?[32m?[1m15?[0m                                          ?[90m# dev.angzarr.examples.steps.HandSteps.blindsPostedWithPot(int)?[0m
  ?[32mAnd ?[0m?[32ma BettingRoundComplete event for ?[0m?[32m?[1mpreflop?[0m                           ?[90m# dev.angzarr.examples.steps.HandSteps.bettingRoundCompleteEvent(java.lang.String)?[0m
  ?[32mWhen ?[0m?[32mI handle a DealCommunityCards command with count ?[0m?[32m?[1m3?[0m                ?[90m# dev.angzarr.examples.steps.HandSteps.handleDealCommunityCardsCommand(int)?[0m
  ?[32mThen ?[0m?[32mthe result is a examples.CommunityCardsDealt event?[0m                ?[90m# dev.angzarr.examples.steps.HandSteps.resultIsCommunityCardsDealtEvent()?[0m
  ?[32mAnd ?[0m?[32mthe event has ?[0m?[32m?[1m3?[0m?[32m cards dealt?[0m                                        ?[90m# dev.angzarr.examples.steps.HandSteps.eventHasCardsDealt(int)?[0m
  ?[32mAnd ?[0m?[32mthe event has phase ?[0m?[32m?[1m"FLOP"?[0m                                         ?[90m# dev.angzarr.examples.steps.HandSteps.eventHasPhase(java.lang.String)?[0m
  ?[32mAnd ?[0m?[32mthe remaining deck decreases by ?[0m?[32m?[1m3?[0m                                  ?[90m# dev.angzarr.examples.steps.HandSteps.remainingDeckDecreasesBy(int)?[0m

Scenario: Deal the turn                                    ?[90m# features/unit/hand.feature:230?[0m
  ?[32mGiven ?[0m?[32ma CardsDealt event for ?[0m?[32m?[1mTEXAS_HOLDEM?[0m?[32m with ?[0m?[32m?[1m2?[0m?[32m players?[0m ?[90m# dev.angzarr.examples.steps.HandSteps.cardsDealtEventForVariant(java.lang.String,int)?[0m
  ?[32mAnd ?[0m?[32mthe flop has been dealt?[0m                              ?[90m# dev.angzarr.examples.steps.HandSteps.theFlopHasBeenDealt()?[0m
  ?[32mAnd ?[0m?[32ma BettingRoundComplete event for ?[0m?[32m?[1mflop?[0m                ?[90m# dev.angzarr.examples.steps.HandSteps.bettingRoundCompleteEvent(java.lang.String)?[0m
  ?[32mWhen ?[0m?[32mI handle a DealCommunityCards command with count ?[0m?[32m?[1m1?[0m  ?[90m# dev.angzarr.examples.steps.HandSteps.handleDealCommunityCardsCommand(int)?[0m
  ?[32mThen ?[0m?[32mthe result is a examples.CommunityCardsDealt event?[0m  ?[90m# dev.angzarr.examples.steps.HandSteps.resultIsCommunityCardsDealtEvent()?[0m
  ?[32mAnd ?[0m?[32mthe event has ?[0m?[32m?[1m1?[0m?[32m card dealt?[0m                           ?[90m# dev.angzarr.examples.steps.HandSteps.eventHasCardsDealt(int)?[0m
  ?[32mAnd ?[0m?[32mthe event has phase ?[0m?[32m?[1m"TURN"?[0m                           ?[90m# dev.angzarr.examples.steps.HandSteps.eventHasPhase(java.lang.String)?[0m
  ?[32mAnd ?[0m?[32mall_community_cards has ?[0m?[32m?[1m4?[0m?[32m cards?[0m                      ?[90m# dev.angzarr.examples.steps.HandSteps.allCommunityCardsHas(int)?[0m

Scenario: Deal the river                                   ?[90m# features/unit/hand.feature:240?[0m
  ?[32mGiven ?[0m?[32ma CardsDealt event for ?[0m?[32m?[1mTEXAS_HOLDEM?[0m?[32m with ?[0m?[32m?[1m2?[0m?[32m players?[0m ?[90m# dev.angzarr.examples.steps.HandSteps.cardsDealtEventForVariant(java.lang.String,int)?[0m
  ?[32mAnd ?[0m?[32mthe flop and turn have been dealt?[0m                    ?[90m# dev.angzarr.examples.steps.HandSteps.theFlopAndTurnHaveBeenDealt()?[0m
  ?[32mAnd ?[0m?[32ma BettingRoundComplete event for ?[0m?[32m?[1mturn?[0m                ?[90m# dev.angzarr.examples.steps.HandSteps.bettingRoundCompleteEvent(java.lang.String)?[0m
  ?[32mWhen ?[0m?[32mI handle a DealCommunityCards command with count ?[0m?[32m?[1m1?[0m  ?[90m# dev.angzarr.examples.steps.HandSteps.handleDealCommunityCardsCommand(int)?[0m
  ?[32mThen ?[0m?[32mthe result is a examples.CommunityCardsDealt event?[0m  ?[90m# dev.angzarr.examples.steps.HandSteps.resultIsCommunityCardsDealtEvent()?[0m
  ?[32mAnd ?[0m?[32mthe event has phase ?[0m?[32m?[1m"RIVER"?[0m                          ?[90m# dev.angzarr.examples.steps.HandSteps.eventHasPhase(java.lang.String)?[0m
  ?[32mAnd ?[0m?[32mall_community_cards has ?[0m?[32m?[1m5?[0m?[32m cards?[0m                      ?[90m# dev.angzarr.examples.steps.HandSteps.allCommunityCardsHas(int)?[0m

Scenario: Cannot deal community cards in Five Card Draw      ?[90m# features/unit/hand.feature:249?[0m
  ?[32mGiven ?[0m?[32ma CardsDealt event for ?[0m?[32m?[1mFIVE_CARD_DRAW?[0m?[32m with ?[0m?[32m?[1m2?[0m?[32m players?[0m ?[90m# dev.angzarr.examples.steps.HandSteps.cardsDealtEventForVariant(java.lang.String,int)?[0m
  ?[32mAnd ?[0m?[32mblinds posted with pot ?[0m?[32m?[1m15?[0m                              ?[90m# dev.angzarr.examples.steps.HandSteps.blindsPostedWithPot(int)?[0m
  ?[32mAnd ?[0m?[32ma BettingRoundComplete event for ?[0m?[32m?[1mpreflop?[0m               ?[90m# dev.angzarr.examples.steps.HandSteps.bettingRoundCompleteEvent(java.lang.String)?[0m
  ?[32mWhen ?[0m?[32mI handle a DealCommunityCards command with count ?[0m?[32m?[1m3?[0m    ?[90m# dev.angzarr.examples.steps.HandSteps.handleDealCommunityCardsCommand(int)?[0m
  ?[32mThen ?[0m?[32mthe command fails with status ?[0m?[32m?[1m"INVALID_ARGUMENT"?[0m      ?[90m# dev.angzarr.examples.steps.CommonSteps.commandFailsWithStatus(java.lang.String)?[0m
  ?[32mAnd ?[0m?[32mthe error message contains ?[0m?[32m?[1m"community cards"?[0m           ?[90m# dev.angzarr.examples.steps.CommonSteps.errorMessageContains(java.lang.String)?[0m

Scenario: Player discards and draws cards                                                ?[90m# features/unit/hand.feature:263?[0m
  ?[32mGiven ?[0m?[32ma CardsDealt event for ?[0m?[32m?[1mFIVE_CARD_DRAW?[0m?[32m with ?[0m?[32m?[1m2?[0m?[32m players?[0m                             ?[90m# dev.angzarr.examples.steps.HandSteps.cardsDealtEventForVariant(java.lang.String,int)?[0m
  ?[32mAnd ?[0m?[32mblinds posted with pot ?[0m?[32m?[1m15?[0m                                                          ?[90m# dev.angzarr.examples.steps.HandSteps.blindsPostedWithPot(int)?[0m
  ?[32mAnd ?[0m?[32ma BettingRoundComplete event for ?[0m?[32m?[1mpreflop?[0m                                           ?[90m# dev.angzarr.examples.steps.HandSteps.bettingRoundCompleteEvent(java.lang.String)?[0m
  ?[32mWhen ?[0m?[32mI handle a RequestDraw command for player "?[0m?[32m?[1mplayer-1?[0m?[32m" discarding indices [?[0m?[32m?[1m0, 2, 4?[0m?[32m]?[0m ?[90m# dev.angzarr.examples.steps.HandSteps.handleRequestDrawCommand(java.lang.String,java.lang.String)?[0m
  ?[32mThen ?[0m?[32mthe result is a examples.DrawCompleted event?[0m                                      ?[90m# dev.angzarr.examples.steps.HandSteps.resultIsDrawCompletedEvent()?[0m
  ?[32mAnd ?[0m?[32mthe draw event has cards_discarded ?[0m?[32m?[1m3?[0m                                               ?[90m# dev.angzarr.examples.steps.HandSteps.drawEventHasCardsDiscarded(int)?[0m
  ?[32mAnd ?[0m?[32mthe draw event has cards_drawn ?[0m?[32m?[1m3?[0m                                                   ?[90m# dev.angzarr.examples.steps.HandSteps.drawEventHasCardsDrawn(int)?[0m
  ?[32mAnd ?[0m?[32mplayer ?[0m?[32m?[1m"player-1"?[0m?[32m has ?[0m?[32m?[1m5?[0m?[32m hole cards?[0m                                                 ?[90m# dev.angzarr.examples.steps.HandSteps.playerHasHoleCards(java.lang.String,int)?[0m

Scenario: Player stands pat (no discard)                                          ?[90m# features/unit/hand.feature:273?[0m
  ?[32mGiven ?[0m?[32ma CardsDealt event for ?[0m?[32m?[1mFIVE_CARD_DRAW?[0m?[32m with ?[0m?[32m?[1m2?[0m?[32m players?[0m                      ?[90m# dev.angzarr.examples.steps.HandSteps.cardsDealtEventForVariant(java.lang.String,int)?[0m
  ?[32mAnd ?[0m?[32mblinds posted with pot ?[0m?[32m?[1m15?[0m                                                   ?[90m# dev.angzarr.examples.steps.HandSteps.blindsPostedWithPot(int)?[0m
  ?[32mAnd ?[0m?[32ma BettingRoundComplete event for ?[0m?[32m?[1mpreflop?[0m                                    ?[90m# dev.angzarr.examples.steps.HandSteps.bettingRoundCompleteEvent(java.lang.String)?[0m
  ?[32mWhen ?[0m?[32mI handle a RequestDraw command for player "?[0m?[32m?[1mplayer-1?[0m?[32m" discarding indices [?[0m?[32m?[1m?[0m?[32m]?[0m ?[90m# dev.angzarr.examples.steps.HandSteps.handleRequestDrawCommand(java.lang.String,java.lang.String)?[0m
  ?[32mThen ?[0m?[32mthe result is a examples.DrawCompleted event?[0m                               ?[90m# dev.angzarr.examples.steps.HandSteps.resultIsDrawCompletedEvent()?[0m
  ?[32mAnd ?[0m?[32mthe draw event has cards_discarded ?[0m?[32m?[1m0?[0m                                        ?[90m# dev.angzarr.examples.steps.HandSteps.drawEventHasCardsDiscarded(int)?[0m
  ?[32mAnd ?[0m?[32mthe draw event has cards_drawn ?[0m?[32m?[1m0?[0m                                            ?[90m# dev.angzarr.examples.steps.HandSteps.drawEventHasCardsDrawn(int)?[0m

Scenario: Cannot draw in Texas Hold'em                                             ?[90m# features/unit/hand.feature:282?[0m
  ?[32mGiven ?[0m?[32ma CardsDealt event for ?[0m?[32m?[1mTEXAS_HOLDEM?[0m?[32m with ?[0m?[32m?[1m2?[0m?[32m players?[0m                         ?[90m# dev.angzarr.examples.steps.HandSteps.cardsDealtEventForVariant(java.lang.String,int)?[0m
  ?[32mAnd ?[0m?[32mblinds posted with pot ?[0m?[32m?[1m15?[0m                                                    ?[90m# dev.angzarr.examples.steps.HandSteps.blindsPostedWithPot(int)?[0m
  ?[32mWhen ?[0m?[32mI handle a RequestDraw command for player "?[0m?[32m?[1mplayer-1?[0m?[32m" discarding indices [?[0m?[32m?[1m0?[0m?[32m]?[0m ?[90m# dev.angzarr.examples.steps.HandSteps.handleRequestDrawCommand(java.lang.String,java.lang.String)?[0m
  ?[32mThen ?[0m?[32mthe command fails with status ?[0m?[32m?[1m"INVALID_ARGUMENT"?[0m                            ?[90m# dev.angzarr.examples.steps.CommonSteps.commandFailsWithStatus(java.lang.String)?[0m
  ?[32mAnd ?[0m?[32mthe error message contains ?[0m?[32m?[1m"not supported"?[0m                                   ?[90m# dev.angzarr.examples.steps.CommonSteps.errorMessageContains(java.lang.String)?[0m

Scenario: Player reveals cards at showdown                                  ?[90m# features/unit/hand.feature:295?[0m
  ?[32mGiven ?[0m?[32ma completed betting for ?[0m?[32m?[1mTEXAS_HOLDEM?[0m?[32m with ?[0m?[32m?[1m2?[0m?[32m players?[0m                 ?[90m# dev.angzarr.examples.steps.HandSteps.completedBettingForVariant(java.lang.String,int)?[0m
  ?[32mAnd ?[0m?[32ma ShowdownStarted event for the hand?[0m                                  ?[90m# dev.angzarr.examples.steps.HandSteps.showdownStartedEvent()?[0m
  ?[32mWhen ?[0m?[32mI handle a RevealCards command for player ?[0m?[32m?[1m"player-1"?[0m?[32m with muck ?[0m?[32m?[1mfalse?[0m ?[90m# dev.angzarr.examples.steps.HandSteps.handleRevealCardsCommand(java.lang.String,java.lang.String)?[0m
  ?[32mThen ?[0m?[32mthe result is a examples.CardsRevealed event?[0m                         ?[90m# dev.angzarr.examples.steps.HandSteps.resultIsCardsRevealedEvent()?[0m
  ?[32mAnd ?[0m?[32mthe reveal event has cards for player ?[0m?[32m?[1m"player-1"?[0m                      ?[90m# dev.angzarr.examples.steps.HandSteps.revealEventHasCardsForPlayer(java.lang.String)?[0m
  ?[32mAnd ?[0m?[32mthe reveal event has a hand ranking?[0m                                   ?[90m# dev.angzarr.examples.steps.HandSteps.revealEventHasHandRanking()?[0m

Scenario: Player mucks cards                                               ?[90m# features/unit/hand.feature:303?[0m
  ?[32mGiven ?[0m?[32ma completed betting for ?[0m?[32m?[1mTEXAS_HOLDEM?[0m?[32m with ?[0m?[32m?[1m2?[0m?[32m players?[0m                ?[90m# dev.angzarr.examples.steps.HandSteps.completedBettingForVariant(java.lang.String,int)?[0m
  ?[32mAnd ?[0m?[32ma ShowdownStarted event for the hand?[0m                                 ?[90m# dev.angzarr.examples.steps.HandSteps.showdownStartedEvent()?[0m
  ?[32mWhen ?[0m?[32mI handle a RevealCards command for player ?[0m?[32m?[1m"player-1"?[0m?[32m with muck ?[0m?[32m?[1mtrue?[0m ?[90m# dev.angzarr.examples.steps.HandSteps.handleRevealCardsCommand(java.lang.String,java.lang.String)?[0m
  ?[32mThen ?[0m?[32mthe result is a examples.CardsMucked event?[0m                          ?[90m# dev.angzarr.examples.steps.HandSteps.resultIsCardsMuckedEvent()?[0m

Scenario: Award pot to single winner                                 ?[90m# features/unit/hand.feature:315?[0m
  ?[32mGiven ?[0m?[32ma completed betting for ?[0m?[32m?[1mTEXAS_HOLDEM?[0m?[32m with ?[0m?[32m?[1m2?[0m?[32m players?[0m          ?[90m# dev.angzarr.examples.steps.HandSteps.completedBettingForVariant(java.lang.String,int)?[0m
  ?[32mAnd ?[0m?[32ma CardsRevealed event for player ?[0m?[32m?[1m"player-1"?[0m?[32m with ranking ?[0m?[32m?[1mFLUSH?[0m ?[90m# dev.angzarr.examples.steps.HandSteps.cardsRevealedEventForPlayer(java.lang.String,java.lang.String)?[0m
  ?[32mAnd ?[0m?[32ma CardsMucked event for player ?[0m?[32m?[1m"player-2"?[0m                      ?[90m# dev.angzarr.examples.steps.HandSteps.cardsMuckedEventForPlayer(java.lang.String)?[0m
  ?[32mWhen ?[0m?[32mI handle an AwardPot command with winner ?[0m?[32m?[1m"player-1"?[0m?[32m amount ?[0m?[32m?[1m15?[0m ?[90m# dev.angzarr.examples.steps.HandSteps.handleAwardPotCommand(java.lang.String,int)?[0m
  ?[32mThen ?[0m?[32mthe result is a examples.PotAwarded event?[0m                     ?[90m# dev.angzarr.examples.steps.HandSteps.resultIsPotAwardedEvent()?[0m
  ?[32mAnd ?[0m?[32mthe award event has winner ?[0m?[32m?[1m"player-1"?[0m?[32m with amount ?[0m?[32m?[1m15?[0m           ?[90m# dev.angzarr.examples.steps.HandSteps.awardEventHasWinner(java.lang.String,int)?[0m

Scenario: Award pot generates HandComplete                           ?[90m# features/unit/hand.feature:323?[0m
  ?[32mGiven ?[0m?[32ma completed betting for ?[0m?[32m?[1mTEXAS_HOLDEM?[0m?[32m with ?[0m?[32m?[1m2?[0m?[32m players?[0m          ?[90m# dev.angzarr.examples.steps.HandSteps.completedBettingForVariant(java.lang.String,int)?[0m
  ?[32mWhen ?[0m?[32mI handle an AwardPot command with winner ?[0m?[32m?[1m"player-1"?[0m?[32m amount ?[0m?[32m?[1m15?[0m ?[90m# dev.angzarr.examples.steps.HandSteps.handleAwardPotCommand(java.lang.String,int)?[0m
  ?[32mThen ?[0m?[32ma HandComplete event is emitted?[0m                               ?[90m# dev.angzarr.examples.steps.HandSteps.handCompleteEventEmitted()?[0m
  ?[32mAnd ?[0m?[32mthe hand status is ?[0m?[32m?[1m"complete"?[0m                                  ?[90m# dev.angzarr.examples.steps.HandSteps.handStatusIs(java.lang.String)?[0m

Scenario: Royal flush beats straight flush           ?[90m# features/unit/hand.feature:335?[0m
  ?[32mGiven ?[0m?[32ma showdown with player hands:?[0m                ?[90m# dev.angzarr.examples.steps.HandSteps.showdownWithPlayerHands(io.cucumber.datatable.DataTable)?[0m
    | player   | hole_cards | community_cards |
    | player-1 | As Ks      | Qs Js Ts 2c 3d  |
    | player-2 | 9s 8s      | Qs Js Ts 2c 3d  |
  ?[32mWhen ?[0m?[32mhands are evaluated?[0m                           ?[90m# dev.angzarr.examples.steps.HandSteps.handsAreEvaluated()?[0m
  ?[32mThen ?[0m?[32mplayer ?[0m?[32m?[1m"player-1"?[0m?[32m has ranking ?[0m?[32m?[1m"ROYAL_FLUSH"?[0m   ?[90m# dev.angzarr.examples.steps.HandSteps.playerHasRanking(java.lang.String,java.lang.String)?[0m
  ?[32mAnd ?[0m?[32mplayer ?[0m?[32m?[1m"player-2"?[0m?[32m has ranking ?[0m?[32m?[1m"STRAIGHT_FLUSH"?[0m ?[90m# dev.angzarr.examples.steps.HandSteps.playerHasRanking(java.lang.String,java.lang.String)?[0m
  ?[32mAnd ?[0m?[32mplayer ?[0m?[32m?[1m"player-1"?[0m?[32m wins?[0m                         ?[90m# dev.angzarr.examples.steps.HandSteps.playerWins(java.lang.String)?[0m

Scenario: Full house beats flush                  ?[90m# features/unit/hand.feature:345?[0m
  ?[32mGiven ?[0m?[32ma showdown with player hands:?[0m             ?[90m# dev.angzarr.examples.steps.HandSteps.showdownWithPlayerHands(io.cucumber.datatable.DataTable)?[0m
    | player   | hole_cards | community_cards |
    | player-1 | Ah Ad      | Ac 2d 2h 4h 6h  |
    | player-2 | Kh 7h      | Ac 2d 2h 4h 6h  |
  ?[32mWhen ?[0m?[32mhands are evaluated?[0m                        ?[90m# dev.angzarr.examples.steps.HandSteps.handsAreEvaluated()?[0m
  ?[32mThen ?[0m?[32mplayer ?[0m?[32m?[1m"player-1"?[0m?[32m has ranking ?[0m?[32m?[1m"FULL_HOUSE"?[0m ?[90m# dev.angzarr.examples.steps.HandSteps.playerHasRanking(java.lang.String,java.lang.String)?[0m
  ?[32mAnd ?[0m?[32mplayer ?[0m?[32m?[1m"player-2"?[0m?[32m has ranking ?[0m?[32m?[1m"FLUSH"?[0m       ?[90m# dev.angzarr.examples.steps.HandSteps.playerHasRanking(java.lang.String,java.lang.String)?[0m
  ?[32mAnd ?[0m?[32mplayer ?[0m?[32m?[1m"player-1"?[0m?[32m wins?[0m                      ?[90m# dev.angzarr.examples.steps.HandSteps.playerWins(java.lang.String)?[0m

Scenario: High card comparison with kickers      ?[90m# features/unit/hand.feature:355?[0m
  ?[32mGiven ?[0m?[32ma showdown with player hands:?[0m            ?[90m# dev.angzarr.examples.steps.HandSteps.showdownWithPlayerHands(io.cucumber.datatable.DataTable)?[0m
    | player   | hole_cards | community_cards |
    | player-1 | Ah Qc      | Kd Jc 9s 4h 2d  |
    | player-2 | Ah Jd      | Kd Jc 9s 4h 2d  |
  ?[32mWhen ?[0m?[32mhands are evaluated?[0m                       ?[90m# dev.angzarr.examples.steps.HandSteps.handsAreEvaluated()?[0m
  ?[32mThen ?[0m?[32mplayer ?[0m?[32m?[1m"player-1"?[0m?[32m has ranking ?[0m?[32m?[1m"HIGH_CARD"?[0m ?[90m# dev.angzarr.examples.steps.HandSteps.playerHasRanking(java.lang.String,java.lang.String)?[0m
  ?[32mAnd ?[0m?[32mplayer ?[0m?[32m?[1m"player-2"?[0m?[32m has ranking ?[0m?[32m?[1m"PAIR"?[0m       ?[90m# dev.angzarr.examples.steps.HandSteps.playerHasRanking(java.lang.String,java.lang.String)?[0m
  ?[32mAnd ?[0m?[32mplayer ?[0m?[32m?[1m"player-2"?[0m?[32m wins?[0m                     ?[90m# dev.angzarr.examples.steps.HandSteps.playerWins(java.lang.String)?[0m

Scenario: Handler detects straight                                                               ?[90m# features/unit/hand.feature:371?[0m
  ?[32mGiven ?[0m?[32ma hand at showdown with player ?[0m?[32m?[1m"player-1"?[0m?[32m holding ?[0m?[32m?[1m"Th 9c"?[0m?[32m and community ?[0m?[32m?[1m"8d 7s 6h 2c 3d"?[0m ?[90m# dev.angzarr.examples.steps.HandSteps.handAtShowdownWithCards(java.lang.String,java.lang.String,java.lang.String)?[0m
  ?[32mWhen ?[0m?[32mI handle a RevealCards command for player ?[0m?[32m?[1m"player-1"?[0m?[32m with muck ?[0m?[32m?[1mfalse?[0m                      ?[90m# dev.angzarr.examples.steps.HandSteps.handleRevealCardsCommand(java.lang.String,java.lang.String)?[0m
  ?[32mThen ?[0m?[32mthe result is a examples.CardsRevealed event?[0m                                              ?[90m# dev.angzarr.examples.steps.HandSteps.resultIsCardsRevealedEvent()?[0m
  ?[32mAnd ?[0m?[32mthe revealed ranking is ?[0m?[32m?[1m"STRAIGHT"?[0m                                                         ?[90m# dev.angzarr.examples.steps.HandSteps.revealedRankingIs(java.lang.String)?[0m

Scenario: Handler detects wheel straight (A-2-3-4-5)                                             ?[90m# features/unit/hand.feature:377?[0m
  ?[32mGiven ?[0m?[32ma hand at showdown with player ?[0m?[32m?[1m"player-1"?[0m?[32m holding ?[0m?[32m?[1m"Ah 2c"?[0m?[32m and community ?[0m?[32m?[1m"3d 4s 5h Kc Qd"?[0m ?[90m# dev.angzarr.examples.steps.HandSteps.handAtShowdownWithCards(java.lang.String,java.lang.String,java.lang.String)?[0m
  ?[32mWhen ?[0m?[32mI handle a RevealCards command for player ?[0m?[32m?[1m"player-1"?[0m?[32m with muck ?[0m?[32m?[1mfalse?[0m                      ?[90m# dev.angzarr.examples.steps.HandSteps.handleRevealCardsCommand(java.lang.String,java.lang.String)?[0m
  ?[32mThen ?[0m?[32mthe result is a examples.CardsRevealed event?[0m                                              ?[90m# dev.angzarr.examples.steps.HandSteps.resultIsCardsRevealedEvent()?[0m
  ?[32mAnd ?[0m?[32mthe revealed ranking is ?[0m?[32m?[1m"STRAIGHT"?[0m                                                         ?[90m# dev.angzarr.examples.steps.HandSteps.revealedRankingIs(java.lang.String)?[0m

Scenario: Handler detects straight flush                                                         ?[90m# features/unit/hand.feature:383?[0m
  ?[32mGiven ?[0m?[32ma hand at showdown with player ?[0m?[32m?[1m"player-1"?[0m?[32m holding ?[0m?[32m?[1m"9h 8h"?[0m?[32m and community ?[0m?[32m?[1m"7h 6h 5h 2c 3d"?[0m ?[90m# dev.angzarr.examples.steps.HandSteps.handAtShowdownWithCards(java.lang.String,java.lang.String,java.lang.String)?[0m
  ?[32mWhen ?[0m?[32mI handle a RevealCards command for player ?[0m?[32m?[1m"player-1"?[0m?[32m with muck ?[0m?[32m?[1mfalse?[0m                      ?[90m# dev.angzarr.examples.steps.HandSteps.handleRevealCardsCommand(java.lang.String,java.lang.String)?[0m
  ?[32mThen ?[0m?[32mthe result is a examples.CardsRevealed event?[0m                                              ?[90m# dev.angzarr.examples.steps.HandSteps.resultIsCardsRevealedEvent()?[0m
  ?[32mAnd ?[0m?[32mthe revealed ranking is ?[0m?[32m?[1m"STRAIGHT_FLUSH"?[0m                                                   ?[90m# dev.angzarr.examples.steps.HandSteps.revealedRankingIs(java.lang.String)?[0m

Scenario: Handler detects royal flush                                                            ?[90m# features/unit/hand.feature:389?[0m
  ?[32mGiven ?[0m?[32ma hand at showdown with player ?[0m?[32m?[1m"player-1"?[0m?[32m holding ?[0m?[32m?[1m"As Ks"?[0m?[32m and community ?[0m?[32m?[1m"Qs Js Ts 2c 3d"?[0m ?[90m# dev.angzarr.examples.steps.HandSteps.handAtShowdownWithCards(java.lang.String,java.lang.String,java.lang.String)?[0m
  ?[32mWhen ?[0m?[32mI handle a RevealCards command for player ?[0m?[32m?[1m"player-1"?[0m?[32m with muck ?[0m?[32m?[1mfalse?[0m                      ?[90m# dev.angzarr.examples.steps.HandSteps.handleRevealCardsCommand(java.lang.String,java.lang.String)?[0m
  ?[32mThen ?[0m?[32mthe result is a examples.CardsRevealed event?[0m                                              ?[90m# dev.angzarr.examples.steps.HandSteps.resultIsCardsRevealedEvent()?[0m
  ?[32mAnd ?[0m?[32mthe revealed ranking is ?[0m?[32m?[1m"ROYAL_FLUSH"?[0m                                                      ?[90m# dev.angzarr.examples.steps.HandSteps.revealedRankingIs(java.lang.String)?[0m

Scenario: Handler detects four of a kind                                                         ?[90m# features/unit/hand.feature:395?[0m
  ?[32mGiven ?[0m?[32ma hand at showdown with player ?[0m?[32m?[1m"player-1"?[0m?[32m holding ?[0m?[32m?[1m"Kh Kd"?[0m?[32m and community ?[0m?[32m?[1m"Ks Kc 2h 3d 4s"?[0m ?[90m# dev.angzarr.examples.steps.HandSteps.handAtShowdownWithCards(java.lang.String,java.lang.String,java.lang.String)?[0m
  ?[32mWhen ?[0m?[32mI handle a RevealCards command for player ?[0m?[32m?[1m"player-1"?[0m?[32m with muck ?[0m?[32m?[1mfalse?[0m                      ?[90m# dev.angzarr.examples.steps.HandSteps.handleRevealCardsCommand(java.lang.String,java.lang.String)?[0m
  ?[32mThen ?[0m?[32mthe result is a examples.CardsRevealed event?[0m                                              ?[90m# dev.angzarr.examples.steps.HandSteps.resultIsCardsRevealedEvent()?[0m
  ?[32mAnd ?[0m?[32mthe revealed ranking is ?[0m?[32m?[1m"FOUR_OF_A_KIND"?[0m                                                   ?[90m# dev.angzarr.examples.steps.HandSteps.revealedRankingIs(java.lang.String)?[0m

Scenario: Handler detects full house                                                             ?[90m# features/unit/hand.feature:401?[0m
  ?[32mGiven ?[0m?[32ma hand at showdown with player ?[0m?[32m?[1m"player-1"?[0m?[32m holding ?[0m?[32m?[1m"Ah Ad"?[0m?[32m and community ?[0m?[32m?[1m"Ac 2d 2h 4s 6c"?[0m ?[90m# dev.angzarr.examples.steps.HandSteps.handAtShowdownWithCards(java.lang.String,java.lang.String,java.lang.String)?[0m
  ?[32mWhen ?[0m?[32mI handle a RevealCards command for player ?[0m?[32m?[1m"player-1"?[0m?[32m with muck ?[0m?[32m?[1mfalse?[0m                      ?[90m# dev.angzarr.examples.steps.HandSteps.handleRevealCardsCommand(java.lang.String,java.lang.String)?[0m
  ?[32mThen ?[0m?[32mthe result is a examples.CardsRevealed event?[0m                                              ?[90m# dev.angzarr.examples.steps.HandSteps.resultIsCardsRevealedEvent()?[0m
  ?[32mAnd ?[0m?[32mthe revealed ranking is ?[0m?[32m?[1m"FULL_HOUSE"?[0m                                                       ?[90m# dev.angzarr.examples.steps.HandSteps.revealedRankingIs(java.lang.String)?[0m

Scenario: Handler detects flush                                                                  ?[90m# features/unit/hand.feature:407?[0m
  ?[32mGiven ?[0m?[32ma hand at showdown with player ?[0m?[32m?[1m"player-1"?[0m?[32m holding ?[0m?[32m?[1m"Ah 7h"?[0m?[32m and community ?[0m?[32m?[1m"2h 4h 6h Kc Qd"?[0m ?[90m# dev.angzarr.examples.steps.HandSteps.handAtShowdownWithCards(java.lang.String,java.lang.String,java.lang.String)?[0m
  ?[32mWhen ?[0m?[32mI handle a RevealCards command for player ?[0m?[32m?[1m"player-1"?[0m?[32m with muck ?[0m?[32m?[1mfalse?[0m                      ?[90m# dev.angzarr.examples.steps.HandSteps.handleRevealCardsCommand(java.lang.String,java.lang.String)?[0m
  ?[32mThen ?[0m?[32mthe result is a examples.CardsRevealed event?[0m                                              ?[90m# dev.angzarr.examples.steps.HandSteps.resultIsCardsRevealedEvent()?[0m
  ?[32mAnd ?[0m?[32mthe revealed ranking is ?[0m?[32m?[1m"FLUSH"?[0m                                                            ?[90m# dev.angzarr.examples.steps.HandSteps.revealedRankingIs(java.lang.String)?[0m

Scenario: Handler detects three of a kind                                                        ?[90m# features/unit/hand.feature:413?[0m
  ?[32mGiven ?[0m?[32ma hand at showdown with player ?[0m?[32m?[1m"player-1"?[0m?[32m holding ?[0m?[32m?[1m"Jh Jd"?[0m?[32m and community ?[0m?[32m?[1m"Js 2c 4d 6h 8s"?[0m ?[90m# dev.angzarr.examples.steps.HandSteps.handAtShowdownWithCards(java.lang.String,java.lang.String,java.lang.String)?[0m
  ?[32mWhen ?[0m?[32mI handle a RevealCards command for player ?[0m?[32m?[1m"player-1"?[0m?[32m with muck ?[0m?[32m?[1mfalse?[0m                      ?[90m# dev.angzarr.examples.steps.HandSteps.handleRevealCardsCommand(java.lang.String,java.lang.String)?[0m
  ?[32mThen ?[0m?[32mthe result is a examples.CardsRevealed event?[0m                                              ?[90m# dev.angzarr.examples.steps.HandSteps.resultIsCardsRevealedEvent()?[0m
[...]
  ?[32mAnd ?[0m?[32mthe error message contains ?[0m?[32m?[1m"Buy-in must be at least"?[0m                          ?[90m# dev.angzarr.examples.steps.CommonSteps.errorMessageContains(java.lang.String)?[0m

Scenario: Cannot join full table                                                     ?[90m# features/unit/table.feature:104?[0m
  ?[32mGiven ?[0m?[32ma TableCreated event for ?[0m?[32m?[1m"Main Table"?[0m?[32m with max_players ?[0m?[32m?[1m2?[0m                     ?[90m# dev.angzarr.examples.steps.TableSteps.tableCreatedEventWithMaxPlayers(java.lang.String,int)?[0m
  ?[32mAnd ?[0m?[32ma PlayerJoined event for player ?[0m?[32m?[1m"player-1"?[0m?[32m at seat ?[0m?[32m?[1m0?[0m                           ?[90m# dev.angzarr.examples.steps.TableSteps.playerJoinedEventAtSeat(java.lang.String,int)?[0m
  ?[32mAnd ?[0m?[32ma PlayerJoined event for player ?[0m?[32m?[1m"player-2"?[0m?[32m at seat ?[0m?[32m?[1m1?[0m                           ?[90m# dev.angzarr.examples.steps.TableSteps.playerJoinedEventAtSeat(java.lang.String,int)?[0m
  ?[32mWhen ?[0m?[32mI handle a JoinTable command for player ?[0m?[32m?[1m"player-3"?[0m?[32m at seat ?[0m?[32m?[1m-1?[0m?[32m with buy-in ?[0m?[32m?[1m500?[0m ?[90m# dev.angzarr.examples.steps.TableSteps.handleJoinTableCommand(java.lang.String,int,int)?[0m
  ?[32mThen ?[0m?[32mthe command fails with status ?[0m?[32m?[1m"FAILED_PRECONDITION"?[0m                           ?[90m# dev.angzarr.examples.steps.CommonSteps.commandFailsWithStatus(java.lang.String)?[0m
  ?[32mAnd ?[0m?[32mthe error message contains ?[0m?[32m?[1m"Table is full"?[0m                                     ?[90m# dev.angzarr.examples.steps.CommonSteps.errorMessageContains(java.lang.String)?[0m

Scenario: Player leaves table                                             ?[90m# features/unit/table.feature:119?[0m
  ?[32mGiven ?[0m?[32ma TableCreated event for ?[0m?[32m?[1m"Main Table"?[0m                             ?[90m# dev.angzarr.examples.steps.TableSteps.tableCreatedEventFor(java.lang.String)?[0m
  ?[32mAnd ?[0m?[32ma PlayerJoined event for player ?[0m?[32m?[1m"player-1"?[0m?[32m at seat ?[0m?[32m?[1m3?[0m?[32m with stack ?[0m?[32m?[1m500?[0m ?[90m# dev.angzarr.examples.steps.TableSteps.playerJoinedEventAtSeatWithStack(java.lang.String,int,int)?[0m
  ?[32mWhen ?[0m?[32mI handle a LeaveTable command for player ?[0m?[32m?[1m"player-1"?[0m                ?[90m# dev.angzarr.examples.steps.TableSteps.handleLeaveTableCommand(java.lang.String)?[0m
  ?[32mThen ?[0m?[32mthe result is a examples.PlayerLeft event?[0m                          ?[90m# dev.angzarr.examples.steps.TableSteps.resultIsPlayerLeftEvent()?[0m
  ?[32mAnd ?[0m?[32mthe table event has chips_cashed_out ?[0m?[32m?[1m500?[0m                            ?[90m# dev.angzarr.examples.steps.TableSteps.tableEventHasChipsCashedOut(int)?[0m

Scenario: Cannot leave during hand                         ?[90m# features/unit/table.feature:126?[0m
  ?[32mGiven ?[0m?[32ma TableCreated event for ?[0m?[32m?[1m"Main Table"?[0m              ?[90m# dev.angzarr.examples.steps.TableSteps.tableCreatedEventFor(java.lang.String)?[0m
  ?[32mAnd ?[0m?[32ma PlayerJoined event for player ?[0m?[32m?[1m"player-1"?[0m?[32m at seat ?[0m?[32m?[1m0?[0m ?[90m# dev.angzarr.examples.steps.TableSteps.playerJoinedEventAtSeat(java.lang.String,int)?[0m
  ?[32mAnd ?[0m?[32ma PlayerJoined event for player ?[0m?[32m?[1m"player-2"?[0m?[32m at seat ?[0m?[32m?[1m1?[0m ?[90m# dev.angzarr.examples.steps.TableSteps.playerJoinedEventAtSeat(java.lang.String,int)?[0m
  ?[32mAnd ?[0m?[32ma HandStarted event for hand ?[0m?[32m?[1m1?[0m                       ?[90m# dev.angzarr.examples.steps.TableSteps.handStartedEventForHand(int)?[0m
  ?[32mWhen ?[0m?[32mI handle a LeaveTable command for player ?[0m?[32m?[1m"player-1"?[0m ?[90m# dev.angzarr.examples.steps.TableSteps.handleLeaveTableCommand(java.lang.String)?[0m
  ?[32mThen ?[0m?[32mthe command fails with status ?[0m?[32m?[1m"FAILED_PRECONDITION"?[0m ?[90m# dev.angzarr.examples.steps.CommonSteps.commandFailsWithStatus(java.lang.String)?[0m
  ?[32mAnd ?[0m?[32mthe error message contains ?[0m?[32m?[1m"during a hand"?[0m           ?[90m# dev.angzarr.examples.steps.CommonSteps.errorMessageContains(java.lang.String)?[0m

Scenario: Cannot leave table not joined                    ?[90m# features/unit/table.feature:135?[0m
  ?[32mGiven ?[0m?[32ma TableCreated event for ?[0m?[32m?[1m"Main Table"?[0m              ?[90m# dev.angzarr.examples.steps.TableSteps.tableCreatedEventFor(java.lang.String)?[0m
  ?[32mWhen ?[0m?[32mI handle a LeaveTable command for player ?[0m?[32m?[1m"player-1"?[0m ?[90m# dev.angzarr.examples.steps.TableSteps.handleLeaveTableCommand(java.lang.String)?[0m
  ?[32mThen ?[0m?[32mthe command fails with status ?[0m?[32m?[1m"FAILED_PRECONDITION"?[0m ?[90m# dev.angzarr.examples.steps.CommonSteps.commandFailsWithStatus(java.lang.String)?[0m
  ?[32mAnd ?[0m?[32mthe error message contains ?[0m?[32m?[1m"not seated"?[0m              ?[90m# dev.angzarr.examples.steps.CommonSteps.errorMessageContains(java.lang.String)?[0m

Scenario: Start a new hand                                                ?[90m# features/unit/table.feature:148?[0m
  ?[32mGiven ?[0m?[32ma TableCreated event for ?[0m?[32m?[1m"Main Table"?[0m                             ?[90m# dev.angzarr.examples.steps.TableSteps.tableCreatedEventFor(java.lang.String)?[0m
  ?[32mAnd ?[0m?[32ma PlayerJoined event for player ?[0m?[32m?[1m"player-1"?[0m?[32m at seat ?[0m?[32m?[1m0?[0m?[32m with stack ?[0m?[32m?[1m500?[0m ?[90m# dev.angzarr.examples.steps.TableSteps.playerJoinedEventAtSeatWithStack(java.lang.String,int,int)?[0m
  ?[32mAnd ?[0m?[32ma PlayerJoined event for player ?[0m?[32m?[1m"player-2"?[0m?[32m at seat ?[0m?[32m?[1m1?[0m?[32m with stack ?[0m?[32m?[1m500?[0m ?[90m# dev.angzarr.examples.steps.TableSteps.playerJoinedEventAtSeatWithStack(java.lang.String,int,int)?[0m
  ?[32mWhen ?[0m?[32mI handle a StartHand command?[0m                                       ?[90m# dev.angzarr.examples.steps.TableSteps.handleStartHandCommand()?[0m
  ?[32mThen ?[0m?[32mthe result is a examples.HandStarted event?[0m                         ?[90m# dev.angzarr.examples.steps.TableSteps.resultIsHandStartedEvent()?[0m
  ?[32mAnd ?[0m?[32mthe table event has hand_number ?[0m?[32m?[1m1?[0m                                   ?[90m# dev.angzarr.examples.steps.TableSteps.tableEventHasHandNumber(int)?[0m
  ?[32mAnd ?[0m?[32mthe table event has ?[0m?[32m?[1m2?[0m?[32m active_players?[0m                                ?[90m# dev.angzarr.examples.steps.TableSteps.tableEventHasActivePlayers(int)?[0m

Scenario: Dealer button advances each hand                 ?[90m# features/unit/table.feature:157?[0m
  ?[32mGiven ?[0m?[32ma TableCreated event for ?[0m?[32m?[1m"Main Table"?[0m              ?[90m# dev.angzarr.examples.steps.TableSteps.tableCreatedEventFor(java.lang.String)?[0m
  ?[32mAnd ?[0m?[32ma PlayerJoined event for player ?[0m?[32m?[1m"player-1"?[0m?[32m at seat ?[0m?[32m?[1m0?[0m ?[90m# dev.angzarr.examples.steps.TableSteps.playerJoinedEventAtSeat(java.lang.String,int)?[0m
  ?[32mAnd ?[0m?[32ma PlayerJoined event for player ?[0m?[32m?[1m"player-2"?[0m?[32m at seat ?[0m?[32m?[1m1?[0m ?[90m# dev.angzarr.examples.steps.TableSteps.playerJoinedEventAtSeat(java.lang.String,int)?[0m
  ?[32mAnd ?[0m?[32ma HandStarted event for hand ?[0m?[32m?[1m1?[0m?[32m with dealer at seat ?[0m?[32m?[1m0?[0m ?[90m# dev.angzarr.examples.steps.TableSteps.handStartedEventWithDealer(int,int)?[0m
  ?[32mAnd ?[0m?[32ma HandEnded event for hand ?[0m?[32m?[1m1?[0m                         ?[90m# dev.angzarr.examples.steps.TableSteps.handEndedEventForHand(int)?[0m
  ?[32mWhen ?[0m?[32mI handle a StartHand command?[0m                        ?[90m# dev.angzarr.examples.steps.TableSteps.handleStartHandCommand()?[0m
  ?[32mThen ?[0m?[32mthe result is a examples.HandStarted event?[0m          ?[90m# dev.angzarr.examples.steps.TableSteps.resultIsHandStartedEvent()?[0m
  ?[32mAnd ?[0m?[32mthe table event has hand_number ?[0m?[32m?[1m2?[0m                    ?[90m# dev.angzarr.examples.steps.TableSteps.tableEventHasHandNumber(int)?[0m
  ?[32mAnd ?[0m?[32mthe table event has dealer_position ?[0m?[32m?[1m1?[0m                ?[90m# dev.angzarr.examples.steps.TableSteps.tableEventHasDealerPosition(int)?[0m

Scenario: Cannot start hand with fewer than 2 players      ?[90m# features/unit/table.feature:168?[0m
  ?[32mGiven ?[0m?[32ma TableCreated event for ?[0m?[32m?[1m"Main Table"?[0m              ?[90m# dev.angzarr.examples.steps.TableSteps.tableCreatedEventFor(java.lang.String)?[0m
  ?[32mAnd ?[0m?[32ma PlayerJoined event for player ?[0m?[32m?[1m"player-1"?[0m?[32m at seat ?[0m?[32m?[1m0?[0m ?[90m# dev.angzarr.examples.steps.TableSteps.playerJoinedEventAtSeat(java.lang.String,int)?[0m
  ?[32mWhen ?[0m?[32mI handle a StartHand command?[0m                        ?[90m# dev.angzarr.examples.steps.TableSteps.handleStartHandCommand()?[0m
  ?[32mThen ?[0m?[32mthe command fails with status ?[0m?[32m?[1m"FAILED_PRECONDITION"?[0m ?[90m# dev.angzarr.examples.steps.CommonSteps.commandFailsWithStatus(java.lang.String)?[0m
  ?[32mAnd ?[0m?[32mthe error message contains ?[0m?[32m?[1m"Not enough players"?[0m      ?[90m# dev.angzarr.examples.steps.CommonSteps.errorMessageContains(java.lang.String)?[0m

Scenario: Cannot start hand while one is in progress       ?[90m# features/unit/table.feature:175?[0m
  ?[32mGiven ?[0m?[32ma TableCreated event for ?[0m?[32m?[1m"Main Table"?[0m              ?[90m# dev.angzarr.examples.steps.TableSteps.tableCreatedEventFor(java.lang.String)?[0m
  ?[32mAnd ?[0m?[32ma PlayerJoined event for player ?[0m?[32m?[1m"player-1"?[0m?[32m at seat ?[0m?[32m?[1m0?[0m ?[90m# dev.angzarr.examples.steps.TableSteps.playerJoinedEventAtSeat(java.lang.String,int)?[0m
  ?[32mAnd ?[0m?[32ma PlayerJoined event for player ?[0m?[32m?[1m"player-2"?[0m?[32m at seat ?[0m?[32m?[1m1?[0m ?[90m# dev.angzarr.examples.steps.TableSteps.playerJoinedEventAtSeat(java.lang.String,int)?[0m
  ?[32mAnd ?[0m?[32ma HandStarted event for hand ?[0m?[32m?[1m1?[0m                       ?[90m# dev.angzarr.examples.steps.TableSteps.handStartedEventForHand(int)?[0m
  ?[32mWhen ?[0m?[32mI handle a StartHand command?[0m                        ?[90m# dev.angzarr.examples.steps.TableSteps.handleStartHandCommand()?[0m
  ?[32mThen ?[0m?[32mthe command fails with status ?[0m?[32m?[1m"FAILED_PRECONDITION"?[0m ?[90m# dev.angzarr.examples.steps.CommonSteps.commandFailsWithStatus(java.lang.String)?[0m
  ?[32mAnd ?[0m?[32mthe error message contains ?[0m?[32m?[1m"already in progress"?[0m     ?[90m# dev.angzarr.examples.steps.CommonSteps.errorMessageContains(java.lang.String)?[0m

Scenario: End hand and update stacks                                      ?[90m# features/unit/table.feature:191?[0m
  ?[32mGiven ?[0m?[32ma TableCreated event for ?[0m?[32m?[1m"Main Table"?[0m                             ?[90m# dev.angzarr.examples.steps.TableSteps.tableCreatedEventFor(java.lang.String)?[0m
  ?[32mAnd ?[0m?[32ma PlayerJoined event for player ?[0m?[32m?[1m"player-1"?[0m?[32m at seat ?[0m?[32m?[1m0?[0m?[32m with stack ?[0m?[32m?[1m500?[0m ?[90m# dev.angzarr.examples.steps.TableSteps.playerJoinedEventAtSeatWithStack(java.lang.String,int,int)?[0m
  ?[32mAnd ?[0m?[32ma PlayerJoined event for player ?[0m?[32m?[1m"player-2"?[0m?[32m at seat ?[0m?[32m?[1m1?[0m?[32m with stack ?[0m?[32m?[1m500?[0m ?[90m# dev.angzarr.examples.steps.TableSteps.playerJoinedEventAtSeatWithStack(java.lang.String,int,int)?[0m
  ?[32mAnd ?[0m?[32ma HandStarted event for hand ?[0m?[32m?[1m1?[0m                                      ?[90m# dev.angzarr.examples.steps.TableSteps.handStartedEventForHand(int)?[0m
  ?[32mWhen ?[0m?[32mI handle an EndHand command with winner ?[0m?[32m?[1m"player-1"?[0m?[32m winning ?[0m?[32m?[1m50?[0m      ?[90m# dev.angzarr.examples.steps.TableSteps.handleEndHandCommand(java.lang.String,int)?[0m
  ?[32mThen ?[0m?[32mthe result is a examples.HandEnded event?[0m                           ?[90m# dev.angzarr.examples.steps.TableSteps.resultIsHandEndedEvent()?[0m
  ?[32mAnd ?[0m?[32mplayer ?[0m?[32m?[1m"player-1"?[0m?[32m stack change is ?[0m?[32m?[1m50?[0m                                ?[90m# dev.angzarr.examples.steps.TableSteps.playerStackChangeIs(java.lang.String,int)?[0m

Scenario: Cannot end hand not in progress                            ?[90m# features/unit/table.feature:200?[0m
  ?[32mGiven ?[0m?[32ma TableCreated event for ?[0m?[32m?[1m"Main Table"?[0m                        ?[90m# dev.angzarr.examples.steps.TableSteps.tableCreatedEventFor(java.lang.String)?[0m
  ?[32mAnd ?[0m?[32ma PlayerJoined event for player ?[0m?[32m?[1m"player-1"?[0m?[32m at seat ?[0m?[32m?[1m0?[0m           ?[90m# dev.angzarr.examples.steps.TableSteps.playerJoinedEventAtSeat(java.lang.String,int)?[0m
  ?[32mAnd ?[0m?[32ma PlayerJoined event for player ?[0m?[32m?[1m"player-2"?[0m?[32m at seat ?[0m?[32m?[1m1?[0m           ?[90m# dev.angzarr.examples.steps.TableSteps.playerJoinedEventAtSeat(java.lang.String,int)?[0m
  ?[32mWhen ?[0m?[32mI handle an EndHand command with winner ?[0m?[32m?[1m"player-1"?[0m?[32m winning ?[0m?[32m?[1m50?[0m ?[90m# dev.angzarr.examples.steps.TableSteps.handleEndHandCommand(java.lang.String,int)?[0m
  ?[32mThen ?[0m?[32mthe command fails with status ?[0m?[32m?[1m"FAILED_PRECONDITION"?[0m           ?[90m# dev.angzarr.examples.steps.CommonSteps.commandFailsWithStatus(java.lang.String)?[0m
  ?[32mAnd ?[0m?[32mthe error message contains ?[0m?[32m?[1m"No hand in progress"?[0m               ?[90m# dev.angzarr.examples.steps.CommonSteps.errorMessageContains(java.lang.String)?[0m

Scenario: End hand updates player stacks with wins and losses             ?[90m# features/unit/table.feature:208?[0m
  ?[32mGiven ?[0m?[32ma TableCreated event for ?[0m?[32m?[1m"Main Table"?[0m                             ?[90m# dev.angzarr.examples.steps.TableSteps.tableCreatedEventFor(java.lang.String)?[0m
  ?[32mAnd ?[0m?[32ma PlayerJoined event for player ?[0m?[32m?[1m"player-1"?[0m?[32m at seat ?[0m?[32m?[1m0?[0m?[32m with stack ?[0m?[32m?[1m500?[0m ?[90m# dev.angzarr.examples.steps.TableSteps.playerJoinedEventAtSeatWithStack(java.lang.String,int,int)?[0m
  ?[32mAnd ?[0m?[32ma PlayerJoined event for player ?[0m?[32m?[1m"player-2"?[0m?[32m at seat ?[0m?[32m?[1m1?[0m?[32m with stack ?[0m?[32m?[1m500?[0m ?[90m# dev.angzarr.examples.steps.TableSteps.playerJoinedEventAtSeatWithStack(java.lang.String,int,int)?[0m
  ?[32mAnd ?[0m?[32ma HandStarted event for hand ?[0m?[32m?[1m1?[0m                                      ?[90m# dev.angzarr.examples.steps.TableSteps.handStartedEventForHand(int)?[0m
  ?[32mWhen ?[0m?[32mI handle an EndHand command with results:?[0m                          ?[90m# dev.angzarr.examples.steps.TableSteps.handleEndHandCommandWithResults(io.cucumber.datatable.DataTable)?[0m
    | player   | change |
    | player-1 | 150    |
    | player-2 | -150   |
  ?[32mThen ?[0m?[32mthe result is a examples.HandEnded event?[0m                           ?[90m# dev.angzarr.examples.steps.TableSteps.resultIsHandEndedEvent()?[0m
  ?[32mAnd ?[0m?[32mplayer ?[0m?[32m?[1m"player-1"?[0m?[32m stack change is ?[0m?[32m?[1m150?[0m                               ?[90m# dev.angzarr.examples.steps.TableSteps.playerStackChangeIs(java.lang.String,int)?[0m
  ?[32mAnd ?[0m?[32mplayer ?[0m?[32m?[1m"player-2"?[0m?[32m stack change is ?[0m?[32m?[1m-150?[0m                              ?[90m# dev.angzarr.examples.steps.TableSteps.playerStackChangeIs(java.lang.String,int)?[0m

Scenario: Rebuild state with multiple players                             ?[90m# features/unit/table.feature:227?[0m
  ?[32mGiven ?[0m?[32ma TableCreated event for ?[0m?[32m?[1m"Main Table"?[0m                             ?[90m# dev.angzarr.examples.steps.TableSteps.tableCreatedEventFor(java.lang.String)?[0m
  ?[32mAnd ?[0m?[32ma PlayerJoined event for player ?[0m?[32m?[1m"player-1"?[0m?[32m at seat ?[0m?[32m?[1m0?[0m?[32m with stack ?[0m?[32m?[1m500?[0m ?[90m# dev.angzarr.examples.steps.TableSteps.playerJoinedEventAtSeatWithStack(java.lang.String,int,int)?[0m
  ?[32mAnd ?[0m?[32ma PlayerJoined event for player ?[0m?[32m?[1m"player-2"?[0m?[32m at seat ?[0m?[32m?[1m3?[0m?[32m with stack ?[0m?[32m?[1m800?[0m ?[90m# dev.angzarr.examples.steps.TableSteps.playerJoinedEventAtSeatWithStack(java.lang.String,int,int)?[0m
  ?[32mWhen ?[0m?[32mI rebuild the table state?[0m                                          ?[90m# dev.angzarr.examples.steps.TableSteps.rebuildTableState()?[0m
  ?[32mThen ?[0m?[32mthe table state has ?[0m?[32m?[1m2?[0m?[32m players?[0m                                      ?[90m# dev.angzarr.examples.steps.TableSteps.tableStateHasPlayers(int)?[0m
  ?[31mAnd ?[0m?[31mthe table state has seat ?[0m?[31m?[1m0?[0m?[31m occupied by ?[0m?[31m?[1m"player-1"?[0m                   ?[90m# dev.angzarr.examples.steps.TableSteps.tableStateHasSeatOccupiedBy(int,java.lang.String)?[0m
      ?[31morg.opentest4j.AssertionFailedError: 
expected: "706c617965722d31"
 but was: dev.angzarr.examples.table.state.SeatState@6682e6a5
	at java.base/jdk.internal.reflect.DirectConstructorHandleAccessor.newInstance(DirectConstructorHandleAccessor.java:62)
	at java.base/java.lang.reflect.Constructor.newInstanceWithCaller(Constructor.java:502)
	at dev.angzarr.examples.steps.TableSteps.tableStateHasSeatOccupiedBy(TableSteps.java:349)
	at ✽.the table state has seat 0 occupied by "player-1"(classpath:features/unit/table.feature:233)
?[0m
  ?[36mAnd ?[0m?[36mthe table state has seat ?[0m?[36m?[1m3?[0m?[36m occupied by ?[0m?[36m?[1m"player-2"?[0m                   ?[90m# dev.angzarr.examples.steps.TableSteps.tableStateHasSeatOccupiedBy(int,java.lang.String)?[0m
  ?[36mAnd ?[0m?[36mthe table state has status ?[0m?[36m?[1m"waiting"?[0m                                ?[90m# dev.angzarr.examples.steps.TableSteps.tableStateHasStatus(java.lang.String)?[0m

Scenario: Rebuild state during hand                        ?[90m# features/unit/table.feature:237?[0m
  ?[32mGiven ?[0m?[32ma TableCreated event for ?[0m?[32m?[1m"Main Table"?[0m              ?[90m# dev.angzarr.examples.steps.TableSteps.tableCreatedEventFor(java.lang.String)?[0m
  ?[32mAnd ?[0m?[32ma PlayerJoined event for player ?[0m?[32m?[1m"player-1"?[0m?[32m at seat ?[0m?[32m?[1m0?[0m ?[90m# dev.angzarr.examples.steps.TableSteps.playerJoinedEventAtSeat(java.lang.String,int)?[0m
  ?[32mAnd ?[0m?[32ma PlayerJoined event for player ?[0m?[32m?[1m"player-2"?[0m?[32m at seat ?[0m?[32m?[1m1?[0m ?[90m# dev.angzarr.examples.steps.TableSteps.playerJoinedEventAtSeat(java.lang.String,int)?[0m
  ?[32mAnd ?[0m?[32ma HandStarted event for hand ?[0m?[32m?[1m1?[0m                       ?[90m# dev.angzarr.examples.steps.TableSteps.handStartedEventForHand(int)?[0m
  ?[32mWhen ?[0m?[32mI rebuild the table state?[0m                           ?[90m# dev.angzarr.examples.steps.TableSteps.rebuildTableState()?[0m
  ?[32mThen ?[0m?[32mthe table state has status ?[0m?[32m?[1m"in_hand"?[0m                ?[90m# dev.angzarr.examples.steps.TableSteps.tableStateHasStatus(java.lang.String)?[0m
  ?[32mAnd ?[0m?[32mthe table state has hand_count ?[0m?[32m?[1m1?[0m                     ?[90m# dev.angzarr.examples.steps.TableSteps.tableStateHasHandCount(int)?[0m
]]></system-out>
  <system-err><![CDATA[WARNING: A Java agent has been loaded dynamically (/home/babbitt/.gradle/caches/modules-2/files-2.1/net.bytebuddy/byte-buddy-agent/1.14.9/dfb8707031008535048bad2b69735f46d0b6c5e5/byte-buddy-agent-1.14.9.jar)
WARNING: If a serviceability tool is in use, please run with -XX:+EnableDynamicAgentLoading to hide this warning
WARNING: If a serviceability tool is not in use, please run with -Djdk.instrument.traceUsage for more information
WARNING: Dynamic loading of agents will be disallowed by default in a future release
]]></system-err>
</testsuite>
