<?xml version="1.0" encoding="UTF-8"?>
<testsuite name="dev.angzarr.examples.player.handlers.DepositHandlerTest" tests="3" skipped="0" failures="0" errors="0" timestamp="2026-04-09T01:04:57" hostname="DESKTOP-GJ1OCQP" time="0.023">
  <properties/>
  <testcase name="testDepositIncreasesBankroll()" classname="dev.angzarr.examples.player.handlers.DepositHandlerTest" time="0.019"/>
  <testcase name="testDepositRejectsZeroAmount()" classname="dev.angzarr.examples.player.handlers.DepositHandlerTest" time="0.001"/>
  <testcase name="testDepositRejectsNonExistentPlayer()" classname="dev.angzarr.examples.player.handlers.DepositHandlerTest" time="0.001"/>
  <system-out><![CDATA[]]></system-out>
  <system-err><![CDATA[]]></system-err>
</testsuite>
