<?xml version="1.0" encoding="UTF-8"?>
<testsuite name="dev.angzarr.examples.player.handlers.DepositHandlerTest" tests="3" skipped="0" failures="0" errors="0" timestamp="2026-03-10T15:29:18" hostname="DESKTOP-GJ1OCQP" time="0.029">
  <properties/>
  <testcase name="testDepositIncreasesBankroll()" classname="dev.angzarr.examples.player.handlers.DepositHandlerTest" time="0.024"/>
  <testcase name="testDepositRejectsZeroAmount()" classname="dev.angzarr.examples.player.handlers.DepositHandlerTest" time="0.001"/>
  <testcase name="testDepositRejectsNonExistentPlayer()" classname="dev.angzarr.examples.player.handlers.DepositHandlerTest" time="0.002"/>
  <system-out><![CDATA[]]></system-out>
  <system-err><![CDATA[]]></system-err>
</testsuite>
